This is pdfTeX, Version 3.14159265-2.6-1.40.20 (TeX Live 2019/Debian) (preloaded format=pdflatex 2020.5.5)  2 JUN 2021 05:51
entering extended mode
 restricted \write18 enabled.
 %&-line parsing enabled.
**07-Learning.tex
(./07-Learning.tex
LaTeX2e <2020-02-02> patch level 2
L3 programming layer <2020-02-14>
(/usr/share/texlive/texmf-dist/tex/latex/beamer/beamer.cls
Document Class: beamer 2019/09/29 v3.57 A class for typesetting presentations
(/usr/share/texlive/texmf-dist/tex/latex/beamer/beamerbasemodes.sty
(/usr/share/texlive/texmf-dist/tex/latex/etoolbox/etoolbox.sty
Package: etoolbox 2019/09/21 v2.5h e-TeX tools for LaTeX (JAW)
\etb@tempcnta=\count167
)
\beamer@tempbox=\box45
\beamer@tempcount=\count168
\c@beamerpauses=\count169

(/usr/share/texlive/texmf-dist/tex/latex/beamer/beamerbasedecode.sty
\beamer@slideinframe=\count170
\beamer@minimum=\count171
\beamer@decode@box=\box46
)
\beamer@commentbox=\box47
\beamer@modecount=\count172
)
(/usr/share/texlive/texmf-dist/tex/generic/iftex/ifpdf.sty
Package: ifpdf 2019/10/25 v3.4 ifpdf legacy package. Use iftex instead.

(/usr/share/texlive/texmf-dist/tex/generic/iftex/iftex.sty
Package: iftex 2019/11/07 v1.0c TeX engine tests
))
\headdp=\dimen134
\footheight=\dimen135
\sidebarheight=\dimen136
\beamer@tempdim=\dimen137
\beamer@finalheight=\dimen138
\beamer@animht=\dimen139
\beamer@animdp=\dimen140
\beamer@animwd=\dimen141
\beamer@leftmargin=\dimen142
\beamer@rightmargin=\dimen143
\beamer@leftsidebar=\dimen144
\beamer@rightsidebar=\dimen145
\beamer@boxsize=\dimen146
\beamer@vboxoffset=\dimen147
\beamer@descdefault=\dimen148
\beamer@descriptionwidth=\dimen149
\beamer@lastskip=\skip47
\beamer@areabox=\box48
\beamer@animcurrent=\box49
\beamer@animshowbox=\box50
\beamer@sectionbox=\box51
\beamer@logobox=\box52
\beamer@linebox=\box53
\beamer@sectioncount=\count173
\beamer@subsubsectionmax=\count174
\beamer@subsectionmax=\count175
\beamer@sectionmax=\count176
\beamer@totalheads=\count177
\beamer@headcounter=\count178
\beamer@partstartpage=\count179
\beamer@sectionstartpage=\count180
\beamer@subsectionstartpage=\count181
\beamer@animationtempa=\count182
\beamer@animationtempb=\count183
\beamer@xpos=\count184
\beamer@ypos=\count185
\beamer@ypos@offset=\count186
\beamer@showpartnumber=\count187
\beamer@currentsubsection=\count188
\beamer@coveringdepth=\count189
\beamer@sectionadjust=\count190
\beamer@tocsectionnumber=\count191

(/usr/share/texlive/texmf-dist/tex/latex/beamer/beamerbaseoptions.sty
(/usr/share/texlive/texmf-dist/tex/latex/graphics/keyval.sty
Package: keyval 2014/10/28 v1.15 key=value parser (DPC)
\KV@toks@=\toks14
))
\beamer@paperwidth=\skip48
\beamer@paperheight=\skip49

(/usr/share/texlive/texmf-dist/tex/latex/geometry/geometry.sty
Package: geometry 2020/01/02 v5.9 Page Geometry

(/usr/share/texlive/texmf-dist/tex/generic/iftex/ifvtex.sty
Package: ifvtex 2019/10/25 v1.7 ifvtex legacy package. Use iftex instead.
)
\Gm@cnth=\count192
\Gm@cntv=\count193
\c@Gm@tempcnt=\count194
\Gm@bindingoffset=\dimen150
\Gm@wd@mp=\dimen151
\Gm@odd@mp=\dimen152
\Gm@even@mp=\dimen153
\Gm@layoutwidth=\dimen154
\Gm@layoutheight=\dimen155
\Gm@layouthoffset=\dimen156
\Gm@layoutvoffset=\dimen157
\Gm@dimlist=\toks15
)
(/usr/share/texlive/texmf-dist/tex/latex/base/size11.clo
File: size11.clo 2019/12/20 v1.4l Standard LaTeX file (size option)
)
(/usr/share/texlive/texmf-dist/tex/latex/pgf/basiclayer/pgfcore.sty
(/usr/share/texlive/texmf-dist/tex/latex/graphics/graphicx.sty
Package: graphicx 2019/11/30 v1.2a Enhanced LaTeX Graphics (DPC,SPQR)

(/usr/share/texlive/texmf-dist/tex/latex/graphics/graphics.sty
Package: graphics 2019/11/30 v1.4a Standard LaTeX Graphics (DPC,SPQR)

(/usr/share/texlive/texmf-dist/tex/latex/graphics/trig.sty
Package: trig 2016/01/03 v1.10 sin cos tan (DPC)
)
(/usr/share/texlive/texmf-dist/tex/latex/graphics-cfg/graphics.cfg
File: graphics.cfg 2016/06/04 v1.11 sample graphics configuration
)
Package graphics Info: Driver file: pdftex.def on input line 105.

(/usr/share/texlive/texmf-dist/tex/latex/graphics-def/pdftex.def
File: pdftex.def 2018/01/08 v1.0l Graphics/color driver for pdftex
))
\Gin@req@height=\dimen158
\Gin@req@width=\dimen159
)
(/usr/share/texlive/texmf-dist/tex/latex/pgf/systemlayer/pgfsys.sty
(/usr/share/texlive/texmf-dist/tex/latex/pgf/utilities/pgfrcs.sty
(/usr/share/texlive/texmf-dist/tex/generic/pgf/utilities/pgfutil-common.tex
\pgfutil@everybye=\toks16
\pgfutil@tempdima=\dimen160
\pgfutil@tempdimb=\dimen161

(/usr/share/texlive/texmf-dist/tex/generic/pgf/utilities/pgfutil-common-lists.t
ex)) (/usr/share/texlive/texmf-dist/tex/generic/pgf/utilities/pgfutil-latex.def
\pgfutil@abb=\box54
(/usr/share/texlive/texmf-dist/tex/latex/ms/everyshi.sty
Package: everyshi 2001/05/15 v3.00 EveryShipout Package (MS)
))
(/usr/share/texlive/texmf-dist/tex/generic/pgf/utilities/pgfrcs.code.tex
(/usr/share/texlive/texmf-dist/tex/generic/pgf/pgf.revision.tex)
Package: pgfrcs 2020/01/08 v3.1.5b (3.1.5b)
))
(/usr/share/texlive/texmf-dist/tex/generic/pgf/systemlayer/pgfsys.code.tex
Package: pgfsys 2020/01/08 v3.1.5b (3.1.5b)

(/usr/share/texlive/texmf-dist/tex/generic/pgf/utilities/pgfkeys.code.tex
\pgfkeys@pathtoks=\toks17
\pgfkeys@temptoks=\toks18

(/usr/share/texlive/texmf-dist/tex/generic/pgf/utilities/pgfkeysfiltered.code.t
ex
\pgfkeys@tmptoks=\toks19
))
\pgf@x=\dimen162
\pgf@y=\dimen163
\pgf@xa=\dimen164
\pgf@ya=\dimen165
\pgf@xb=\dimen166
\pgf@yb=\dimen167
\pgf@xc=\dimen168
\pgf@yc=\dimen169
\pgf@xd=\dimen170
\pgf@yd=\dimen171
\w@pgf@writea=\write3
\r@pgf@reada=\read2
\c@pgf@counta=\count195
\c@pgf@countb=\count196
\c@pgf@countc=\count197
\c@pgf@countd=\count198
\t@pgf@toka=\toks20
\t@pgf@tokb=\toks21
\t@pgf@tokc=\toks22
\pgf@sys@id@count=\count199
 (/usr/share/texlive/texmf-dist/tex/generic/pgf/systemlayer/pgf.cfg
File: pgf.cfg 2020/01/08 v3.1.5b (3.1.5b)
)
Driver file for pgf: pgfsys-pdftex.def

(/usr/share/texlive/texmf-dist/tex/generic/pgf/systemlayer/pgfsys-pdftex.def
File: pgfsys-pdftex.def 2020/01/08 v3.1.5b (3.1.5b)

(/usr/share/texlive/texmf-dist/tex/generic/pgf/systemlayer/pgfsys-common-pdf.de
f
File: pgfsys-common-pdf.def 2020/01/08 v3.1.5b (3.1.5b)
)))
(/usr/share/texlive/texmf-dist/tex/generic/pgf/systemlayer/pgfsyssoftpath.code.
tex
File: pgfsyssoftpath.code.tex 2020/01/08 v3.1.5b (3.1.5b)
\pgfsyssoftpath@smallbuffer@items=\count266
\pgfsyssoftpath@bigbuffer@items=\count267
)
(/usr/share/texlive/texmf-dist/tex/generic/pgf/systemlayer/pgfsysprotocol.code.
tex
File: pgfsysprotocol.code.tex 2020/01/08 v3.1.5b (3.1.5b)
)) (/usr/share/texlive/texmf-dist/tex/latex/xcolor/xcolor.sty
Package: xcolor 2016/05/11 v2.12 LaTeX color extensions (UK)

(/usr/share/texlive/texmf-dist/tex/latex/graphics-cfg/color.cfg
File: color.cfg 2016/01/02 v1.6 sample color configuration
)
Package xcolor Info: Driver file: pdftex.def on input line 225.
Package xcolor Info: Model `cmy' substituted by `cmy0' on input line 1348.
Package xcolor Info: Model `hsb' substituted by `rgb' on input line 1352.
Package xcolor Info: Model `RGB' extended on input line 1364.
Package xcolor Info: Model `HTML' substituted by `rgb' on input line 1366.
Package xcolor Info: Model `Hsb' substituted by `hsb' on input line 1367.
Package xcolor Info: Model `tHsb' substituted by `hsb' on input line 1368.
Package xcolor Info: Model `HSB' substituted by `hsb' on input line 1369.
Package xcolor Info: Model `Gray' substituted by `gray' on input line 1370.
Package xcolor Info: Model `wave' substituted by `hsb' on input line 1371.
)
(/usr/share/texlive/texmf-dist/tex/generic/pgf/basiclayer/pgfcore.code.tex
Package: pgfcore 2020/01/08 v3.1.5b (3.1.5b)

(/usr/share/texlive/texmf-dist/tex/generic/pgf/math/pgfmath.code.tex
(/usr/share/texlive/texmf-dist/tex/generic/pgf/math/pgfmathcalc.code.tex
(/usr/share/texlive/texmf-dist/tex/generic/pgf/math/pgfmathutil.code.tex)
(/usr/share/texlive/texmf-dist/tex/generic/pgf/math/pgfmathparser.code.tex
\pgfmath@dimen=\dimen172
\pgfmath@count=\count268
\pgfmath@box=\box55
\pgfmath@toks=\toks23
\pgfmath@stack@operand=\toks24
\pgfmath@stack@operation=\toks25
)
(/usr/share/texlive/texmf-dist/tex/generic/pgf/math/pgfmathfunctions.code.tex
(/usr/share/texlive/texmf-dist/tex/generic/pgf/math/pgfmathfunctions.basic.code
.tex)
(/usr/share/texlive/texmf-dist/tex/generic/pgf/math/pgfmathfunctions.trigonomet
ric.code.tex)
(/usr/share/texlive/texmf-dist/tex/generic/pgf/math/pgfmathfunctions.random.cod
e.tex)
(/usr/share/texlive/texmf-dist/tex/generic/pgf/math/pgfmathfunctions.comparison
.code.tex)
(/usr/share/texlive/texmf-dist/tex/generic/pgf/math/pgfmathfunctions.base.code.
tex)
(/usr/share/texlive/texmf-dist/tex/generic/pgf/math/pgfmathfunctions.round.code
.tex)
(/usr/share/texlive/texmf-dist/tex/generic/pgf/math/pgfmathfunctions.misc.code.
tex)
(/usr/share/texlive/texmf-dist/tex/generic/pgf/math/pgfmathfunctions.integerari
thmetics.code.tex)))
(/usr/share/texlive/texmf-dist/tex/generic/pgf/math/pgfmathfloat.code.tex
\c@pgfmathroundto@lastzeros=\count269
))
(/usr/share/texlive/texmf-dist/tex/generic/pgf/math/pgfint.code.tex)
(/usr/share/texlive/texmf-dist/tex/generic/pgf/basiclayer/pgfcorepoints.code.te
x
File: pgfcorepoints.code.tex 2020/01/08 v3.1.5b (3.1.5b)
\pgf@picminx=\dimen173
\pgf@picmaxx=\dimen174
\pgf@picminy=\dimen175
\pgf@picmaxy=\dimen176
\pgf@pathminx=\dimen177
\pgf@pathmaxx=\dimen178
\pgf@pathminy=\dimen179
\pgf@pathmaxy=\dimen180
\pgf@xx=\dimen181
\pgf@xy=\dimen182
\pgf@yx=\dimen183
\pgf@yy=\dimen184
\pgf@zx=\dimen185
\pgf@zy=\dimen186
)
(/usr/share/texlive/texmf-dist/tex/generic/pgf/basiclayer/pgfcorepathconstruct.
code.tex
File: pgfcorepathconstruct.code.tex 2020/01/08 v3.1.5b (3.1.5b)
\pgf@path@lastx=\dimen187
\pgf@path@lasty=\dimen188
)
(/usr/share/texlive/texmf-dist/tex/generic/pgf/basiclayer/pgfcorepathusage.code
.tex
File: pgfcorepathusage.code.tex 2020/01/08 v3.1.5b (3.1.5b)
\pgf@shorten@end@additional=\dimen189
\pgf@shorten@start@additional=\dimen190
)
(/usr/share/texlive/texmf-dist/tex/generic/pgf/basiclayer/pgfcorescopes.code.te
x
File: pgfcorescopes.code.tex 2020/01/08 v3.1.5b (3.1.5b)
\pgfpic=\box56
\pgf@hbox=\box57
\pgf@layerbox@main=\box58
\pgf@picture@serial@count=\count270
)
(/usr/share/texlive/texmf-dist/tex/generic/pgf/basiclayer/pgfcoregraphicstate.c
ode.tex
File: pgfcoregraphicstate.code.tex 2020/01/08 v3.1.5b (3.1.5b)
\pgflinewidth=\dimen191
)
(/usr/share/texlive/texmf-dist/tex/generic/pgf/basiclayer/pgfcoretransformation
s.code.tex
File: pgfcoretransformations.code.tex 2020/01/08 v3.1.5b (3.1.5b)
\pgf@pt@x=\dimen192
\pgf@pt@y=\dimen193
\pgf@pt@temp=\dimen194
)
(/usr/share/texlive/texmf-dist/tex/generic/pgf/basiclayer/pgfcorequick.code.tex
File: pgfcorequick.code.tex 2020/01/08 v3.1.5b (3.1.5b)
)
(/usr/share/texlive/texmf-dist/tex/generic/pgf/basiclayer/pgfcoreobjects.code.t
ex
File: pgfcoreobjects.code.tex 2020/01/08 v3.1.5b (3.1.5b)
)
(/usr/share/texlive/texmf-dist/tex/generic/pgf/basiclayer/pgfcorepathprocessing
.code.tex
File: pgfcorepathprocessing.code.tex 2020/01/08 v3.1.5b (3.1.5b)
)
(/usr/share/texlive/texmf-dist/tex/generic/pgf/basiclayer/pgfcorearrows.code.te
x
File: pgfcorearrows.code.tex 2020/01/08 v3.1.5b (3.1.5b)
\pgfarrowsep=\dimen195
)
(/usr/share/texlive/texmf-dist/tex/generic/pgf/basiclayer/pgfcoreshade.code.tex
File: pgfcoreshade.code.tex 2020/01/08 v3.1.5b (3.1.5b)
\pgf@max=\dimen196
\pgf@sys@shading@range@num=\count271
\pgf@shadingcount=\count272
)
(/usr/share/texlive/texmf-dist/tex/generic/pgf/basiclayer/pgfcoreimage.code.tex
File: pgfcoreimage.code.tex 2020/01/08 v3.1.5b (3.1.5b)

(/usr/share/texlive/texmf-dist/tex/generic/pgf/basiclayer/pgfcoreexternal.code.
tex
File: pgfcoreexternal.code.tex 2020/01/08 v3.1.5b (3.1.5b)
\pgfexternal@startupbox=\box59
))
(/usr/share/texlive/texmf-dist/tex/generic/pgf/basiclayer/pgfcorelayers.code.te
x
File: pgfcorelayers.code.tex 2020/01/08 v3.1.5b (3.1.5b)
)
(/usr/share/texlive/texmf-dist/tex/generic/pgf/basiclayer/pgfcoretransparency.c
ode.tex
File: pgfcoretransparency.code.tex 2020/01/08 v3.1.5b (3.1.5b)
)
(/usr/share/texlive/texmf-dist/tex/generic/pgf/basiclayer/pgfcorepatterns.code.
tex
File: pgfcorepatterns.code.tex 2020/01/08 v3.1.5b (3.1.5b)
)
(/usr/share/texlive/texmf-dist/tex/generic/pgf/basiclayer/pgfcorerdf.code.tex
File: pgfcorerdf.code.tex 2020/01/08 v3.1.5b (3.1.5b)
))) (/usr/share/texlive/texmf-dist/tex/latex/pgf/utilities/xxcolor.sty
Package: xxcolor 2003/10/24 ver 0.1
\XC@nummixins=\count273
\XC@countmixins=\count274
)
(/usr/share/texlive/texmf-dist/tex/generic/atbegshi/atbegshi.sty
Package: atbegshi 2019/12/05 v1.19 At begin shipout hook (HO)

(/usr/share/texlive/texmf-dist/tex/generic/infwarerr/infwarerr.sty
Package: infwarerr 2019/12/03 v1.5 Providing info/warning/error messages (HO)
)
(/usr/share/texlive/texmf-dist/tex/generic/ltxcmds/ltxcmds.sty
Package: ltxcmds 2019/12/15 v1.24 LaTeX kernel commands for general use (HO)
))
(/usr/share/texlive/texmf-dist/tex/latex/hyperref/hyperref.sty
Package: hyperref 2020/01/14 v7.00d Hypertext links for LaTeX

(/usr/share/texlive/texmf-dist/tex/latex/pdftexcmds/pdftexcmds.sty
Package: pdftexcmds 2019/11/24 v0.31 Utility functions of pdfTeX for LuaTeX (HO
)
Package pdftexcmds Info: \pdf@primitive is available.
Package pdftexcmds Info: \pdf@ifprimitive is available.
Package pdftexcmds Info: \pdfdraftmode found.
)
(/usr/share/texlive/texmf-dist/tex/generic/kvsetkeys/kvsetkeys.sty
Package: kvsetkeys 2019/12/15 v1.18 Key value parser (HO)
)
(/usr/share/texlive/texmf-dist/tex/generic/kvdefinekeys/kvdefinekeys.sty
Package: kvdefinekeys 2019-12-19 v1.6 Define keys (HO)
)
(/usr/share/texlive/texmf-dist/tex/generic/pdfescape/pdfescape.sty
Package: pdfescape 2019/12/09 v1.15 Implements pdfTeX's escape features (HO)
)
(/usr/share/texlive/texmf-dist/tex/latex/hycolor/hycolor.sty
Package: hycolor 2020-01-27 v1.10 Color options for hyperref/bookmark (HO)
)
(/usr/share/texlive/texmf-dist/tex/latex/letltxmacro/letltxmacro.sty
Package: letltxmacro 2019/12/03 v1.6 Let assignment for LaTeX macros (HO)
)
(/usr/share/texlive/texmf-dist/tex/latex/auxhook/auxhook.sty
Package: auxhook 2019-12-17 v1.6 Hooks for auxiliary files (HO)
)
(/usr/share/texlive/texmf-dist/tex/latex/kvoptions/kvoptions.sty
Package: kvoptions 2019/11/29 v3.13 Key value format for package options (HO)
)
\@linkdim=\dimen197
\Hy@linkcounter=\count275
\Hy@pagecounter=\count276

(/usr/share/texlive/texmf-dist/tex/latex/hyperref/pd1enc.def
File: pd1enc.def 2020/01/14 v7.00d Hyperref: PDFDocEncoding definition (HO)
Now handling font encoding PD1 ...
... no UTF-8 mapping file for font encoding PD1
)
(/usr/share/texlive/texmf-dist/tex/generic/intcalc/intcalc.sty
Package: intcalc 2019/12/15 v1.3 Expandable calculations with integers (HO)
)
(/usr/share/texlive/texmf-dist/tex/generic/etexcmds/etexcmds.sty
Package: etexcmds 2019/12/15 v1.7 Avoid name clashes with e-TeX commands (HO)
)
\Hy@SavedSpaceFactor=\count277
\pdfmajorversion=\count278
Package hyperref Info: Option `bookmarks' set `true' on input line 4421.
Package hyperref Info: Option `bookmarksopen' set `true' on input line 4421.
Package hyperref Info: Option `implicit' set `false' on input line 4421.
Package hyperref Info: Hyper figures OFF on input line 4547.
Package hyperref Info: Link nesting OFF on input line 4552.
Package hyperref Info: Hyper index ON on input line 4555.
Package hyperref Info: Plain pages OFF on input line 4562.
Package hyperref Info: Backreferencing OFF on input line 4567.
Package hyperref Info: Implicit mode OFF; no redefinition of LaTeX internals.
Package hyperref Info: Bookmarks ON on input line 4800.
\c@Hy@tempcnt=\count279

(/usr/share/texlive/texmf-dist/tex/latex/url/url.sty
\Urlmuskip=\muskip16
Package: url 2013/09/16  ver 3.4  Verb mode for urls, etc.
)
LaTeX Info: Redefining \url on input line 5159.
\XeTeXLinkMargin=\dimen198

(/usr/share/texlive/texmf-dist/tex/generic/bitset/bitset.sty
Package: bitset 2019/12/09 v1.3 Handle bit-vector datatype (HO)

(/usr/share/texlive/texmf-dist/tex/generic/bigintcalc/bigintcalc.sty
Package: bigintcalc 2019/12/15 v1.5 Expandable calculations on big integers (HO
)
))
\Fld@menulength=\count280
\Field@Width=\dimen199
\Fld@charsize=\dimen256
Package hyperref Info: Hyper figures OFF on input line 6430.
Package hyperref Info: Link nesting OFF on input line 6435.
Package hyperref Info: Hyper index ON on input line 6438.
Package hyperref Info: backreferencing OFF on input line 6445.
Package hyperref Info: Link coloring OFF on input line 6450.
Package hyperref Info: Link coloring with OCG OFF on input line 6455.
Package hyperref Info: PDF/A mode OFF on input line 6460.
LaTeX Info: Redefining \ref on input line 6500.
LaTeX Info: Redefining \pageref on input line 6504.
\Hy@abspage=\count281


Package hyperref Message: Stopped early.

)
Package hyperref Info: Driver (autodetected): hpdftex.
 (/usr/share/texlive/texmf-dist/tex/latex/hyperref/hpdftex.def
File: hpdftex.def 2020/01/14 v7.00d Hyperref driver for pdfTeX

(/usr/share/texlive/texmf-dist/tex/latex/atveryend/atveryend.sty
Package: atveryend 2019-12-11 v1.11 Hooks at the very end of document (HO)
)
\Fld@listcount=\count282
\c@bookmark@seq@number=\count283

(/usr/share/texlive/texmf-dist/tex/latex/rerunfilecheck/rerunfilecheck.sty
Package: rerunfilecheck 2019/12/05 v1.9 Rerun checks for auxiliary files (HO)

(/usr/share/texlive/texmf-dist/tex/generic/uniquecounter/uniquecounter.sty
Package: uniquecounter 2019/12/15 v1.4 Provide unlimited unique counter (HO)
)
Package uniquecounter Info: New unique counter `rerunfilecheck' on input line 2
86.
))
(/usr/share/texlive/texmf-dist/tex/latex/beamer/beamerbaserequires.sty
(/usr/share/texlive/texmf-dist/tex/latex/beamer/beamerbasecompatibility.sty)
(/usr/share/texlive/texmf-dist/tex/latex/beamer/beamerbasefont.sty
(/usr/share/texlive/texmf-dist/tex/latex/amsfonts/amssymb.sty
Package: amssymb 2013/01/14 v3.01 AMS font symbols

(/usr/share/texlive/texmf-dist/tex/latex/amsfonts/amsfonts.sty
Package: amsfonts 2013/01/14 v3.01 Basic AMSFonts support
\@emptytoks=\toks26
\symAMSa=\mathgroup4
\symAMSb=\mathgroup5
LaTeX Font Info:    Redeclaring math symbol \hbar on input line 98.
LaTeX Font Info:    Overwriting math alphabet `\mathfrak' in version `bold'
(Font)                  U/euf/m/n --> U/euf/b/n on input line 106.
)))
(/usr/share/texlive/texmf-dist/tex/latex/beamer/beamerbasetranslator.sty
(/usr/share/texlive/texmf-dist/tex/latex/translator/translator.sty
Package: translator 2019-05-31 v1.12a Easy translation of strings in LaTeX
))
(/usr/share/texlive/texmf-dist/tex/latex/beamer/beamerbasemisc.sty)
(/usr/share/texlive/texmf-dist/tex/latex/beamer/beamerbasetwoscreens.sty)
(/usr/share/texlive/texmf-dist/tex/latex/beamer/beamerbaseoverlay.sty
\beamer@argscount=\count284
\beamer@lastskipcover=\skip50
\beamer@trivlistdepth=\count285
)
(/usr/share/texlive/texmf-dist/tex/latex/beamer/beamerbasetitle.sty)
(/usr/share/texlive/texmf-dist/tex/latex/beamer/beamerbasesection.sty
\c@lecture=\count286
\c@part=\count287
\c@section=\count288
\c@subsection=\count289
\c@subsubsection=\count290
)
(/usr/share/texlive/texmf-dist/tex/latex/beamer/beamerbaseframe.sty
\beamer@framebox=\box60
\beamer@frametitlebox=\box61
\beamer@zoombox=\box62
\beamer@zoomcount=\count291
\beamer@zoomframecount=\count292
\beamer@frametextheight=\dimen257
\c@subsectionslide=\count293
\beamer@frametopskip=\skip51
\beamer@framebottomskip=\skip52
\beamer@frametopskipautobreak=\skip53
\beamer@framebottomskipautobreak=\skip54
\beamer@envbody=\toks27
\framewidth=\dimen258
\c@framenumber=\count294
)
(/usr/share/texlive/texmf-dist/tex/latex/beamer/beamerbaseverbatim.sty
\beamer@verbatimfileout=\write4
)
(/usr/share/texlive/texmf-dist/tex/latex/beamer/beamerbaseframesize.sty
\beamer@splitbox=\box63
\beamer@autobreakcount=\count295
\beamer@autobreaklastheight=\dimen259
\beamer@frametitletoks=\toks28
\beamer@framesubtitletoks=\toks29
)
(/usr/share/texlive/texmf-dist/tex/latex/beamer/beamerbaseframecomponents.sty
\beamer@footins=\box64
)
(/usr/share/texlive/texmf-dist/tex/latex/beamer/beamerbasecolor.sty)
(/usr/share/texlive/texmf-dist/tex/latex/beamer/beamerbasenotes.sty
\beamer@frameboxcopy=\box65
)
(/usr/share/texlive/texmf-dist/tex/latex/beamer/beamerbasetoc.sty)
(/usr/share/texlive/texmf-dist/tex/latex/beamer/beamerbasetemplates.sty
\beamer@sbttoks=\toks30

(/usr/share/texlive/texmf-dist/tex/latex/beamer/beamerbaseauxtemplates.sty
(/usr/share/texlive/texmf-dist/tex/latex/beamer/beamerbaseboxes.sty
\bmb@box=\box66
\bmb@colorbox=\box67
\bmb@boxshadow=\box68
\bmb@boxshadowball=\box69
\bmb@boxshadowballlarge=\box70
\bmb@temp=\dimen260
\bmb@dima=\dimen261
\bmb@dimb=\dimen262
\bmb@prevheight=\dimen263
)
\beamer@blockheadheight=\dimen264
))
(/usr/share/texlive/texmf-dist/tex/latex/beamer/beamerbaselocalstructure.sty
(/usr/share/texlive/texmf-dist/tex/latex/tools/enumerate.sty
Package: enumerate 2015/07/23 v3.00 enumerate extensions (DPC)
\@enLab=\toks31
)
\c@figure=\count296
\c@table=\count297
\abovecaptionskip=\skip55
\belowcaptionskip=\skip56
)
(/usr/share/texlive/texmf-dist/tex/latex/beamer/beamerbasenavigation.sty
\beamer@section@min@dim=\dimen265
)
(/usr/share/texlive/texmf-dist/tex/latex/beamer/beamerbasetheorems.sty
(/usr/share/texlive/texmf-dist/tex/latex/amsmath/amsmath.sty
Package: amsmath 2020/01/20 v2.17e AMS math features
\@mathmargin=\skip57

For additional information on amsmath, use the `?' option.
(/usr/share/texlive/texmf-dist/tex/latex/amsmath/amstext.sty
Package: amstext 2000/06/29 v2.01 AMS text

(/usr/share/texlive/texmf-dist/tex/latex/amsmath/amsgen.sty
File: amsgen.sty 1999/11/30 v2.0 generic functions
\@emptytoks=\toks32
\ex@=\dimen266
))
(/usr/share/texlive/texmf-dist/tex/latex/amsmath/amsbsy.sty
Package: amsbsy 1999/11/29 v1.2d Bold Symbols
\pmbraise@=\dimen267
)
(/usr/share/texlive/texmf-dist/tex/latex/amsmath/amsopn.sty
Package: amsopn 2016/03/08 v2.02 operator names
)
\inf@bad=\count298
LaTeX Info: Redefining \frac on input line 227.
\uproot@=\count299
\leftroot@=\count300
LaTeX Info: Redefining \overline on input line 389.
\classnum@=\count301
\DOTSCASE@=\count302
LaTeX Info: Redefining \ldots on input line 486.
LaTeX Info: Redefining \dots on input line 489.
LaTeX Info: Redefining \cdots on input line 610.
\Mathstrutbox@=\box71
\strutbox@=\box72
\big@size=\dimen268
LaTeX Font Info:    Redeclaring font encoding OML on input line 733.
LaTeX Font Info:    Redeclaring font encoding OMS on input line 734.
\macc@depth=\count303
\c@MaxMatrixCols=\count304
\dotsspace@=\muskip17
\c@parentequation=\count305
\dspbrk@lvl=\count306
\tag@help=\toks33
\row@=\count307
\column@=\count308
\maxfields@=\count309
\andhelp@=\toks34
\eqnshift@=\dimen269
\alignsep@=\dimen270
\tagshift@=\dimen271
\tagwidth@=\dimen272
\totwidth@=\dimen273
\lineht@=\dimen274
\@envbody=\toks35
\multlinegap=\skip58
\multlinetaggap=\skip59
\mathdisplay@stack=\toks36
LaTeX Info: Redefining \[ on input line 2859.
LaTeX Info: Redefining \] on input line 2860.
)
(/usr/share/texlive/texmf-dist/tex/latex/amscls/amsthm.sty
Package: amsthm 2017/10/31 v2.20.4
\thm@style=\toks37
\thm@bodyfont=\toks38
\thm@headfont=\toks39
\thm@notefont=\toks40
\thm@headpunct=\toks41
\thm@preskip=\skip60
\thm@postskip=\skip61
\thm@headsep=\skip62
\dth@everypar=\toks42
)
\c@theorem=\count310
)
(/usr/share/texlive/texmf-dist/tex/latex/beamer/beamerbasethemes.sty))
(/usr/share/texlive/texmf-dist/tex/latex/beamer/beamerthemedefault.sty
(/usr/share/texlive/texmf-dist/tex/latex/beamer/beamerfontthemedefault.sty)
(/usr/share/texlive/texmf-dist/tex/latex/beamer/beamercolorthemedefault.sty)
(/usr/share/texlive/texmf-dist/tex/latex/beamer/beamerinnerthemedefault.sty
\beamer@dima=\dimen275
\beamer@dimb=\dimen276
)
(/usr/share/texlive/texmf-dist/tex/latex/beamer/beamerouterthemedefault.sty)))
(/usr/share/texlive/texmf-dist/tex/latex/beamer/beamerthemeMadrid.sty
(/usr/share/texlive/texmf-dist/tex/latex/beamer/beamercolorthemewhale.sty)
(/usr/share/texlive/texmf-dist/tex/latex/beamer/beamercolorthemeorchid.sty)
(/usr/share/texlive/texmf-dist/tex/latex/beamer/beamerinnerthemerounded.sty)
(/usr/share/texlive/texmf-dist/tex/latex/beamer/beamerouterthemeinfolines.sty))
(/usr/share/texlive/texmf-dist/tex/latex/beamer/beamercolorthemerose.sty)
(/usr/share/texlive/texmf-dist/tex/latex/beamer/beamerfontthemestructurebold.st
y) (/usr/share/texlive/texmf-dist/tex/latex/pgf/basiclayer/pgf.sty
Package: pgf 2020/01/08 v3.1.5b (3.1.5b)

(/usr/share/texlive/texmf-dist/tex/generic/pgf/modules/pgfmoduleshapes.code.tex
File: pgfmoduleshapes.code.tex 2020/01/08 v3.1.5b (3.1.5b)
\pgfnodeparttextbox=\box73
) (/usr/share/texlive/texmf-dist/tex/generic/pgf/modules/pgfmoduleplot.code.tex
File: pgfmoduleplot.code.tex 2020/01/08 v3.1.5b (3.1.5b)
)
(/usr/share/texlive/texmf-dist/tex/latex/pgf/compatibility/pgfcomp-version-0-65
.sty
Package: pgfcomp-version-0-65 2020/01/08 v3.1.5b (3.1.5b)
\pgf@nodesepstart=\dimen277
\pgf@nodesepend=\dimen278
)
(/usr/share/texlive/texmf-dist/tex/latex/pgf/compatibility/pgfcomp-version-1-18
.sty
Package: pgfcomp-version-1-18 2020/01/08 v3.1.5b (3.1.5b)
)) (/usr/share/texlive/texmf-dist/tex/latex/pgf/compatibility/pgfarrows.sty
Package: pgfarrows 2020/01/08 v3.1.5b (3.1.5b)

Package pgfarrows Warning: This package is obsolete. pgf.sty will load arrow ma
nagement automatically on input line 17.

) (/usr/share/texlive/texmf-dist/tex/latex/pgf/compatibility/pgfnodes.sty
Package: pgfnodes 2020/01/08 v3.1.5b (3.1.5b)


Package pgfnodes Warning: This package is obsolete. pgf.sty will load node mana
gement automatically on input line 17.

) (/usr/share/texlive/texmf-dist/tex/latex/pgf/compatibility/pgfautomata.sty
Package: pgfautomata 2020/01/08 v3.1.5b (3.1.5b)


Package pgfautomata Warning: This package is obsolete. on input line 17.

\pgf@stateradius=\dimen279
\pgf@mooreradius=\dimen280
\pgf@doublethickness=\dimen281
\pgf@statebackoff=\dimen282
) (/usr/share/texlive/texmf-dist/tex/latex/pgf/compatibility/pgfheaps.sty
Package: pgfheaps 2020/01/08 v3.1.5b (3.1.5b)


Package pgfheaps Warning: This package is obsolete. on input line 16.

\pgf@heapx=\dimen283
\pgf@heapy=\dimen284
) (/usr/share/texlive/texmf-dist/tex/latex/pgf/compatibility/pgfshade.sty
Package: pgfshade 2020/01/08 v3.1.5b (3.1.5b)


Package pgfshade Warning: This package is obsolete. pgf.sty will load shade man
agement automatically on input line 17.

) (/usr/share/texlive/texmf-dist/tex/latex/ragged2e/ragged2e.sty
Package: ragged2e 2019/07/28 v2.2 ragged2e Package (MS)

(/usr/share/texlive/texmf-dist/tex/latex/ms/everysel.sty
Package: everysel 2011/10/28 v1.2 EverySelectfont Package (MS)
)
\CenteringLeftskip=\skip63
\RaggedLeftLeftskip=\skip64
\RaggedRightLeftskip=\skip65
\CenteringRightskip=\skip66
\RaggedLeftRightskip=\skip67
\RaggedRightRightskip=\skip68
\CenteringParfillskip=\skip69
\RaggedLeftParfillskip=\skip70
\RaggedRightParfillskip=\skip71
\JustifyingParfillskip=\skip72
\CenteringParindent=\skip73
\RaggedLeftParindent=\skip74
\RaggedRightParindent=\skip75
\JustifyingParindent=\skip76
)
(/usr/share/texlive/texmf-dist/tex/latex/base/inputenc.sty
Package: inputenc 2018/08/11 v1.3c Input encoding file
\inpenc@prehook=\toks43
\inpenc@posthook=\toks44

(/usr/share/texlive/texmf-dist/tex/latex/base/latin1.def
File: latin1.def 2018/08/11 v1.3c Input encoding file
))
(/usr/share/texlive/texmf-dist/tex/latex/colortbl/colortbl.sty
Package: colortbl 2020/01/04 v1.0e Color table columns (DPC)

(/usr/share/texlive/texmf-dist/tex/latex/tools/array.sty
Package: array 2019/08/31 v2.4l Tabular extension package (FMi)
\col@sep=\dimen285
\ar@mcellbox=\box74
\extrarowheight=\dimen286
\NC@list=\toks45
\extratabsurround=\skip77
\backup@length=\skip78
\ar@cellbox=\box75
)
\everycr=\toks46
\minrowclearance=\skip79
)
(/usr/share/texlive/texmf-dist/tex/latex/textpos/textpos.sty
Package: textpos 2019/04/15 v1.9.1

Package: textpos 2019/04/15 1.9.1, absolute positioning of text on the page
\TP@textbox=\box76
\TP@holdbox=\box77
\TPHorizModule=\dimen287
\TPVertModule=\dimen288
\TP@margin=\dimen289
\TP@absmargin=\dimen290
Grid set 16 x 16 = 28.45274pt x 16.00467pt
\TPboxrulesize=\dimen291
\TP@ox=\dimen292
\TP@oy=\dimen293
\TP@tbargs=\toks47
\TP@prevdepth=\dimen294
TextBlockOrigin set to 0pt x 0pt
)
TextBlockOrigin set to 10mm x 10mm
(/usr/share/texlive/texmf-dist/tex/generic/babel/babel.sty
Package: babel 2020/02/14 3.40 The Babel package

(/usr/share/texlive/texmf-dist/tex/generic/babel/switch.def
File: switch.def 2020/02/14 3.40 Babel switching mechanism
)
(/usr/share/texlive/texmf-dist/tex/generic/babel-english/english.ldf
Language: english 2017/06/06 v3.3r English support from the babel system

(/usr/share/texlive/texmf-dist/tex/generic/babel/babel.def
File: babel.def 2020/02/14 3.40 Babel common definitions
\babel@savecnt=\count311
\U@D=\dimen295

(/usr/share/texlive/texmf-dist/tex/generic/babel/txtbabel.def)
\bbl@readstream=\read3
LaTeX Info: Redefining \textlatin on input line 2319.
\bbl@dirlevel=\count312
)
Package babel Info: \l@british = using hyphenrules for english
(babel)             (\language0) on input line 82.
Package babel Info: \l@UKenglish = using hyphenrules for english
(babel)             (\language0) on input line 83.
Package babel Info: \l@canadian = using hyphenrules for english
(babel)             (\language0) on input line 102.
Package babel Info: \l@australian = using hyphenrules for english
(babel)             (\language0) on input line 105.
Package babel Info: \l@newzealand = using hyphenrules for english
(babel)             (\language0) on input line 108.
))
(/usr/share/texlive/texmf-dist/tex/latex/listings/listings.sty
\lst@mode=\count313
\lst@gtempboxa=\box78
\lst@token=\toks48
\lst@length=\count314
\lst@currlwidth=\dimen296
\lst@column=\count315
\lst@pos=\count316
\lst@lostspace=\dimen297
\lst@width=\dimen298
\lst@newlines=\count317
\lst@lineno=\count318
\lst@maxwidth=\dimen299

(/usr/share/texlive/texmf-dist/tex/latex/listings/lstmisc.sty
File: lstmisc.sty 2019/09/10 1.8c (Carsten Heinz)
\c@lstnumber=\count319
\lst@skipnumbers=\count320
\lst@framebox=\box79
)
(/usr/share/texlive/texmf-dist/tex/latex/listings/listings.cfg
File: listings.cfg 2019/09/10 1.8c listings configuration
))
Package: listings 2019/09/10 1.8c (Carsten Heinz)

(/usr/share/texlive/texmf-dist/tex/latex/l3backend/l3backend-pdfmode.def
File: l3backend-pdfmode.def 2020-02-03 L3 backend support: PDF mode
\l__kernel_color_stack_int=\count321
\l__pdf_internal_box=\box80
)
(./07-Learning.aux)
\openout1 = `07-Learning.aux'.

LaTeX Font Info:    Checking defaults for OML/cmm/m/it on input line 61.
LaTeX Font Info:    ... okay on input line 61.
LaTeX Font Info:    Checking defaults for OMS/cmsy/m/n on input line 61.
LaTeX Font Info:    ... okay on input line 61.
LaTeX Font Info:    Checking defaults for OT1/cmr/m/n on input line 61.
LaTeX Font Info:    ... okay on input line 61.
LaTeX Font Info:    Checking defaults for T1/cmr/m/n on input line 61.
LaTeX Font Info:    ... okay on input line 61.
LaTeX Font Info:    Checking defaults for TS1/cmr/m/n on input line 61.
LaTeX Font Info:    ... okay on input line 61.
LaTeX Font Info:    Checking defaults for OMX/cmex/m/n on input line 61.
LaTeX Font Info:    ... okay on input line 61.
LaTeX Font Info:    Checking defaults for U/cmr/m/n on input line 61.
LaTeX Font Info:    ... okay on input line 61.
LaTeX Font Info:    Checking defaults for PD1/pdf/m/n on input line 61.
LaTeX Font Info:    ... okay on input line 61.

*geometry* driver: auto-detecting
*geometry* detected driver: pdftex
*geometry* verbose mode - [ preamble ] result:
* driver: pdftex
* paper: custom
* layout: <same size as paper>
* layoutoffset:(h,v)=(0.0pt,0.0pt)
* modes: includehead includefoot 
* h-part:(L,W,R)=(10.95003pt, 433.34402pt, 10.95003pt)
* v-part:(T,H,B)=(0.0pt, 256.0748pt, 0.0pt)
* \paperwidth=455.24408pt
* \paperheight=256.0748pt
* \textwidth=433.34402pt
* \textheight=227.62207pt
* \oddsidemargin=-61.31996pt
* \evensidemargin=-61.31996pt
* \topmargin=-72.26999pt
* \headheight=14.22636pt
* \headsep=0.0pt
* \topskip=11.0pt
* \footskip=14.22636pt
* \marginparwidth=4.0pt
* \marginparsep=10.0pt
* \columnsep=10.0pt
* \skip\footins=10.0pt plus 4.0pt minus 2.0pt
* \hoffset=0.0pt
* \voffset=0.0pt
* \mag=1000
* \@twocolumnfalse
* \@twosidefalse
* \@mparswitchfalse
* \@reversemarginfalse
* (1in=72.27pt=25.4mm, 1cm=28.453pt)

(/usr/share/texlive/texmf-dist/tex/context/base/mkii/supp-pdf.mkii
[Loading MPS to PDF converter (version 2006.09.02).]
\scratchcounter=\count322
\scratchdimen=\dimen300
\scratchbox=\box81
\nofMPsegments=\count323
\nofMParguments=\count324
\everyMPshowfont=\toks49
\MPscratchCnt=\count325
\MPscratchDim=\dimen301
\MPnumerator=\count326
\makeMPintoPDFobject=\count327
\everyMPtoPDFconversion=\toks50
) (/usr/share/texlive/texmf-dist/tex/latex/epstopdf-pkg/epstopdf-base.sty
Package: epstopdf-base 2020-01-24 v2.11 Base part for package epstopdf
Package epstopdf-base Info: Redefining graphics rule for `.eps' on input line 4
85.

(/usr/share/texlive/texmf-dist/tex/latex/latexconfig/epstopdf-sys.cfg
File: epstopdf-sys.cfg 2010/07/13 v1.3 Configuration of (r)epstopdf for TeX Liv
e
))
ABD: EveryShipout initializing macros
\AtBeginShipoutBox=\box82
Package hyperref Info: Link coloring OFF on input line 61.

(/usr/share/texlive/texmf-dist/tex/latex/hyperref/nameref.sty
Package: nameref 2019/09/16 v2.46 Cross-referencing by name of section

(/usr/share/texlive/texmf-dist/tex/latex/refcount/refcount.sty
Package: refcount 2019/12/15 v3.6 Data extraction from label references (HO)
)
(/usr/share/texlive/texmf-dist/tex/generic/gettitlestring/gettitlestring.sty
Package: gettitlestring 2019/12/15 v1.6 Cleanup title references (HO)
)
\c@section@level=\count328
)
LaTeX Info: Redefining \ref on input line 61.
LaTeX Info: Redefining \pageref on input line 61.
LaTeX Info: Redefining \nameref on input line 61.

(./07-Learning.out) (./07-Learning.out)
\@outlinefile=\write5
\openout5 = `07-Learning.out'.

LaTeX Font Info:    Overwriting symbol font `operators' in version `normal'
(Font)                  OT1/cmr/m/n --> OT1/cmss/m/n on input line 61.
LaTeX Font Info:    Overwriting symbol font `operators' in version `bold'
(Font)                  OT1/cmr/bx/n --> OT1/cmss/b/n on input line 61.
\symnumbers=\mathgroup6
\sympureletters=\mathgroup7
LaTeX Font Info:    Overwriting math alphabet `\mathrm' in version `normal'
(Font)                  OT1/cmss/m/n --> OT1/cmr/m/n on input line 61.
LaTeX Font Info:    Redeclaring math alphabet \mathbf on input line 61.
LaTeX Font Info:    Overwriting math alphabet `\mathbf' in version `normal'
(Font)                  OT1/cmr/bx/n --> OT1/cmss/b/n on input line 61.
LaTeX Font Info:    Overwriting math alphabet `\mathbf' in version `bold'
(Font)                  OT1/cmr/bx/n --> OT1/cmss/b/n on input line 61.
LaTeX Font Info:    Redeclaring math alphabet \mathsf on input line 61.
LaTeX Font Info:    Overwriting math alphabet `\mathsf' in version `normal'
(Font)                  OT1/cmss/m/n --> OT1/cmss/m/n on input line 61.
LaTeX Font Info:    Overwriting math alphabet `\mathsf' in version `bold'
(Font)                  OT1/cmss/bx/n --> OT1/cmss/m/n on input line 61.
LaTeX Font Info:    Redeclaring math alphabet \mathit on input line 61.
LaTeX Font Info:    Overwriting math alphabet `\mathit' in version `normal'
(Font)                  OT1/cmr/m/it --> OT1/cmss/m/it on input line 61.
LaTeX Font Info:    Overwriting math alphabet `\mathit' in version `bold'
(Font)                  OT1/cmr/bx/it --> OT1/cmss/m/it on input line 61.
LaTeX Font Info:    Redeclaring math alphabet \mathtt on input line 61.
LaTeX Font Info:    Overwriting math alphabet `\mathtt' in version `normal'
(Font)                  OT1/cmtt/m/n --> OT1/cmtt/m/n on input line 61.
LaTeX Font Info:    Overwriting math alphabet `\mathtt' in version `bold'
(Font)                  OT1/cmtt/m/n --> OT1/cmtt/m/n on input line 61.
LaTeX Font Info:    Overwriting symbol font `numbers' in version `bold'
(Font)                  OT1/cmss/m/n --> OT1/cmss/b/n on input line 61.
LaTeX Font Info:    Overwriting symbol font `pureletters' in version `bold'
(Font)                  OT1/cmss/m/it --> OT1/cmss/b/it on input line 61.
LaTeX Font Info:    Overwriting math alphabet `\mathrm' in version `bold'
(Font)                  OT1/cmss/b/n --> OT1/cmr/b/n on input line 61.
LaTeX Font Info:    Overwriting math alphabet `\mathbf' in version `bold'
(Font)                  OT1/cmss/b/n --> OT1/cmss/b/n on input line 61.
LaTeX Font Info:    Overwriting math alphabet `\mathsf' in version `bold'
(Font)                  OT1/cmss/m/n --> OT1/cmss/b/n on input line 61.
LaTeX Font Info:    Overwriting math alphabet `\mathit' in version `bold'
(Font)                  OT1/cmss/m/it --> OT1/cmss/b/it on input line 61.
LaTeX Font Info:    Overwriting math alphabet `\mathtt' in version `bold'
(Font)                  OT1/cmtt/m/n --> OT1/cmtt/b/n on input line 61.

(/usr/share/texlive/texmf-dist/tex/latex/translator/translator-basic-dictionary
-English.dict
Dictionary: translator-basic-dictionary, Language: English 
)
(/usr/share/texlive/texmf-dist/tex/latex/translator/translator-bibliography-dic
tionary-English.dict
Dictionary: translator-bibliography-dictionary, Language: English 
)
(/usr/share/texlive/texmf-dist/tex/latex/translator/translator-environment-dict
ionary-English.dict
Dictionary: translator-environment-dictionary, Language: English 
)
(/usr/share/texlive/texmf-dist/tex/latex/translator/translator-months-dictionar
y-English.dict
Dictionary: translator-months-dictionary, Language: English 
)
(/usr/share/texlive/texmf-dist/tex/latex/translator/translator-numbers-dictiona
ry-English.dict
Dictionary: translator-numbers-dictionary, Language: English 
)
(/usr/share/texlive/texmf-dist/tex/latex/translator/translator-theorem-dictiona
ry-English.dict
Dictionary: translator-theorem-dictionary, Language: English 
) ABD: EverySelectfont initializing macros
LaTeX Info: Redefining \selectfont on input line 61.
\c@lstlisting=\count329
 (./07-Learning.nav)
[1

{/var/lib/texmf/fonts/map/pdftex/updmap/pdftex.map} <../dsai-logo.png> <../eras
mus-logo.png>] [2

] [3

]
LaTeX Font Info:    Trying to load font information for U+msa on input line 146
.

(/usr/share/texlive/texmf-dist/tex/latex/amsfonts/umsa.fd
File: umsa.fd 2013/01/14 v3.01 AMS symbols A
)
LaTeX Font Info:    Trying to load font information for U+msb on input line 146
.

(/usr/share/texlive/texmf-dist/tex/latex/amsfonts/umsb.fd
File: umsb.fd 2013/01/14 v3.01 AMS symbols B
)
LaTeX Font Info:    Trying to load font information for TS1+cmss on input line 
146.

(/usr/share/texlive/texmf-dist/tex/latex/base/ts1cmss.fd
File: ts1cmss.fd 2019/12/16 v2.5j Standard LaTeX font definitions
) [4

]
(./07-Learning.toc) [5

] [6

]
<face1.jpg, id=264, 192.72pt x 192.72pt>
File: face1.jpg Graphic file (type jpg)
<use face1.jpg>
Package pdftex.def Info: face1.jpg  used on input line 209.
(pdftex.def)             Requested size: 72.26999pt x 72.2698pt.
<face2.jpg, id=265, 192.72pt x 192.72pt>
File: face2.jpg Graphic file (type jpg)
<use face2.jpg>
Package pdftex.def Info: face2.jpg  used on input line 209.
(pdftex.def)             Requested size: 72.26999pt x 72.2698pt.
<nonface1.jpg, id=266, 192.72pt x 192.72pt>
File: nonface1.jpg Graphic file (type jpg)
<use nonface1.jpg>
Package pdftex.def Info: nonface1.jpg  used on input line 209.
(pdftex.def)             Requested size: 72.26999pt x 72.2698pt.
<nonface2.jpg, id=267, 192.72pt x 192.72pt>
File: nonface2.jpg Graphic file (type jpg)
<use nonface2.jpg>
Package pdftex.def Info: nonface2.jpg  used on input line 209.
(pdftex.def)             Requested size: 72.26999pt x 72.2698pt.
 [7

 <./face1.jpg> <./face2.jpg> <./nonface1.jpg> <./nonface2.jpg>] [8

] [9

] [10

] [11

] [12

] [13

] [14

] [15

] [16

] (./07-Learning.toc)
[17

]

LaTeX Font Warning: Font shape `OT1/cmss/b/n' undefined
(Font)              using `OT1/cmss/m/n' instead on input line 469.


LaTeX Font Warning: Font shape `OT1/cmss/b/it' undefined
(Font)              using `OT1/cmss/b/n' instead on input line 469.

[18

] [19

] [20

] [21

] [22

] [23

] (./07-Learning.toc) [24

] [25

]
<error.pdf, id=802, 328.22626pt x 235.88126pt>
File: error.pdf Graphic file (type pdf)
<use error.pdf>
Package pdftex.def Info: error.pdf  used on input line 631.
(pdftex.def)             Requested size: 252.94499pt x 181.78029pt.
 [26

 <./error.pdf>]
[27

] [28

] [29

] [30

] (./07-Learning.toc) [31

] [32

] [33

] [34

] [35

] [36

] [37

]
[38

] [39

] [40

] [41

] [42

]
<Bishop-fig14-1.pdf, id=1270, 223.83365pt x 154.5757pt>
File: Bishop-fig14-1.pdf Graphic file (type pdf)
<use Bishop-fig14-1.pdf>
Package pdftex.def Info: Bishop-fig14-1.pdf  used on input line 1029.
(pdftex.def)             Requested size: 234.87749pt x 162.20547pt.
 [43

 <./Bishop-fig14-1.pdf>] [44

] [45

] [46

] [47

]
[48

] [49

]
<Bishop-fig14-2a.pdf, id=1495, 142.5325pt x 106.3975pt>
File: Bishop-fig14-2a.pdf Graphic file (type pdf)
<use Bishop-fig14-2a.pdf>
Package pdftex.def Info: Bishop-fig14-2a.pdf  used on input line 1184.
(pdftex.def)             Requested size: 115.63243pt x 86.31624pt.
<Bishop-fig14-2b.pdf, id=1496, 142.5325pt x 106.3975pt>
File: Bishop-fig14-2b.pdf Graphic file (type pdf)
<use Bishop-fig14-2b.pdf>
Package pdftex.def Info: Bishop-fig14-2b.pdf  used on input line 1184.
(pdftex.def)             Requested size: 115.63243pt x 86.31624pt.
<Bishop-fig14-2c.pdf, id=1497, 142.5325pt x 106.3975pt>
File: Bishop-fig14-2c.pdf Graphic file (type pdf)
<use Bishop-fig14-2c.pdf>
Package pdftex.def Info: Bishop-fig14-2c.pdf  used on input line 1184.
(pdftex.def)             Requested size: 115.63243pt x 86.31624pt.
 [50

 <./Bishop-fig14-2a.pdf> <./Bishop-fig14-2b.pdf> <./Bishop-fig14-2c.pdf>]
<Bishop-fig14-2d.pdf, id=1554, 142.5325pt x 106.3975pt>
File: Bishop-fig14-2d.pdf Graphic file (type pdf)
<use Bishop-fig14-2d.pdf>
Package pdftex.def Info: Bishop-fig14-2d.pdf  used on input line 1200.
(pdftex.def)             Requested size: 115.63243pt x 86.31624pt.
<Bishop-fig14-2e.pdf, id=1555, 142.5325pt x 106.3975pt>
File: Bishop-fig14-2e.pdf Graphic file (type pdf)
<use Bishop-fig14-2e.pdf>
Package pdftex.def Info: Bishop-fig14-2e.pdf  used on input line 1200.
(pdftex.def)             Requested size: 115.63243pt x 86.31624pt.
<Bishop-fig14-2f.pdf, id=1556, 142.5325pt x 106.3975pt>
File: Bishop-fig14-2f.pdf Graphic file (type pdf)
<use Bishop-fig14-2f.pdf>
Package pdftex.def Info: Bishop-fig14-2f.pdf  used on input line 1200.
(pdftex.def)             Requested size: 115.63243pt x 86.31624pt.
 [51

 <./Bishop-fig14-2d.pdf> <./Bishop-fig14-2e.pdf> <./Bishop-fig14-2f.pdf>] [52

] [53

] [54

] [55

] [56

]
<features.png, id=1754, 220.825pt x 220.825pt>
File: features.png Graphic file (type png)
<use features.png>
Package pdftex.def Info: features.png  used on input line 1351.
(pdftex.def)             Requested size: 144.54pt x 144.5454pt.
 [57

 <./features.png>]
<cascade.png, id=1782, 250.9375pt x 143.53625pt>
File: cascade.png Graphic file (type png)
<use cascade.png>
Package pdftex.def Info: cascade.png  used on input line 1370.
(pdftex.def)             Requested size: 144.54pt x 82.68163pt.
 [58

 <./cascade.png>]
[59

] (./07-Learning.toc) [60

]
<dalal-fig1.png, id=1873, 257.763pt x 23.6082pt>
File: dalal-fig1.png Graphic file (type png)
<use dalal-fig1.png>
Package pdftex.def Info: dalal-fig1.png  used on input line 1433.
(pdftex.def)             Requested size: 325.215pt x 29.78717pt.
 [61

 <./dalal-fig1.png>]
<dalal-fig2.png, id=1902, 252.2223pt x 52.7571pt>
File: dalal-fig2.png Graphic file (type png)
<use dalal-fig2.png>
Package pdftex.def Info: dalal-fig2.png  used on input line 1462.
(pdftex.def)             Requested size: 325.215pt x 68.02553pt.
 [62

 <./dalal-fig2.png>]
[63

] [64

] [65

]
<dalal-hist.png, id=2009, 57.5751pt x 82.3878pt>
File: dalal-hist.png Graphic file (type png)
<use dalal-hist.png>
Package pdftex.def Info: dalal-hist.png  used on input line 1568.
(pdftex.def)             Requested size: 72.26999pt x 103.4232pt.
 [66

 <./dalal-hist.png>] [67

] [68

]
<dalal-fig6.png, id=2091, 252.945pt x 78.7743pt>
File: dalal-fig6.png Graphic file (type png)
<use dalal-fig6.png>
Package pdftex.def Info: dalal-fig6.png  used on input line 1631.
(pdftex.def)             Requested size: 325.215pt x 101.2839pt.
 [69

 <./dalal-fig6.png>]
[70

] [71

] (./07-Learning.toc) [72

] [73

] [74

] [75

] [76

] [77

] [78

] [79

] [80

]
<goodfellow-fig9-1.png, id=2422, 559.08875pt x 554.07pt>
File: goodfellow-fig9-1.png Graphic file (type png)
<use goodfellow-fig9-1.png>
Package pdftex.def Info: goodfellow-fig9-1.png  used on input line 1871.
(pdftex.def)             Requested size: 158.99377pt x 157.56496pt.

Overfull \vbox (2.76619pt too high) detected at line 1871
 []

[81

 <./goodfellow-fig9-1.png>] [82

] [83

]
<goodfellow-fig9-2.png, id=2503, 478.78876pt x 487.8225pt>
File: goodfellow-fig9-2.png Graphic file (type png)
<use goodfellow-fig9-2.png>
Package pdftex.def Info: goodfellow-fig9-2.png  used on input line 1928.
(pdftex.def)             Requested size: 144.54pt x 147.26343pt.
 [84

 <./goodfellow-fig9-2.png>]
<goodfellow-fig9-3.png, id=2531, 482.80376pt x 487.8225pt>
File: goodfellow-fig9-3.png Graphic file (type png)
<use goodfellow-fig9-3.png>
Package pdftex.def Info: goodfellow-fig9-3.png  used on input line 1939.
(pdftex.def)             Requested size: 144.54pt x 146.04268pt.

[85

 <./goodfellow-fig9-3.png>]
<goodfellow-fig9-4.png, id=2560, 465.74pt x 273.02pt>
File: goodfellow-fig9-4.png Graphic file (type png)
<use goodfellow-fig9-4.png>
Package pdftex.def Info: goodfellow-fig9-4.png  used on input line 1953.
(pdftex.def)             Requested size: 180.67499pt x 105.9108pt.
 [86

 <./goodfellow-fig9-4.png>] [87

]
<goodfellow-fig9-5.png, id=2615, 470.75874pt x 373.395pt>
File: goodfellow-fig9-5.png Graphic file (type png)
<use goodfellow-fig9-5.png>
Package pdftex.def Info: goodfellow-fig9-5.png  used on input line 1978.
(pdftex.def)             Requested size: 187.90244pt x 149.04198pt.
 [88

 <./goodfellow-fig9-5.png>]
<goodfellow-fig9-6.png, id=2643, 548.0475pt x 237.88875pt>
File: goodfellow-fig9-6.png Graphic file (type png)
<use goodfellow-fig9-6.png>
Package pdftex.def Info: goodfellow-fig9-6.png  used on input line 1989.
(pdftex.def)             Requested size: 216.81pt x 94.11203pt.
 [89

 <./goodfellow-fig9-6.png>] [90

] [91

]
<goodfellow-fig9-7.png, id=2725, 564.1075pt x 532.99126pt>
File: goodfellow-fig9-7.png Graphic file (type png)
<use goodfellow-fig9-7.png>
Package pdftex.def Info: goodfellow-fig9-7.png  used on input line 2070.
(pdftex.def)             Requested size: 144.54pt x 136.56566pt.
 [92

 <./goodfellow-fig9-7.png>]
<goodfellow-fig9-8.png, id=2753, 523.9575pt x 481.8pt>
File: goodfellow-fig9-8.png Graphic file (type png)
<use goodfellow-fig9-8.png>
Package pdftex.def Info: goodfellow-fig9-8.png  used on input line 2083.
(pdftex.def)             Requested size: 130.08621pt x 119.61896pt.
 [93

 <./goodfellow-fig9-8.png>]
<goodfellow-fig9-9.png, id=2781, 584.1825pt x 351.3125pt>
File: goodfellow-fig9-9.png Graphic file (type png)
<use goodfellow-fig9-9.png>
Package pdftex.def Info: goodfellow-fig9-9.png  used on input line 2092.
(pdftex.def)             Requested size: 216.81pt x 130.38562pt.
 [94

 <./goodfellow-fig9-9.png>]
<goodfellow-fig9-10.png, id=2810, 567.11874pt x 177.66376pt>
File: goodfellow-fig9-10.png Graphic file (type png)
<use goodfellow-fig9-10.png>
Package pdftex.def Info: goodfellow-fig9-10.png  used on input line 2104.
(pdftex.def)             Requested size: 216.81pt x 67.91956pt.

[95

 <./goodfellow-fig9-10.png>]
<goodfellow-fig9-11.png, id=2838, 583.17876pt x 667.49374pt>
File: goodfellow-fig9-11.png Graphic file (type png)
<use goodfellow-fig9-11.png>
Package pdftex.def Info: goodfellow-fig9-11.png  used on input line 2128.
(pdftex.def)             Requested size: 144.54pt x 165.43692pt.
 [96

 <./goodfellow-fig9-11.png>] [97

]
<goodfellow-fig9-12.png, id=2893, 551.05875pt x 642.4pt>
File: goodfellow-fig9-12.png Graphic file (type png)
<use goodfellow-fig9-12.png>
Package pdftex.def Info: goodfellow-fig9-12.png  used on input line 2163.
(pdftex.def)             Requested size: 130.08621pt x 151.65018pt.
 [98

 <./goodfellow-fig9-12.png>] [99

]
<goodfellow-fig9-13.png, id=2948, 646.415pt x 582.175pt>
File: goodfellow-fig9-13.png Graphic file (type png)
<use goodfellow-fig9-13.png>
Package pdftex.def Info: goodfellow-fig9-13.png  used on input line 2204.
(pdftex.def)             Requested size: 180.67499pt x 162.71474pt.
 [100

 <./goodfellow-fig9-13.png>] [101

] [102

]
<goodfellow-fig9-14.png, id=3029, 447.6725pt x 541.02126pt>
File: goodfellow-fig9-14.png Graphic file (type png)
<use goodfellow-fig9-14.png>
Package pdftex.def Info: goodfellow-fig9-14.png  used on input line 2245.
(pdftex.def)             Requested size: 130.08621pt x 157.2141pt.

[103

 <./goodfellow-fig9-14.png>]
<goodfellow-fig9-15.png, id=3058, 626.34pt x 910.40125pt>
File: goodfellow-fig9-15.png Graphic file (type png)
<use goodfellow-fig9-15.png>
Package pdftex.def Info: goodfellow-fig9-15.png  used on input line 2254.
(pdftex.def)             Requested size: 115.63243pt x 168.0743pt.
 [104

 <./goodfellow-fig9-15.png>]
<goodfellow-fig9-16.png, id=3086, 469.755pt x 569.12625pt>
File: goodfellow-fig9-16.png Graphic file (type png)
<use goodfellow-fig9-16.png>
Package pdftex.def Info: goodfellow-fig9-16.png  used on input line 2265.
(pdftex.def)             Requested size: 115.63243pt x 140.0928pt.
 [105

 <./goodfellow-fig9-16.png>] [106

] [107

] [108

] [109

] [110

] [111

] [112

]
<goodfellow-fig9-19.png, id=3299, 608.2725pt x 298.11375pt>
File: goodfellow-fig9-19.png Graphic file (type png)
<use goodfellow-fig9-19.png>
Package pdftex.def Info: goodfellow-fig9-19.png  used on input line 2395.
(pdftex.def)             Requested size: 216.81pt x 106.25644pt.
 [113

 <./goodfellow-fig9-19.png>] (./07-Learning.toc) [114

]
<fukushima-fig2.png, id=3365, 131.5314pt x 81.906pt>
File: fukushima-fig2.png Graphic file (type png)
<use fukushima-fig2.png>
Package pdftex.def Info: fukushima-fig2.png  used on input line 2413.
(pdftex.def)             Requested size: 252.94499pt x 157.52892pt.

Overfull \vbox (18.20099pt too high) detected at line 2413
 []

[115

 <./fukushima-fig2.png>]
<lecun-fig2.png, id=3394, 211.2693pt x 59.7432pt>
File: lecun-fig2.png Graphic file (type png)
<use lecun-fig2.png>
Package pdftex.def Info: lecun-fig2.png  used on input line 2436.
(pdftex.def)             Requested size: 289.07999pt x 81.75375pt.
 [116

 <./lecun-fig2.png>] [117

]
<everingham-fig1.png, id=3449, 319.9152pt x 150.0807pt>
File: everingham-fig1.png Graphic file (type png)
<use everingham-fig1.png>
Package pdftex.def Info: everingham-fig1.png  used on input line 2471.
(pdftex.def)             Requested size: 325.215pt x 152.5696pt.
 [118

 <./everingham-fig1.png>]
<everingham-fig1bc.png, id=3477, 330.5148pt x 174.8934pt>
File: everingham-fig1bc.png Graphic file (type png)
<use everingham-fig1bc.png>
Package pdftex.def Info: everingham-fig1bc.png  used on input line 2480.
(pdftex.def)             Requested size: 325.215pt x 172.09622pt.

Overfull \vbox (3.69745pt too high) detected at line 2480
 []

[119

 <./everingham-fig1bc.png>]
<everingham-fig1d.png, id=3505, 346.1733pt x 81.906pt>
File: everingham-fig1d.png Graphic file (type png)
<use everingham-fig1d.png>
Package pdftex.def Info: everingham-fig1d.png  used on input line 2496.
(pdftex.def)             Requested size: 325.215pt x 76.9504pt.
 [120

 <./everingham-fig1d.png>] [121

]
<image-net.png, id=3561, 250.2951pt x 212.2329pt>
File: image-net.png Graphic file (type png)
<use image-net.png>
Package pdftex.def Info: image-net.png  used on input line 2540.
(pdftex.def)             Requested size: 202.35622pt x 171.59032pt.

Overfull \vbox (6.96931pt too high) detected at line 2540
 []

[122

 <./image-net.png>]
<quartz-imagenet.png, id=3591, 159.4758pt x 199.7061pt>
File: quartz-imagenet.png Graphic file (type png)
<use quartz-imagenet.png>
Package pdftex.def Info: quartz-imagenet.png  used on input line 2563.
(pdftex.def)             Requested size: 137.31255pt x 171.9572pt.

Underfull \hbox (badness 10000) in paragraph at lines 2563--2563
[][]$\OT1/cmtt/m/n/8 https : / / qz . com / 1034972 / the-[]data-[]that-[] \
 []


Underfull \hbox (badness 10000) in paragraph at lines 2563--2563
\OT1/cmtt/m/n/8 changed-[]the-[]direction-[]of-[]ai-[]research-[] \
 []


Overfull \vbox (0.56258pt too high) detected at line 2563
 []

[123

 <./quartz-imagenet.png>] [124

] [125

]
<krizhevsky-fig1.png, id=3676, 376.40625pt x 304.13625pt>
File: krizhevsky-fig1.png Graphic file (type png)
<use krizhevsky-fig1.png>
Package pdftex.def Info: krizhevsky-fig1.png  used on input line 2638.
(pdftex.def)             Requested size: 144.54pt x 116.78883pt.
 [126

 <./krizhevsky-fig1.png>]
<alexnet-fig2.png, id=3704, 183.8067pt x 59.0205pt>
File: alexnet-fig2.png Graphic file (type png)
<use alexnet-fig2.png>
Package pdftex.def Info: alexnet-fig2.png  used on input line 2658.
(pdftex.def)             Requested size: 325.215pt x 104.44011pt.

[127

 <./alexnet-fig2.png>] [128

] [129

] [130

] [131

] [132

]
<krizhevsky-fig3.png, id=3864, 431.6125pt x 176.66pt>
File: krizhevsky-fig3.png Graphic file (type png)
<use krizhevsky-fig3.png>
Package pdftex.def Info: krizhevsky-fig3.png  used on input line 2810.
(pdftex.def)             Requested size: 144.54pt x 59.16057pt.
 [133

 <./krizhevsky-fig3.png>] [134

]
<szegedy-fig3.png, id=3920, 86.9649pt x 379.1766pt>
File: szegedy-fig3.png Graphic file (type png)
<use szegedy-fig3.png>
Package pdftex.def Info: szegedy-fig3.png  used on input line 2852.
(pdftex.def)             Requested size: 39.74872pt x 173.31248pt.
 [135

 <./szegedy-fig3.png>] [136

]
<lin-fig1.png, id=3974, 133.6995pt x 48.6618pt>
File: lin-fig1.png Graphic file (type png)
<use lin-fig1.png>
Package pdftex.def Info: lin-fig1.png  used on input line 2900.
(pdftex.def)             Requested size: 216.81pt x 78.91779pt.
 [137

 <./lin-fig1.png>]
<szegedy-fig2.png, id=4003, 200.6697pt x 58.5387pt>
File: szegedy-fig2.png Graphic file (type png)
<use szegedy-fig2.png>
Package pdftex.def Info: szegedy-fig2.png  used on input line 2925.
(pdftex.def)             Requested size: 216.81pt x 63.2503pt.
 [138

 <./szegedy-fig2.png>] [139

] [140

] [141

] [142

] [143

]
<szegedy-15-fig1.png, id=4163, 328.22626pt x 277.035pt>
File: szegedy-15-fig1.png Graphic file (type png)
<use szegedy-15-fig1.png>
Package pdftex.def Info: szegedy-15-fig1.png  used on input line 3051.
(pdftex.def)             Requested size: 144.54pt x 121.99722pt.
 [144

 <./szegedy-15-fig1.png>]
<szegedy-15-fig2.png, id=4191, 442.65375pt x 243.91125pt>
File: szegedy-15-fig2.png Graphic file (type png)
<use szegedy-15-fig2.png>
Package pdftex.def Info: szegedy-15-fig2.png  used on input line 3068.
(pdftex.def)             Requested size: 216.81pt x 119.46916pt.

[145

 <./szegedy-15-fig2.png>]
<szegedy-15-fig4.png, id=4221, 422.57875pt x 339.2675pt>
File: szegedy-15-fig4.png Graphic file (type png)
<use szegedy-15-fig4.png>
Package pdftex.def Info: szegedy-15-fig4.png  used on input line 3088.
(pdftex.def)             Requested size: 108.405pt x 87.03233pt.
<szegedy-15-fig5.png, id=4222, 409.53pt x 405.515pt>
File: szegedy-15-fig5.png Graphic file (type png)
<use szegedy-15-fig5.png>
Package pdftex.def Info: szegedy-15-fig5.png  used on input line 3088.
(pdftex.def)             Requested size: 108.405pt x 107.34338pt.
 [146

 <./szegedy-15-fig4.png> <./szegedy-15-fig5.png>]
<szegedy-15-fig3.png, id=4251, 210.7875pt x 284.06125pt>
File: szegedy-15-fig3.png Graphic file (type png)
<use szegedy-15-fig3.png>
Package pdftex.def Info: szegedy-15-fig3.png  used on input line 3117.
(pdftex.def)             Requested size: 101.17755pt x 136.35217pt.
 [147

 <./szegedy-15-fig3.png>]
<szegedy-15-fig6.png, id=4279, 426.59375pt x 551.05875pt>
File: szegedy-15-fig6.png Graphic file (type png)
<use szegedy-15-fig6.png>
Package pdftex.def Info: szegedy-15-fig6.png  used on input line 3142.
(pdftex.def)             Requested size: 115.63243pt x 149.36803pt.
<szegedy-15-fig7.png, id=4280, 429.605pt x 369.38pt>
File: szegedy-15-fig7.png Graphic file (type png)
<use szegedy-15-fig7.png>
Package pdftex.def Info: szegedy-15-fig7.png  used on input line 3142.
(pdftex.def)             Requested size: 130.08621pt x 111.85193pt.

Overfull \vbox (1.56926pt too high) detected at line 3142
 []

[148

 <./szegedy-15-fig6.png> <./szegedy-15-fig7.png>]
<szegedy-15-fig8.png, id=4309, 316.18124pt x 198.7425pt>
File: szegedy-15-fig8.png Graphic file (type png)
<use szegedy-15-fig8.png>
Package pdftex.def Info: szegedy-15-fig8.png  used on input line 3168.
(pdftex.def)             Requested size: 144.54pt x 90.85556pt.
 [149

 <./szegedy-15-fig8.png>]
<szegedy-15-fig9.png, id=4338, 421.575pt x 213.79875pt>
File: szegedy-15-fig9.png Graphic file (type png)
<use szegedy-15-fig9.png>
Package pdftex.def Info: szegedy-15-fig9.png  used on input line 3196.
(pdftex.def)             Requested size: 130.08621pt x 65.97353pt.
<szegedy-15-fig10.png, id=4339, 434.62375pt x 251.94125pt>
File: szegedy-15-fig10.png Graphic file (type png)
<use szegedy-15-fig10.png>
Package pdftex.def Info: szegedy-15-fig10.png  used on input line 3196.
(pdftex.def)             Requested size: 130.08621pt x 75.40996pt.
 [150

 <./szegedy-15-fig9.png> <./szegedy-15-fig10.png>] [151

] [152

]
[153

]
<he-fig1.png, id=4448, 601.24625pt x 201.75375pt>
File: he-fig1.png Graphic file (type png)
<use he-fig1.png>
Package pdftex.def Info: he-fig1.png  used on input line 3294.
(pdftex.def)             Requested size: 274.6262pt x 92.1552pt.
 [154

 <./he-fig1.png>]
<he-fig2.png, id=4476, 58.5387pt x 32.2806pt>
File: he-fig2.png Graphic file (type png)
<use he-fig2.png>
Package pdftex.def Info: he-fig2.png  used on input line 3317.
(pdftex.def)             Requested size: 144.54pt x 79.71465pt.
 [155

 <./he-fig2.png>] [156

]
<he-fig3.png, id=4530, 400.49625pt x 880.28876pt>
File: he-fig3.png Graphic file (type png)
<use he-fig3.png>
Package pdftex.def Info: he-fig3.png  used on input line 3366.
(pdftex.def)             Requested size: 79.49744pt x 174.72485pt.
 [157

 <./he-fig3.png>]
<he-fig4.png, id=4560, 708.6475pt x 228.855pt>
File: he-fig4.png Graphic file (type png)
<use he-fig4.png>
Package pdftex.def Info: he-fig4.png  used on input line 3384.
(pdftex.def)             Requested size: 289.07999pt x 93.35973pt.

[158

 <./he-fig4.png>] [159

]
<he-fig5.png, id=4614, 451.6875pt x 164.615pt>
File: he-fig5.png Graphic file (type png)
<use he-fig5.png>
Package pdftex.def Info: he-fig5.png  used on input line 3414.
(pdftex.def)             Requested size: 289.07999pt x 105.35826pt.
 [160

 <./he-fig5.png>]
<he-fig6.png, id=4642, 884.30376pt x 226.8475pt>
File: he-fig6.png Graphic file (type png)
<use he-fig6.png>
Package pdftex.def Info: he-fig6.png  used on input line 3437.
(pdftex.def)             Requested size: 303.53377pt x 77.8644pt.
 [161

 <./he-fig6.png>]
<he-fig7.png, id=4671, 478.78876pt x 255.95625pt>
File: he-fig7.png Graphic file (type png)
<use he-fig7.png>
Package pdftex.def Info: he-fig7.png  used on input line 3463.
(pdftex.def)             Requested size: 173.44756pt x 92.7222pt.

[162

 <./he-fig7.png>] [163

]
<szegedy-16-fig3.png, id=4726, 259.97125pt x 717.68124pt>
File: szegedy-16-fig3.png Graphic file (type png)
<use szegedy-16-fig3.png>
Package pdftex.def Info: szegedy-16-fig3.png  used on input line 3511.
(pdftex.def)             Requested size: 65.04256pt x 179.55127pt.
 [164

 <./szegedy-16-fig3.png>]
<szegedy-16-fig4.png, id=4754, 381.425pt x 242.9075pt>
File: szegedy-16-fig4.png Graphic file (type png)
<use szegedy-16-fig4.png>
Package pdftex.def Info: szegedy-16-fig4.png  used on input line 3536.
(pdftex.def)             Requested size: 144.54pt x 92.04634pt.
<szegedy-16-fig5.png, id=4755, 378.41376pt x 325.215pt>
File: szegedy-16-fig5.png Graphic file (type png)
<use szegedy-16-fig5.png>
Package pdftex.def Info: szegedy-16-fig5.png  used on input line 3536.
(pdftex.def)             Requested size: 144.54pt x 124.21815pt.
 [165

 <./szegedy-16-fig4.png> <./szegedy-16-fig5.png>]
<szegedy-16-fig6.png, id=4785, 409.53pt x 279.0425pt>
File: szegedy-16-fig6.png Graphic file (type png)
<use szegedy-16-fig6.png>
Package pdftex.def Info: szegedy-16-fig6.png  used on input line 3561.
(pdftex.def)             Requested size: 144.54pt x 98.4881pt.
<szegedy-16-fig7.png, id=4786, 396.48125pt x 312.16624pt>
File: szegedy-16-fig7.png Graphic file (type png)
<use szegedy-16-fig7.png>
Package pdftex.def Info: szegedy-16-fig7.png  used on input line 3561.
(pdftex.def)             Requested size: 144.54pt x 113.80397pt.
 [166

 <./szegedy-16-fig6.png> <./szegedy-16-fig7.png>]
<szegedy-16-fig8.png, id=4815, 413.545pt x 409.53pt>
File: szegedy-16-fig8.png Graphic file (type png)
<use szegedy-16-fig8.png>
Package pdftex.def Info: szegedy-16-fig8.png  used on input line 3586.
(pdftex.def)             Requested size: 144.54pt x 143.13768pt.
<szegedy-16-fig9.png, id=4816, 204.765pt x 578.16pt>
File: szegedy-16-fig9.png Graphic file (type png)
<use szegedy-16-fig9.png>
Package pdftex.def Info: szegedy-16-fig9.png  used on input line 3586.
(pdftex.def)             Requested size: 65.04256pt x 183.64757pt.

Overfull \vbox (0.51962pt too high) detected at line 3586
 []

[167

 <./szegedy-16-fig8.png> <./szegedy-16-fig9.png>]
<szegedy-16-fig10.png, id=4845, 408.52625pt x 398.48875pt>
File: szegedy-16-fig10.png Graphic file (type png)
<use szegedy-16-fig10.png>
Package pdftex.def Info: szegedy-16-fig10.png  used on input line 3611.
(pdftex.def)             Requested size: 144.54pt x 140.98718pt.
<szegedy-16-fig11.png, id=4846, 402.50375pt x 503.8825pt>
File: szegedy-16-fig11.png Graphic file (type png)
<use szegedy-16-fig11.png>
Package pdftex.def Info: szegedy-16-fig11.png  used on input line 3611.
(pdftex.def)             Requested size: 115.63243pt x 144.7536pt.
 [168

 <./szegedy-16-fig10.png> <./szegedy-16-fig11.png>]
<szegedy-16-fig12.png, id=4875, 398.48875pt x 279.0425pt>
File: szegedy-16-fig12.png Graphic file (type png)
<use szegedy-16-fig12.png>
Package pdftex.def Info: szegedy-16-fig12.png  used on input line 3637.
(pdftex.def)             Requested size: 144.54pt x 101.2131pt.
<szegedy-16-fig13.png, id=4876, 400.49625pt x 505.89pt>
File: szegedy-16-fig13.png Graphic file (type png)
<use szegedy-16-fig13.png>
Package pdftex.def Info: szegedy-16-fig13.png  used on input line 3637.
(pdftex.def)             Requested size: 115.63243pt x 146.05592pt.
 [169

 <./szegedy-16-fig12.png> <./szegedy-16-fig13.png>]
<szegedy-16-fig14.png, id=4907, 208.78pt x 559.08875pt>
File: szegedy-16-fig14.png Graphic file (type png)
<use szegedy-16-fig14.png>
Package pdftex.def Info: szegedy-16-fig14.png  used on input line 3662.
(pdftex.def)             Requested size: 65.04256pt x 174.17734pt.
<szegedy-16-fig15.png, id=4908, 228.855pt x 533.995pt>
File: szegedy-16-fig15.png Graphic file (type png)
<use szegedy-16-fig15.png>
Package pdftex.def Info: szegedy-16-fig15.png  used on input line 3662.
(pdftex.def)             Requested size: 72.26999pt x 168.62486pt.
 [170

 <./szegedy-16-fig14.png> <./szegedy-16-fig15.png>]
<szegedy-16-fig16.png, id=4937, 460.72125pt x 442.65375pt>
File: szegedy-16-fig16.png Graphic file (type png)
<use szegedy-16-fig16.png>
Package pdftex.def Info: szegedy-16-fig16.png  used on input line 3688.
(pdftex.def)             Requested size: 130.08621pt x 124.98236pt.
<szegedy-16-fig17.png, id=4938, 457.71pt x 567.11874pt>
File: szegedy-16-fig17.png Graphic file (type png)
<use szegedy-16-fig17.png>
Package pdftex.def Info: szegedy-16-fig17.png  used on input line 3688.
(pdftex.def)             Requested size: 108.405pt x 134.31134pt.
 [171

 <./szegedy-16-fig16.png> <./szegedy-16-fig17.png>]
<szegedy-16-fig18.png, id=4967, 452.69125pt x 311.1625pt>
File: szegedy-16-fig18.png Graphic file (type png)
<use szegedy-16-fig18.png>
Package pdftex.def Info: szegedy-16-fig18.png  used on input line 3714.
(pdftex.def)             Requested size: 144.54pt x 99.35088pt.
<szegedy-16-fig19.png, id=4968, 454.69875pt x 566.115pt>
File: szegedy-16-fig19.png Graphic file (type png)
<use szegedy-16-fig19.png>
Package pdftex.def Info: szegedy-16-fig19.png  used on input line 3714.
(pdftex.def)             Requested size: 108.405pt x 134.96336pt.
 [172

 <./szegedy-16-fig18.png> <./szegedy-16-fig19.png>] [173

] [174

] [175

]
<hu-fig1.png, id=5079, 159.4758pt x 35.6532pt>
File: hu-fig1.png Graphic file (type png)
<use hu-fig1.png>
Package pdftex.def Info: hu-fig1.png  used on input line 3805.
(pdftex.def)             Requested size: 289.07999pt x 64.63046pt.
 [176

 <./hu-fig1.png>] [177

]
<hu-fig2.png, id=5136, 280.04625pt x 275.0275pt>
File: hu-fig2.png Graphic file (type png)
<use hu-fig2.png>
Package pdftex.def Info: hu-fig2.png  used on input line 3850.
(pdftex.def)             Requested size: 144.54pt x 141.95338pt.
<hu-fig3.png, id=5137, 318.18875pt x 298.11375pt>
File: hu-fig3.png Graphic file (type png)
<use hu-fig3.png>
Package pdftex.def Info: hu-fig3.png  used on input line 3850.
(pdftex.def)             Requested size: 144.54pt x 135.41907pt.
 [178

 <./hu-fig2.png> <./hu-fig3.png>]
<hu-table2.png, id=5166, 1045.9075pt x 227.85126pt>
File: hu-table2.png Graphic file (type png)
<use hu-table2.png>
Package pdftex.def Info: hu-table2.png  used on input line 3862.
(pdftex.def)             Requested size: 325.215pt x 70.84871pt.
 [179

 <./hu-table2.png>]
<hu-fig4.png, id=5194, 1026.83624pt x 218.8175pt>
File: hu-fig4.png Graphic file (type png)
<use hu-fig4.png>
Package pdftex.def Info: hu-fig4.png  used on input line 3873.
(pdftex.def)             Requested size: 325.215pt x 69.30182pt.
 [180

 <./hu-fig4.png>]
<hu-table3.png, id=5222, 1080.035pt x 95.35625pt>
File: hu-table3.png Graphic file (type png)
<use hu-table3.png>
Package pdftex.def Info: hu-table3.png  used on input line 3885.
(pdftex.def)             Requested size: 289.07999pt x 25.52245pt.
 [181

 <./hu-table3.png>] [182

] (./07-Learning.toc) [183

] [184

]
<felz-seg.png, id=5341, 151.0443pt x 58.0569pt>
File: felz-seg.png Graphic file (type png)
<use felz-seg.png>
Package pdftex.def Info: felz-seg.png  used on input line 3955.
(pdftex.def)             Requested size: 216.81pt x 83.3414pt.
 [185

 <./felz-seg.png>]
[186

]
<redmon-fig1.png, id=5395, 711.65875pt x 154.5775pt>
File: redmon-fig1.png Graphic file (type png)
<use redmon-fig1.png>
Package pdftex.def Info: redmon-fig1.png  used on input line 3999.
(pdftex.def)             Requested size: 289.07999pt x 62.78987pt.
 [187

 <./redmon-fig1.png>] [188

]
<pr-curve.png, id=5451, 1509.64pt x 748.7975pt>
File: pr-curve.png Graphic file (type png)
<use pr-curve.png>
Package pdftex.def Info: pr-curve.png  used on input line 4031.
(pdftex.def)             Requested size: 173.44756pt x 86.0242pt.
<pr-curve-smoothed.png, id=5452, 1616.0375pt x 752.8125pt>
File: pr-curve-smoothed.png Graphic file (type png)
<use pr-curve-smoothed.png>
Package pdftex.def Info: pr-curve-smoothed.png  used on input line 4031.
(pdftex.def)             Requested size: 137.31255pt x 63.95949pt.

Overfull \hbox (15.67435pt too wide) in paragraph at lines 4031--4031
[][]$\OT1/cmtt/m/n/8 https : / / medium . com / @jonathan _ hui / map-[]mean-[]
average-[]precision-[]for-[]object-[]$[]
 []


Overfull \vbox (0.21269pt too high) detected at line 4031
 []

[189

 <./pr-curve.png> <./pr-curve-smoothed.png>] [190

]
<redmon-fig2.png, id=5509, 727.71875pt x 450.68375pt>
File: redmon-fig2.png Graphic file (type png)
<use redmon-fig2.png>
Package pdftex.def Info: redmon-fig2.png  used on input line 4055.
(pdftex.def)             Requested size: 216.81pt x 134.2709pt.

Overfull \vbox (1.07214pt too high) detected at line 4055
 []

[191

 <./redmon-fig2.png>]
<redmon-fig3.png, id=5537, 1182.4175pt x 497.86pt>
File: redmon-fig3.png Graphic file (type png)
<use redmon-fig3.png>
Package pdftex.def Info: redmon-fig3.png  used on input line 4071.
(pdftex.def)             Requested size: 325.215pt x 136.93091pt.

Overfull \vbox (4.34047pt too high) detected at line 4071
 []

[192

 <./redmon-fig3.png>] [193

] [194

] [195

] [196

]
<redmon-table1.png, id=5672, 732.7375pt x 437.635pt>
File: redmon-table1.png Graphic file (type png)
<use redmon-table1.png>
Package pdftex.def Info: redmon-table1.png  used on input line 4163.
(pdftex.def)             Requested size: 216.81pt x 129.48851pt.
 [197

 <./redmon-table1.png>]
<redmon-fig4.png, id=5700, 711.65875pt x 385.44pt>
File: redmon-fig4.png Graphic file (type png)
<use redmon-fig4.png>
Package pdftex.def Info: redmon-fig4.png  used on input line 4178.
(pdftex.def)             Requested size: 216.81pt x 117.4208pt.

[198

 <./redmon-fig4.png>]
<redmon-table3.png, id=5728, 1479.5275pt x 499.8675pt>
File: redmon-table3.png Graphic file (type png)
<use redmon-table3.png>
Package pdftex.def Info: redmon-table3.png  used on input line 4189.
(pdftex.def)             Requested size: 325.215pt x 109.87202pt.
 [199

 <./redmon-table3.png>]
<redmon-fig5.png, id=5757, 1496.59125pt x 577.15625pt>
File: redmon-fig5.png Graphic file (type png)
<use redmon-fig5.png>
Package pdftex.def Info: redmon-fig5.png  used on input line 4202.
(pdftex.def)             Requested size: 325.215pt x 125.41597pt.
 [200

 <./redmon-fig5.png>]
<redmon-fig6.png, id=5786, 1459.4525pt x 605.26125pt>
File: redmon-fig6.png Graphic file (type png)
<use redmon-fig6.png>
Package pdftex.def Info: redmon-fig6.png  used on input line 4209.
(pdftex.def)             Requested size: 325.215pt x 134.86646pt.
[201

 <./redmon-fig6.png>]
<yolo-v3.png, id=5814, 301.3659pt x 166.9437pt>
File: yolo-v3.png Graphic file (type png)
<use yolo-v3.png>
Package pdftex.def Info: yolo-v3.png  used on input line 4222.
(pdftex.def)             Requested size: 289.07999pt x 160.14693pt.
 [202

 <./yolo-v3.png>] [203

]
<yolo-bb.png, id=5870, 133.6995pt x 170.3163pt>
File: yolo-bb.png Graphic file (type png)
<use yolo-bb.png>
Package pdftex.def Info: yolo-bb.png  used on input line 4272.
(pdftex.def)             Requested size: 130.08621pt x 165.72636pt.

Underfull \hbox (badness 10000) in paragraph at lines 4272--4272
[][]$\OT1/cmtt/m/n/8 https : / / blog . paperspace . com /
 []


Overfull \vbox (3.2013pt too high) detected at line 4272
 []

[204

 <./yolo-bb.png>] [205

] [206

] (./07-Learning.toc) [207

] [208

] [209

]
[210

] [211

] (./07-Learning.toc) [212

] [213

] [214

] [215

]
<figs/sequence.png, id=6213, 625.58719pt x 305.64188pt>
File: figs/sequence.png Graphic file (type png)
<use figs/sequence.png>
Package pdftex.def Info: figs/sequence.png  used on input line 4510.
(pdftex.def)             Requested size: 289.07999pt x 141.23589pt.
 [216

 <./figs/sequence.png>]
<figs/SmartPhonePlatform.png, id=6240, 746.79pt x 549.05125pt>
File: figs/SmartPhonePlatform.png Graphic file (type png)
<use figs/SmartPhonePlatform.png>
Package pdftex.def Info: figs/SmartPhonePlatform.png  used on input line 4519.
(pdftex.def)             Requested size: 252.94499pt x 185.96283pt.
 [217

 <./figs/SmartPhonePlatform.png>]
<figs/manual_ss5.png, id=6268, 512.91624pt x 814.04124pt>
File: figs/manual_ss5.png Graphic file (type png)
<use figs/manual_ss5.png>
Package pdftex.def Info: figs/manual_ss5.png  used on input line 4540.
(pdftex.def)             Requested size: 93.95122pt x 149.10472pt.
<figs/manual_ss4.png, id=6269, 511.9125pt x 806.01125pt>
File: figs/manual_ss4.png Graphic file (type png)
<use figs/manual_ss4.png>
Package pdftex.def Info: figs/manual_ss4.png  used on input line 4540.
(pdftex.def)             Requested size: 93.95122pt x 147.91676pt.
 [218

 <./figs/manual_ss5.png> <./figs/manual_ss4.png>]
<system_overview.pdf, id=6296, 477.785pt x 305.14pt>
File: system_overview.pdf Graphic file (type pdf)
<use system_overview.pdf>
Package pdftex.def Info: system_overview.pdf  used on input line 4560.
(pdftex.def)             Requested size: 144.54pt x 92.31094pt.
<flow_pine_210_keyall.pdf, id=6297, 642.4pt x 481.8pt>
File: flow_pine_210_keyall.pdf Graphic file (type pdf)
<use flow_pine_210_keyall.pdf>
Package pdftex.def Info: flow_pine_210_keyall.pdf  used on input line 4560.
(pdftex.def)             Requested size: 144.54pt x 108.40031pt.
 [219

 <./system_overview.pdf> <./flow_pine_210_keyall.pdf>]
[220

]
<flow_pine_210_keypos.pdf, id=6398, 642.4pt x 481.8pt>
File: flow_pine_210_keypos.pdf Graphic file (type pdf)
<use flow_pine_210_keypos.pdf>
Package pdftex.def Info: flow_pine_210_keypos.pdf  used on input line 4613.
(pdftex.def)             Requested size: 108.405pt x 81.30208pt.
<flow_pine_210_close.pdf, id=6399, 642.4pt x 481.8pt>
File: flow_pine_210_close.pdf Graphic file (type pdf)
<use flow_pine_210_close.pdf>
Package pdftex.def Info: flow_pine_210_close.pdf  used on input line 4613.
(pdftex.def)             Requested size: 108.405pt x 81.30208pt.
<flow_pine_210_compbig.pdf, id=6400, 481.8pt x 362.35374pt>
File: flow_pine_210_compbig.pdf Graphic file (type pdf)
<use flow_pine_210_compbig.pdf>
Package pdftex.def Info: flow_pine_210_compbig.pdf  used on input line 4613.
(pdftex.def)             Requested size: 108.405pt x 81.52606pt.
<flow_pine_210_rec.pdf, id=6401, 481.8pt x 362.35374pt>
File: flow_pine_210_rec.pdf Graphic file (type pdf)
<use flow_pine_210_rec.pdf>
Package pdftex.def Info: flow_pine_210_rec.pdf  used on input line 4613.
(pdftex.def)             Requested size: 108.405pt x 81.52606pt.

Overfull \vbox (1.6353pt too high) detected at line 4613
 []

[221

 <./flow_pine_210_keypos.pdf> <./flow_pine_210_close.pdf> <./flow_pine_210_comp
big.pdf> <./flow_pine_210_rec.pdf>]
<figs/QuadCopter.png, id=6446, 421.575pt x 208.52907pt>
File: figs/QuadCopter.png Graphic file (type png)
<use figs/QuadCopter.png>
Package pdftex.def Info: figs/QuadCopter.png  used on input line 4636.
(pdftex.def)             Requested size: 108.405pt x 53.62126pt.
<figs/image1249.png, id=6447, 321.2pt x 240.9pt>
File: figs/image1249.png Graphic file (type png)
<use figs/image1249.png>
Package pdftex.def Info: figs/image1249.png  used on input line 4636.
(pdftex.def)             Requested size: 108.405pt x 81.30206pt.
 [222

 <./figs/QuadCopter.png> <./figs/image1249.png>]
<figs/Waqar-DenseSeg.jpg, id=6475, 642.4pt x 481.8pt>
File: figs/Waqar-DenseSeg.jpg Graphic file (type jpg)
<use figs/Waqar-DenseSeg.jpg>
Package pdftex.def Info: figs/Waqar-DenseSeg.jpg  used on input line 4657.
(pdftex.def)             Requested size: 101.17755pt x 75.87654pt.
<figs/Waqar-Reconstruct.jpg, id=6476, 684.5575pt x 369.38pt>
File: figs/Waqar-Reconstruct.jpg Graphic file (type jpg)
<use figs/Waqar-Reconstruct.jpg>
Package pdftex.def Info: figs/Waqar-Reconstruct.jpg  used on input line 4657.
(pdftex.def)             Requested size: 108.405pt x 58.49329pt.
<figs/Waqar-Ellipsoid.jpg, id=6477, 513.92pt x 385.44pt>
File: figs/Waqar-Ellipsoid.jpg Graphic file (type jpg)
<use figs/Waqar-Ellipsoid.jpg>
Package pdftex.def Info: figs/Waqar-Ellipsoid.jpg  used on input line 4657.
(pdftex.def)             Requested size: 101.17755pt x 75.88095pt.
 [223

 <./figs/Waqar-DenseSeg.jpg (PNG copy)> <./figs/Waqar-Reconstruct.jpg (PNG copy
)> <./figs/Waqar-Ellipsoid.jpg>]
<figs/gl-world.png, id=6504, 630.355pt x 229.85875pt>
File: figs/gl-world.png Graphic file (type png)
<use figs/gl-world.png>
Package pdftex.def Info: figs/gl-world.png  used on input line 4675.
(pdftex.def)             Requested size: 216.81pt x 79.05933pt.
 [224

 <./figs/gl-world.png>]
(./07-Learning.toc) [225

] [226

] [227

] [228

]
<bolya-fig1.png, id=6646, 489.83pt x 356.33125pt>
File: bolya-fig1.png Graphic file (type png)
<use bolya-fig1.png>
Package pdftex.def Info: bolya-fig1.png  used on input line 4782.
(pdftex.def)             Requested size: 216.81pt x 157.71597pt.
 [229

 <./bolya-fig1.png>] [230

]
<bolya-fig2.png, id=6702, 1053.9375pt x 400.49625pt>
File: bolya-fig2.png Graphic file (type png)
<use bolya-fig2.png>
Package pdftex.def Info: bolya-fig2.png  used on input line 4824.
(pdftex.def)             Requested size: 361.34999pt x 137.3158pt.

[231

 <./bolya-fig2.png>] [232

]
<bolya-fig3.png, id=6756, 334.24875pt x 158.5925pt>
File: bolya-fig3.png Graphic file (type png)
<use bolya-fig3.png>
Package pdftex.def Info: bolya-fig3.png  used on input line 4864.
(pdftex.def)             Requested size: 216.81pt x 102.87335pt.
 [233

 <./bolya-fig3.png>]
<bolya-fig4.png, id=6785, 489.83pt x 315.1775pt>
File: bolya-fig4.png Graphic file (type png)
<use bolya-fig4.png>
Package pdftex.def Info: bolya-fig4.png  used on input line 4878.
(pdftex.def)             Requested size: 216.81pt x 139.5009pt.

Overfull \vbox (2.91046pt too high) detected at line 4878
 []

[234

 <./bolya-fig4.png>]
<bolya-fig5.png, id=6813, 496.85625pt x 563.10374pt>
File: bolya-fig5.png Graphic file (type png)
<use bolya-fig5.png>
Package pdftex.def Info: bolya-fig5.png  used on input line 4895.
(pdftex.def)             Requested size: 158.99377pt x 180.19687pt.
 [235

 <./bolya-fig5.png>]
<bolya-fig6.png, id=6842, 966.61125pt x 613.29124pt>
File: bolya-fig6.png Graphic file (type png)
<use bolya-fig6.png>
Package pdftex.def Info: bolya-fig6.png  used on input line 4918.
(pdftex.def)             Requested size: 260.17244pt x 165.06679pt.
 [236

 <./bolya-fig6.png>]
<bolya-fig7.png, id=6870, 999.735pt x 312.16624pt>
File: bolya-fig7.png Graphic file (type png)
<use bolya-fig7.png>
Package pdftex.def Info: bolya-fig7.png  used on input line 4929.
(pdftex.def)             Requested size: 361.34999pt x 112.83226pt.

[237

 <./bolya-fig7.png>]
<bolya-fig8.png, id=6898, 962.59625pt x 713.66624pt>
File: bolya-fig8.png Graphic file (type png)
<use bolya-fig8.png>
Package pdftex.def Info: bolya-fig8.png  used on input line 4940.
(pdftex.def)             Requested size: 238.49121pt x 176.81534pt.

Overfull \vbox (10.2874pt too high) detected at line 4940
 []

[238

 <./bolya-fig8.png>]
\tf@nav=\write6
\openout6 = `07-Learning.nav'.

\tf@toc=\write7
\openout7 = `07-Learning.toc'.

\tf@snm=\write8
\openout8 = `07-Learning.snm'.

Package atveryend Info: Empty hook `BeforeClearDocument' on input line 4943.
Package atveryend Info: Empty hook `AfterLastShipout' on input line 4943.
 (./07-Learning.aux)
Package atveryend Info: Executing hook `AtVeryEndDocument' on input line 4943.
Package atveryend Info: Executing hook `AtEndAfterFileList' on input line 4943.

Package rerunfilecheck Info: File `07-Learning.out' has not changed.
(rerunfilecheck)             Checksum: CA92477D045B0177C50683D79677309D;644.


LaTeX Font Warning: Some font shapes were not available, defaults substituted.

 ) 
Here is how much of TeX's memory you used:
 22669 strings out of 483183
 418266 string characters out of 5966293
 664643 words of memory out of 5000000
 36600 multiletter control sequences out of 15000+600000
 553461 words of font info for 101 fonts, out of 8000000 for 9000
 14 hyphenation exceptions out of 8191
 54i,15n,65p,778b,704s stack positions out of 5000i,500n,10000p,200000b,80000s
 </home/mdailey/.texlive2019/texmf-var/fonts/pk/ljfour/jknappen/ec/tcss1095.6
00pk></usr/share/texlive/texmf-dist/fonts/type1/public/amsfonts/cm/cmex10.pfb><
/usr/share/texlive/texmf-dist/fonts/type1/public/amsfonts/cm/cmmi10.pfb></usr/s
hare/texlive/texmf-dist/fonts/type1/public/amsfonts/cm/cmmi12.pfb></usr/share/t
exlive/texmf-dist/fonts/type1/public/amsfonts/cm/cmmi8.pfb></usr/share/texlive/
texmf-dist/fonts/type1/public/amsfonts/cm/cmmib10.pfb></usr/share/texlive/texmf
-dist/fonts/type1/public/amsfonts/cm/cmr8.pfb></usr/share/texlive/texmf-dist/fo
nts/type1/public/amsfonts/cm/cmss10.pfb></usr/share/texlive/texmf-dist/fonts/ty
pe1/public/amsfonts/cm/cmss12.pfb></usr/share/texlive/texmf-dist/fonts/type1/pu
blic/amsfonts/cm/cmss8.pfb></usr/share/texlive/texmf-dist/fonts/type1/public/am
sfonts/cm/cmss9.pfb></usr/share/texlive/texmf-dist/fonts/type1/public/amsfonts/
cm/cmssbx10.pfb></usr/share/texlive/texmf-dist/fonts/type1/public/amsfonts/cm/c
mssi10.pfb></usr/share/texlive/texmf-dist/fonts/type1/public/amsfonts/cm/cmssi1
2.pfb></usr/share/texlive/texmf-dist/fonts/type1/public/amsfonts/cm/cmssi8.pfb>
</usr/share/texlive/texmf-dist/fonts/type1/public/amsfonts/cm/cmsy10.pfb></usr/
share/texlive/texmf-dist/fonts/type1/public/amsfonts/cm/cmsy6.pfb></usr/share/t
exlive/texmf-dist/fonts/type1/public/amsfonts/cm/cmsy8.pfb></usr/share/texlive/
texmf-dist/fonts/type1/public/amsfonts/cm/cmtt10.pfb></usr/share/texlive/texmf-
dist/fonts/type1/public/amsfonts/cm/cmtt8.pfb></usr/share/texlive/texmf-dist/fo
nts/type1/public/amsfonts/cm/cmtt9.pfb></usr/share/texlive/texmf-dist/fonts/typ
e1/public/amsfonts/symbols/msbm10.pfb>
Output written on 07-Learning.pdf (238 pages, 21801121 bytes).
PDF statistics:
 7108 PDF objects out of 7423 (max. 8388607)
 6467 compressed objects within 65 object streams
 488 named destinations out of 1000 (max. 500000)
 820 words of extra memory for PDF output out of 10000 (max. 10000000)

