This is pdfTeX, Version 3.14159265-2.6-1.40.20 (TeX Live 2019/Debian) (preloaded format=pdflatex 2020.5.5)  2 JUN 2021 05:51
entering extended mode
 restricted \write18 enabled.
 %&-line parsing enabled.
**08-Visual-Odometry-SLAM.tex
(./08-Visual-Odometry-SLAM.tex
LaTeX2e <2020-02-02> patch level 2
L3 programming layer <2020-02-14>
(/usr/share/texlive/texmf-dist/tex/latex/beamer/beamer.cls
Document Class: beamer 2019/09/29 v3.57 A class for typesetting presentations
(/usr/share/texlive/texmf-dist/tex/latex/beamer/beamerbasemodes.sty
(/usr/share/texlive/texmf-dist/tex/latex/etoolbox/etoolbox.sty
Package: etoolbox 2019/09/21 v2.5h e-TeX tools for LaTeX (JAW)
\etb@tempcnta=\count167
)
\beamer@tempbox=\box45
\beamer@tempcount=\count168
\c@beamerpauses=\count169

(/usr/share/texlive/texmf-dist/tex/latex/beamer/beamerbasedecode.sty
\beamer@slideinframe=\count170
\beamer@minimum=\count171
\beamer@decode@box=\box46
)
\beamer@commentbox=\box47
\beamer@modecount=\count172
)
(/usr/share/texlive/texmf-dist/tex/generic/iftex/ifpdf.sty
Package: ifpdf 2019/10/25 v3.4 ifpdf legacy package. Use iftex instead.

(/usr/share/texlive/texmf-dist/tex/generic/iftex/iftex.sty
Package: iftex 2019/11/07 v1.0c TeX engine tests
))
\headdp=\dimen134
\footheight=\dimen135
\sidebarheight=\dimen136
\beamer@tempdim=\dimen137
\beamer@finalheight=\dimen138
\beamer@animht=\dimen139
\beamer@animdp=\dimen140
\beamer@animwd=\dimen141
\beamer@leftmargin=\dimen142
\beamer@rightmargin=\dimen143
\beamer@leftsidebar=\dimen144
\beamer@rightsidebar=\dimen145
\beamer@boxsize=\dimen146
\beamer@vboxoffset=\dimen147
\beamer@descdefault=\dimen148
\beamer@descriptionwidth=\dimen149
\beamer@lastskip=\skip47
\beamer@areabox=\box48
\beamer@animcurrent=\box49
\beamer@animshowbox=\box50
\beamer@sectionbox=\box51
\beamer@logobox=\box52
\beamer@linebox=\box53
\beamer@sectioncount=\count173
\beamer@subsubsectionmax=\count174
\beamer@subsectionmax=\count175
\beamer@sectionmax=\count176
\beamer@totalheads=\count177
\beamer@headcounter=\count178
\beamer@partstartpage=\count179
\beamer@sectionstartpage=\count180
\beamer@subsectionstartpage=\count181
\beamer@animationtempa=\count182
\beamer@animationtempb=\count183
\beamer@xpos=\count184
\beamer@ypos=\count185
\beamer@ypos@offset=\count186
\beamer@showpartnumber=\count187
\beamer@currentsubsection=\count188
\beamer@coveringdepth=\count189
\beamer@sectionadjust=\count190
\beamer@tocsectionnumber=\count191

(/usr/share/texlive/texmf-dist/tex/latex/beamer/beamerbaseoptions.sty
(/usr/share/texlive/texmf-dist/tex/latex/graphics/keyval.sty
Package: keyval 2014/10/28 v1.15 key=value parser (DPC)
\KV@toks@=\toks14
))
\beamer@paperwidth=\skip48
\beamer@paperheight=\skip49

(/usr/share/texlive/texmf-dist/tex/latex/geometry/geometry.sty
Package: geometry 2020/01/02 v5.9 Page Geometry

(/usr/share/texlive/texmf-dist/tex/generic/iftex/ifvtex.sty
Package: ifvtex 2019/10/25 v1.7 ifvtex legacy package. Use iftex instead.
)
\Gm@cnth=\count192
\Gm@cntv=\count193
\c@Gm@tempcnt=\count194
\Gm@bindingoffset=\dimen150
\Gm@wd@mp=\dimen151
\Gm@odd@mp=\dimen152
\Gm@even@mp=\dimen153
\Gm@layoutwidth=\dimen154
\Gm@layoutheight=\dimen155
\Gm@layouthoffset=\dimen156
\Gm@layoutvoffset=\dimen157
\Gm@dimlist=\toks15
)
(/usr/share/texlive/texmf-dist/tex/latex/base/size11.clo
File: size11.clo 2019/12/20 v1.4l Standard LaTeX file (size option)
)
(/usr/share/texlive/texmf-dist/tex/latex/pgf/basiclayer/pgfcore.sty
(/usr/share/texlive/texmf-dist/tex/latex/graphics/graphicx.sty
Package: graphicx 2019/11/30 v1.2a Enhanced LaTeX Graphics (DPC,SPQR)

(/usr/share/texlive/texmf-dist/tex/latex/graphics/graphics.sty
Package: graphics 2019/11/30 v1.4a Standard LaTeX Graphics (DPC,SPQR)

(/usr/share/texlive/texmf-dist/tex/latex/graphics/trig.sty
Package: trig 2016/01/03 v1.10 sin cos tan (DPC)
)
(/usr/share/texlive/texmf-dist/tex/latex/graphics-cfg/graphics.cfg
File: graphics.cfg 2016/06/04 v1.11 sample graphics configuration
)
Package graphics Info: Driver file: pdftex.def on input line 105.

(/usr/share/texlive/texmf-dist/tex/latex/graphics-def/pdftex.def
File: pdftex.def 2018/01/08 v1.0l Graphics/color driver for pdftex
))
\Gin@req@height=\dimen158
\Gin@req@width=\dimen159
)
(/usr/share/texlive/texmf-dist/tex/latex/pgf/systemlayer/pgfsys.sty
(/usr/share/texlive/texmf-dist/tex/latex/pgf/utilities/pgfrcs.sty
(/usr/share/texlive/texmf-dist/tex/generic/pgf/utilities/pgfutil-common.tex
\pgfutil@everybye=\toks16
\pgfutil@tempdima=\dimen160
\pgfutil@tempdimb=\dimen161

(/usr/share/texlive/texmf-dist/tex/generic/pgf/utilities/pgfutil-common-lists.t
ex)) (/usr/share/texlive/texmf-dist/tex/generic/pgf/utilities/pgfutil-latex.def
\pgfutil@abb=\box54
(/usr/share/texlive/texmf-dist/tex/latex/ms/everyshi.sty
Package: everyshi 2001/05/15 v3.00 EveryShipout Package (MS)
))
(/usr/share/texlive/texmf-dist/tex/generic/pgf/utilities/pgfrcs.code.tex
(/usr/share/texlive/texmf-dist/tex/generic/pgf/pgf.revision.tex)
Package: pgfrcs 2020/01/08 v3.1.5b (3.1.5b)
))
(/usr/share/texlive/texmf-dist/tex/generic/pgf/systemlayer/pgfsys.code.tex
Package: pgfsys 2020/01/08 v3.1.5b (3.1.5b)

(/usr/share/texlive/texmf-dist/tex/generic/pgf/utilities/pgfkeys.code.tex
\pgfkeys@pathtoks=\toks17
\pgfkeys@temptoks=\toks18

(/usr/share/texlive/texmf-dist/tex/generic/pgf/utilities/pgfkeysfiltered.code.t
ex
\pgfkeys@tmptoks=\toks19
))
\pgf@x=\dimen162
\pgf@y=\dimen163
\pgf@xa=\dimen164
\pgf@ya=\dimen165
\pgf@xb=\dimen166
\pgf@yb=\dimen167
\pgf@xc=\dimen168
\pgf@yc=\dimen169
\pgf@xd=\dimen170
\pgf@yd=\dimen171
\w@pgf@writea=\write3
\r@pgf@reada=\read2
\c@pgf@counta=\count195
\c@pgf@countb=\count196
\c@pgf@countc=\count197
\c@pgf@countd=\count198
\t@pgf@toka=\toks20
\t@pgf@tokb=\toks21
\t@pgf@tokc=\toks22
\pgf@sys@id@count=\count199
 (/usr/share/texlive/texmf-dist/tex/generic/pgf/systemlayer/pgf.cfg
File: pgf.cfg 2020/01/08 v3.1.5b (3.1.5b)
)
Driver file for pgf: pgfsys-pdftex.def

(/usr/share/texlive/texmf-dist/tex/generic/pgf/systemlayer/pgfsys-pdftex.def
File: pgfsys-pdftex.def 2020/01/08 v3.1.5b (3.1.5b)

(/usr/share/texlive/texmf-dist/tex/generic/pgf/systemlayer/pgfsys-common-pdf.de
f
File: pgfsys-common-pdf.def 2020/01/08 v3.1.5b (3.1.5b)
)))
(/usr/share/texlive/texmf-dist/tex/generic/pgf/systemlayer/pgfsyssoftpath.code.
tex
File: pgfsyssoftpath.code.tex 2020/01/08 v3.1.5b (3.1.5b)
\pgfsyssoftpath@smallbuffer@items=\count266
\pgfsyssoftpath@bigbuffer@items=\count267
)
(/usr/share/texlive/texmf-dist/tex/generic/pgf/systemlayer/pgfsysprotocol.code.
tex
File: pgfsysprotocol.code.tex 2020/01/08 v3.1.5b (3.1.5b)
)) (/usr/share/texlive/texmf-dist/tex/latex/xcolor/xcolor.sty
Package: xcolor 2016/05/11 v2.12 LaTeX color extensions (UK)

(/usr/share/texlive/texmf-dist/tex/latex/graphics-cfg/color.cfg
File: color.cfg 2016/01/02 v1.6 sample color configuration
)
Package xcolor Info: Driver file: pdftex.def on input line 225.
Package xcolor Info: Model `cmy' substituted by `cmy0' on input line 1348.
Package xcolor Info: Model `hsb' substituted by `rgb' on input line 1352.
Package xcolor Info: Model `RGB' extended on input line 1364.
Package xcolor Info: Model `HTML' substituted by `rgb' on input line 1366.
Package xcolor Info: Model `Hsb' substituted by `hsb' on input line 1367.
Package xcolor Info: Model `tHsb' substituted by `hsb' on input line 1368.
Package xcolor Info: Model `HSB' substituted by `hsb' on input line 1369.
Package xcolor Info: Model `Gray' substituted by `gray' on input line 1370.
Package xcolor Info: Model `wave' substituted by `hsb' on input line 1371.
)
(/usr/share/texlive/texmf-dist/tex/generic/pgf/basiclayer/pgfcore.code.tex
Package: pgfcore 2020/01/08 v3.1.5b (3.1.5b)

(/usr/share/texlive/texmf-dist/tex/generic/pgf/math/pgfmath.code.tex
(/usr/share/texlive/texmf-dist/tex/generic/pgf/math/pgfmathcalc.code.tex
(/usr/share/texlive/texmf-dist/tex/generic/pgf/math/pgfmathutil.code.tex)
(/usr/share/texlive/texmf-dist/tex/generic/pgf/math/pgfmathparser.code.tex
\pgfmath@dimen=\dimen172
\pgfmath@count=\count268
\pgfmath@box=\box55
\pgfmath@toks=\toks23
\pgfmath@stack@operand=\toks24
\pgfmath@stack@operation=\toks25
)
(/usr/share/texlive/texmf-dist/tex/generic/pgf/math/pgfmathfunctions.code.tex
(/usr/share/texlive/texmf-dist/tex/generic/pgf/math/pgfmathfunctions.basic.code
.tex)
(/usr/share/texlive/texmf-dist/tex/generic/pgf/math/pgfmathfunctions.trigonomet
ric.code.tex)
(/usr/share/texlive/texmf-dist/tex/generic/pgf/math/pgfmathfunctions.random.cod
e.tex)
(/usr/share/texlive/texmf-dist/tex/generic/pgf/math/pgfmathfunctions.comparison
.code.tex)
(/usr/share/texlive/texmf-dist/tex/generic/pgf/math/pgfmathfunctions.base.code.
tex)
(/usr/share/texlive/texmf-dist/tex/generic/pgf/math/pgfmathfunctions.round.code
.tex)
(/usr/share/texlive/texmf-dist/tex/generic/pgf/math/pgfmathfunctions.misc.code.
tex)
(/usr/share/texlive/texmf-dist/tex/generic/pgf/math/pgfmathfunctions.integerari
thmetics.code.tex)))
(/usr/share/texlive/texmf-dist/tex/generic/pgf/math/pgfmathfloat.code.tex
\c@pgfmathroundto@lastzeros=\count269
))
(/usr/share/texlive/texmf-dist/tex/generic/pgf/math/pgfint.code.tex)
(/usr/share/texlive/texmf-dist/tex/generic/pgf/basiclayer/pgfcorepoints.code.te
x
File: pgfcorepoints.code.tex 2020/01/08 v3.1.5b (3.1.5b)
\pgf@picminx=\dimen173
\pgf@picmaxx=\dimen174
\pgf@picminy=\dimen175
\pgf@picmaxy=\dimen176
\pgf@pathminx=\dimen177
\pgf@pathmaxx=\dimen178
\pgf@pathminy=\dimen179
\pgf@pathmaxy=\dimen180
\pgf@xx=\dimen181
\pgf@xy=\dimen182
\pgf@yx=\dimen183
\pgf@yy=\dimen184
\pgf@zx=\dimen185
\pgf@zy=\dimen186
)
(/usr/share/texlive/texmf-dist/tex/generic/pgf/basiclayer/pgfcorepathconstruct.
code.tex
File: pgfcorepathconstruct.code.tex 2020/01/08 v3.1.5b (3.1.5b)
\pgf@path@lastx=\dimen187
\pgf@path@lasty=\dimen188
)
(/usr/share/texlive/texmf-dist/tex/generic/pgf/basiclayer/pgfcorepathusage.code
.tex
File: pgfcorepathusage.code.tex 2020/01/08 v3.1.5b (3.1.5b)
\pgf@shorten@end@additional=\dimen189
\pgf@shorten@start@additional=\dimen190
)
(/usr/share/texlive/texmf-dist/tex/generic/pgf/basiclayer/pgfcorescopes.code.te
x
File: pgfcorescopes.code.tex 2020/01/08 v3.1.5b (3.1.5b)
\pgfpic=\box56
\pgf@hbox=\box57
\pgf@layerbox@main=\box58
\pgf@picture@serial@count=\count270
)
(/usr/share/texlive/texmf-dist/tex/generic/pgf/basiclayer/pgfcoregraphicstate.c
ode.tex
File: pgfcoregraphicstate.code.tex 2020/01/08 v3.1.5b (3.1.5b)
\pgflinewidth=\dimen191
)
(/usr/share/texlive/texmf-dist/tex/generic/pgf/basiclayer/pgfcoretransformation
s.code.tex
File: pgfcoretransformations.code.tex 2020/01/08 v3.1.5b (3.1.5b)
\pgf@pt@x=\dimen192
\pgf@pt@y=\dimen193
\pgf@pt@temp=\dimen194
)
(/usr/share/texlive/texmf-dist/tex/generic/pgf/basiclayer/pgfcorequick.code.tex
File: pgfcorequick.code.tex 2020/01/08 v3.1.5b (3.1.5b)
)
(/usr/share/texlive/texmf-dist/tex/generic/pgf/basiclayer/pgfcoreobjects.code.t
ex
File: pgfcoreobjects.code.tex 2020/01/08 v3.1.5b (3.1.5b)
)
(/usr/share/texlive/texmf-dist/tex/generic/pgf/basiclayer/pgfcorepathprocessing
.code.tex
File: pgfcorepathprocessing.code.tex 2020/01/08 v3.1.5b (3.1.5b)
)
(/usr/share/texlive/texmf-dist/tex/generic/pgf/basiclayer/pgfcorearrows.code.te
x
File: pgfcorearrows.code.tex 2020/01/08 v3.1.5b (3.1.5b)
\pgfarrowsep=\dimen195
)
(/usr/share/texlive/texmf-dist/tex/generic/pgf/basiclayer/pgfcoreshade.code.tex
File: pgfcoreshade.code.tex 2020/01/08 v3.1.5b (3.1.5b)
\pgf@max=\dimen196
\pgf@sys@shading@range@num=\count271
\pgf@shadingcount=\count272
)
(/usr/share/texlive/texmf-dist/tex/generic/pgf/basiclayer/pgfcoreimage.code.tex
File: pgfcoreimage.code.tex 2020/01/08 v3.1.5b (3.1.5b)

(/usr/share/texlive/texmf-dist/tex/generic/pgf/basiclayer/pgfcoreexternal.code.
tex
File: pgfcoreexternal.code.tex 2020/01/08 v3.1.5b (3.1.5b)
\pgfexternal@startupbox=\box59
))
(/usr/share/texlive/texmf-dist/tex/generic/pgf/basiclayer/pgfcorelayers.code.te
x
File: pgfcorelayers.code.tex 2020/01/08 v3.1.5b (3.1.5b)
)
(/usr/share/texlive/texmf-dist/tex/generic/pgf/basiclayer/pgfcoretransparency.c
ode.tex
File: pgfcoretransparency.code.tex 2020/01/08 v3.1.5b (3.1.5b)
)
(/usr/share/texlive/texmf-dist/tex/generic/pgf/basiclayer/pgfcorepatterns.code.
tex
File: pgfcorepatterns.code.tex 2020/01/08 v3.1.5b (3.1.5b)
)
(/usr/share/texlive/texmf-dist/tex/generic/pgf/basiclayer/pgfcorerdf.code.tex
File: pgfcorerdf.code.tex 2020/01/08 v3.1.5b (3.1.5b)
))) (/usr/share/texlive/texmf-dist/tex/latex/pgf/utilities/xxcolor.sty
Package: xxcolor 2003/10/24 ver 0.1
\XC@nummixins=\count273
\XC@countmixins=\count274
)
(/usr/share/texlive/texmf-dist/tex/generic/atbegshi/atbegshi.sty
Package: atbegshi 2019/12/05 v1.19 At begin shipout hook (HO)

(/usr/share/texlive/texmf-dist/tex/generic/infwarerr/infwarerr.sty
Package: infwarerr 2019/12/03 v1.5 Providing info/warning/error messages (HO)
)
(/usr/share/texlive/texmf-dist/tex/generic/ltxcmds/ltxcmds.sty
Package: ltxcmds 2019/12/15 v1.24 LaTeX kernel commands for general use (HO)
))
(/usr/share/texlive/texmf-dist/tex/latex/hyperref/hyperref.sty
Package: hyperref 2020/01/14 v7.00d Hypertext links for LaTeX

(/usr/share/texlive/texmf-dist/tex/latex/pdftexcmds/pdftexcmds.sty
Package: pdftexcmds 2019/11/24 v0.31 Utility functions of pdfTeX for LuaTeX (HO
)
Package pdftexcmds Info: \pdf@primitive is available.
Package pdftexcmds Info: \pdf@ifprimitive is available.
Package pdftexcmds Info: \pdfdraftmode found.
)
(/usr/share/texlive/texmf-dist/tex/generic/kvsetkeys/kvsetkeys.sty
Package: kvsetkeys 2019/12/15 v1.18 Key value parser (HO)
)
(/usr/share/texlive/texmf-dist/tex/generic/kvdefinekeys/kvdefinekeys.sty
Package: kvdefinekeys 2019-12-19 v1.6 Define keys (HO)
)
(/usr/share/texlive/texmf-dist/tex/generic/pdfescape/pdfescape.sty
Package: pdfescape 2019/12/09 v1.15 Implements pdfTeX's escape features (HO)
)
(/usr/share/texlive/texmf-dist/tex/latex/hycolor/hycolor.sty
Package: hycolor 2020-01-27 v1.10 Color options for hyperref/bookmark (HO)
)
(/usr/share/texlive/texmf-dist/tex/latex/letltxmacro/letltxmacro.sty
Package: letltxmacro 2019/12/03 v1.6 Let assignment for LaTeX macros (HO)
)
(/usr/share/texlive/texmf-dist/tex/latex/auxhook/auxhook.sty
Package: auxhook 2019-12-17 v1.6 Hooks for auxiliary files (HO)
)
(/usr/share/texlive/texmf-dist/tex/latex/kvoptions/kvoptions.sty
Package: kvoptions 2019/11/29 v3.13 Key value format for package options (HO)
)
\@linkdim=\dimen197
\Hy@linkcounter=\count275
\Hy@pagecounter=\count276

(/usr/share/texlive/texmf-dist/tex/latex/hyperref/pd1enc.def
File: pd1enc.def 2020/01/14 v7.00d Hyperref: PDFDocEncoding definition (HO)
Now handling font encoding PD1 ...
... no UTF-8 mapping file for font encoding PD1
)
(/usr/share/texlive/texmf-dist/tex/generic/intcalc/intcalc.sty
Package: intcalc 2019/12/15 v1.3 Expandable calculations with integers (HO)
)
(/usr/share/texlive/texmf-dist/tex/generic/etexcmds/etexcmds.sty
Package: etexcmds 2019/12/15 v1.7 Avoid name clashes with e-TeX commands (HO)
)
\Hy@SavedSpaceFactor=\count277
\pdfmajorversion=\count278
Package hyperref Info: Option `bookmarks' set `true' on input line 4421.
Package hyperref Info: Option `bookmarksopen' set `true' on input line 4421.
Package hyperref Info: Option `implicit' set `false' on input line 4421.
Package hyperref Info: Hyper figures OFF on input line 4547.
Package hyperref Info: Link nesting OFF on input line 4552.
Package hyperref Info: Hyper index ON on input line 4555.
Package hyperref Info: Plain pages OFF on input line 4562.
Package hyperref Info: Backreferencing OFF on input line 4567.
Package hyperref Info: Implicit mode OFF; no redefinition of LaTeX internals.
Package hyperref Info: Bookmarks ON on input line 4800.
\c@Hy@tempcnt=\count279

(/usr/share/texlive/texmf-dist/tex/latex/url/url.sty
\Urlmuskip=\muskip16
Package: url 2013/09/16  ver 3.4  Verb mode for urls, etc.
)
LaTeX Info: Redefining \url on input line 5159.
\XeTeXLinkMargin=\dimen198

(/usr/share/texlive/texmf-dist/tex/generic/bitset/bitset.sty
Package: bitset 2019/12/09 v1.3 Handle bit-vector datatype (HO)

(/usr/share/texlive/texmf-dist/tex/generic/bigintcalc/bigintcalc.sty
Package: bigintcalc 2019/12/15 v1.5 Expandable calculations on big integers (HO
)
))
\Fld@menulength=\count280
\Field@Width=\dimen199
\Fld@charsize=\dimen256
Package hyperref Info: Hyper figures OFF on input line 6430.
Package hyperref Info: Link nesting OFF on input line 6435.
Package hyperref Info: Hyper index ON on input line 6438.
Package hyperref Info: backreferencing OFF on input line 6445.
Package hyperref Info: Link coloring OFF on input line 6450.
Package hyperref Info: Link coloring with OCG OFF on input line 6455.
Package hyperref Info: PDF/A mode OFF on input line 6460.
LaTeX Info: Redefining \ref on input line 6500.
LaTeX Info: Redefining \pageref on input line 6504.
\Hy@abspage=\count281


Package hyperref Message: Stopped early.

)
Package hyperref Info: Driver (autodetected): hpdftex.
 (/usr/share/texlive/texmf-dist/tex/latex/hyperref/hpdftex.def
File: hpdftex.def 2020/01/14 v7.00d Hyperref driver for pdfTeX

(/usr/share/texlive/texmf-dist/tex/latex/atveryend/atveryend.sty
Package: atveryend 2019-12-11 v1.11 Hooks at the very end of document (HO)
)
\Fld@listcount=\count282
\c@bookmark@seq@number=\count283

(/usr/share/texlive/texmf-dist/tex/latex/rerunfilecheck/rerunfilecheck.sty
Package: rerunfilecheck 2019/12/05 v1.9 Rerun checks for auxiliary files (HO)

(/usr/share/texlive/texmf-dist/tex/generic/uniquecounter/uniquecounter.sty
Package: uniquecounter 2019/12/15 v1.4 Provide unlimited unique counter (HO)
)
Package uniquecounter Info: New unique counter `rerunfilecheck' on input line 2
86.
))
(/usr/share/texlive/texmf-dist/tex/latex/beamer/beamerbaserequires.sty
(/usr/share/texlive/texmf-dist/tex/latex/beamer/beamerbasecompatibility.sty)
(/usr/share/texlive/texmf-dist/tex/latex/beamer/beamerbasefont.sty
(/usr/share/texlive/texmf-dist/tex/latex/amsfonts/amssymb.sty
Package: amssymb 2013/01/14 v3.01 AMS font symbols

(/usr/share/texlive/texmf-dist/tex/latex/amsfonts/amsfonts.sty
Package: amsfonts 2013/01/14 v3.01 Basic AMSFonts support
\@emptytoks=\toks26
\symAMSa=\mathgroup4
\symAMSb=\mathgroup5
LaTeX Font Info:    Redeclaring math symbol \hbar on input line 98.
LaTeX Font Info:    Overwriting math alphabet `\mathfrak' in version `bold'
(Font)                  U/euf/m/n --> U/euf/b/n on input line 106.
)))
(/usr/share/texlive/texmf-dist/tex/latex/beamer/beamerbasetranslator.sty
(/usr/share/texlive/texmf-dist/tex/latex/translator/translator.sty
Package: translator 2019-05-31 v1.12a Easy translation of strings in LaTeX
))
(/usr/share/texlive/texmf-dist/tex/latex/beamer/beamerbasemisc.sty)
(/usr/share/texlive/texmf-dist/tex/latex/beamer/beamerbasetwoscreens.sty)
(/usr/share/texlive/texmf-dist/tex/latex/beamer/beamerbaseoverlay.sty
\beamer@argscount=\count284
\beamer@lastskipcover=\skip50
\beamer@trivlistdepth=\count285
)
(/usr/share/texlive/texmf-dist/tex/latex/beamer/beamerbasetitle.sty)
(/usr/share/texlive/texmf-dist/tex/latex/beamer/beamerbasesection.sty
\c@lecture=\count286
\c@part=\count287
\c@section=\count288
\c@subsection=\count289
\c@subsubsection=\count290
)
(/usr/share/texlive/texmf-dist/tex/latex/beamer/beamerbaseframe.sty
\beamer@framebox=\box60
\beamer@frametitlebox=\box61
\beamer@zoombox=\box62
\beamer@zoomcount=\count291
\beamer@zoomframecount=\count292
\beamer@frametextheight=\dimen257
\c@subsectionslide=\count293
\beamer@frametopskip=\skip51
\beamer@framebottomskip=\skip52
\beamer@frametopskipautobreak=\skip53
\beamer@framebottomskipautobreak=\skip54
\beamer@envbody=\toks27
\framewidth=\dimen258
\c@framenumber=\count294
)
(/usr/share/texlive/texmf-dist/tex/latex/beamer/beamerbaseverbatim.sty
\beamer@verbatimfileout=\write4
)
(/usr/share/texlive/texmf-dist/tex/latex/beamer/beamerbaseframesize.sty
\beamer@splitbox=\box63
\beamer@autobreakcount=\count295
\beamer@autobreaklastheight=\dimen259
\beamer@frametitletoks=\toks28
\beamer@framesubtitletoks=\toks29
)
(/usr/share/texlive/texmf-dist/tex/latex/beamer/beamerbaseframecomponents.sty
\beamer@footins=\box64
)
(/usr/share/texlive/texmf-dist/tex/latex/beamer/beamerbasecolor.sty)
(/usr/share/texlive/texmf-dist/tex/latex/beamer/beamerbasenotes.sty
\beamer@frameboxcopy=\box65
)
(/usr/share/texlive/texmf-dist/tex/latex/beamer/beamerbasetoc.sty)
(/usr/share/texlive/texmf-dist/tex/latex/beamer/beamerbasetemplates.sty
\beamer@sbttoks=\toks30

(/usr/share/texlive/texmf-dist/tex/latex/beamer/beamerbaseauxtemplates.sty
(/usr/share/texlive/texmf-dist/tex/latex/beamer/beamerbaseboxes.sty
\bmb@box=\box66
\bmb@colorbox=\box67
\bmb@boxshadow=\box68
\bmb@boxshadowball=\box69
\bmb@boxshadowballlarge=\box70
\bmb@temp=\dimen260
\bmb@dima=\dimen261
\bmb@dimb=\dimen262
\bmb@prevheight=\dimen263
)
\beamer@blockheadheight=\dimen264
))
(/usr/share/texlive/texmf-dist/tex/latex/beamer/beamerbaselocalstructure.sty
(/usr/share/texlive/texmf-dist/tex/latex/tools/enumerate.sty
Package: enumerate 2015/07/23 v3.00 enumerate extensions (DPC)
\@enLab=\toks31
)
\c@figure=\count296
\c@table=\count297
\abovecaptionskip=\skip55
\belowcaptionskip=\skip56
)
(/usr/share/texlive/texmf-dist/tex/latex/beamer/beamerbasenavigation.sty
\beamer@section@min@dim=\dimen265
)
(/usr/share/texlive/texmf-dist/tex/latex/beamer/beamerbasetheorems.sty
(/usr/share/texlive/texmf-dist/tex/latex/amsmath/amsmath.sty
Package: amsmath 2020/01/20 v2.17e AMS math features
\@mathmargin=\skip57

For additional information on amsmath, use the `?' option.
(/usr/share/texlive/texmf-dist/tex/latex/amsmath/amstext.sty
Package: amstext 2000/06/29 v2.01 AMS text

(/usr/share/texlive/texmf-dist/tex/latex/amsmath/amsgen.sty
File: amsgen.sty 1999/11/30 v2.0 generic functions
\@emptytoks=\toks32
\ex@=\dimen266
))
(/usr/share/texlive/texmf-dist/tex/latex/amsmath/amsbsy.sty
Package: amsbsy 1999/11/29 v1.2d Bold Symbols
\pmbraise@=\dimen267
)
(/usr/share/texlive/texmf-dist/tex/latex/amsmath/amsopn.sty
Package: amsopn 2016/03/08 v2.02 operator names
)
\inf@bad=\count298
LaTeX Info: Redefining \frac on input line 227.
\uproot@=\count299
\leftroot@=\count300
LaTeX Info: Redefining \overline on input line 389.
\classnum@=\count301
\DOTSCASE@=\count302
LaTeX Info: Redefining \ldots on input line 486.
LaTeX Info: Redefining \dots on input line 489.
LaTeX Info: Redefining \cdots on input line 610.
\Mathstrutbox@=\box71
\strutbox@=\box72
\big@size=\dimen268
LaTeX Font Info:    Redeclaring font encoding OML on input line 733.
LaTeX Font Info:    Redeclaring font encoding OMS on input line 734.
\macc@depth=\count303
\c@MaxMatrixCols=\count304
\dotsspace@=\muskip17
\c@parentequation=\count305
\dspbrk@lvl=\count306
\tag@help=\toks33
\row@=\count307
\column@=\count308
\maxfields@=\count309
\andhelp@=\toks34
\eqnshift@=\dimen269
\alignsep@=\dimen270
\tagshift@=\dimen271
\tagwidth@=\dimen272
\totwidth@=\dimen273
\lineht@=\dimen274
\@envbody=\toks35
\multlinegap=\skip58
\multlinetaggap=\skip59
\mathdisplay@stack=\toks36
LaTeX Info: Redefining \[ on input line 2859.
LaTeX Info: Redefining \] on input line 2860.
)
(/usr/share/texlive/texmf-dist/tex/latex/amscls/amsthm.sty
Package: amsthm 2017/10/31 v2.20.4
\thm@style=\toks37
\thm@bodyfont=\toks38
\thm@headfont=\toks39
\thm@notefont=\toks40
\thm@headpunct=\toks41
\thm@preskip=\skip60
\thm@postskip=\skip61
\thm@headsep=\skip62
\dth@everypar=\toks42
)
\c@theorem=\count310
)
(/usr/share/texlive/texmf-dist/tex/latex/beamer/beamerbasethemes.sty))
(/usr/share/texlive/texmf-dist/tex/latex/beamer/beamerthemedefault.sty
(/usr/share/texlive/texmf-dist/tex/latex/beamer/beamerfontthemedefault.sty)
(/usr/share/texlive/texmf-dist/tex/latex/beamer/beamercolorthemedefault.sty)
(/usr/share/texlive/texmf-dist/tex/latex/beamer/beamerinnerthemedefault.sty
\beamer@dima=\dimen275
\beamer@dimb=\dimen276
)
(/usr/share/texlive/texmf-dist/tex/latex/beamer/beamerouterthemedefault.sty)))
(/usr/share/texlive/texmf-dist/tex/latex/beamer/beamerthemeMadrid.sty
(/usr/share/texlive/texmf-dist/tex/latex/beamer/beamercolorthemewhale.sty)
(/usr/share/texlive/texmf-dist/tex/latex/beamer/beamercolorthemeorchid.sty)
(/usr/share/texlive/texmf-dist/tex/latex/beamer/beamerinnerthemerounded.sty)
(/usr/share/texlive/texmf-dist/tex/latex/beamer/beamerouterthemeinfolines.sty))
(/usr/share/texlive/texmf-dist/tex/latex/beamer/beamercolorthemerose.sty)
(/usr/share/texlive/texmf-dist/tex/latex/beamer/beamerfontthemestructurebold.st
y) (/usr/share/texlive/texmf-dist/tex/latex/pgf/basiclayer/pgf.sty
Package: pgf 2020/01/08 v3.1.5b (3.1.5b)

(/usr/share/texlive/texmf-dist/tex/generic/pgf/modules/pgfmoduleshapes.code.tex
File: pgfmoduleshapes.code.tex 2020/01/08 v3.1.5b (3.1.5b)
\pgfnodeparttextbox=\box73
) (/usr/share/texlive/texmf-dist/tex/generic/pgf/modules/pgfmoduleplot.code.tex
File: pgfmoduleplot.code.tex 2020/01/08 v3.1.5b (3.1.5b)
)
(/usr/share/texlive/texmf-dist/tex/latex/pgf/compatibility/pgfcomp-version-0-65
.sty
Package: pgfcomp-version-0-65 2020/01/08 v3.1.5b (3.1.5b)
\pgf@nodesepstart=\dimen277
\pgf@nodesepend=\dimen278
)
(/usr/share/texlive/texmf-dist/tex/latex/pgf/compatibility/pgfcomp-version-1-18
.sty
Package: pgfcomp-version-1-18 2020/01/08 v3.1.5b (3.1.5b)
)) (/usr/share/texlive/texmf-dist/tex/latex/pgf/compatibility/pgfarrows.sty
Package: pgfarrows 2020/01/08 v3.1.5b (3.1.5b)

Package pgfarrows Warning: This package is obsolete. pgf.sty will load arrow ma
nagement automatically on input line 17.

) (/usr/share/texlive/texmf-dist/tex/latex/pgf/compatibility/pgfnodes.sty
Package: pgfnodes 2020/01/08 v3.1.5b (3.1.5b)


Package pgfnodes Warning: This package is obsolete. pgf.sty will load node mana
gement automatically on input line 17.

) (/usr/share/texlive/texmf-dist/tex/latex/pgf/compatibility/pgfautomata.sty
Package: pgfautomata 2020/01/08 v3.1.5b (3.1.5b)


Package pgfautomata Warning: This package is obsolete. on input line 17.

\pgf@stateradius=\dimen279
\pgf@mooreradius=\dimen280
\pgf@doublethickness=\dimen281
\pgf@statebackoff=\dimen282
) (/usr/share/texlive/texmf-dist/tex/latex/pgf/compatibility/pgfheaps.sty
Package: pgfheaps 2020/01/08 v3.1.5b (3.1.5b)


Package pgfheaps Warning: This package is obsolete. on input line 16.

\pgf@heapx=\dimen283
\pgf@heapy=\dimen284
) (/usr/share/texlive/texmf-dist/tex/latex/pgf/compatibility/pgfshade.sty
Package: pgfshade 2020/01/08 v3.1.5b (3.1.5b)


Package pgfshade Warning: This package is obsolete. pgf.sty will load shade man
agement automatically on input line 17.

) (/usr/share/texlive/texmf-dist/tex/latex/ragged2e/ragged2e.sty
Package: ragged2e 2019/07/28 v2.2 ragged2e Package (MS)

(/usr/share/texlive/texmf-dist/tex/latex/ms/everysel.sty
Package: everysel 2011/10/28 v1.2 EverySelectfont Package (MS)
)
\CenteringLeftskip=\skip63
\RaggedLeftLeftskip=\skip64
\RaggedRightLeftskip=\skip65
\CenteringRightskip=\skip66
\RaggedLeftRightskip=\skip67
\RaggedRightRightskip=\skip68
\CenteringParfillskip=\skip69
\RaggedLeftParfillskip=\skip70
\RaggedRightParfillskip=\skip71
\JustifyingParfillskip=\skip72
\CenteringParindent=\skip73
\RaggedLeftParindent=\skip74
\RaggedRightParindent=\skip75
\JustifyingParindent=\skip76
)
(/usr/share/texlive/texmf-dist/tex/latex/base/inputenc.sty
Package: inputenc 2018/08/11 v1.3c Input encoding file
\inpenc@prehook=\toks43
\inpenc@posthook=\toks44

(/usr/share/texlive/texmf-dist/tex/latex/base/latin1.def
File: latin1.def 2018/08/11 v1.3c Input encoding file
))
(/usr/share/texlive/texmf-dist/tex/latex/colortbl/colortbl.sty
Package: colortbl 2020/01/04 v1.0e Color table columns (DPC)

(/usr/share/texlive/texmf-dist/tex/latex/tools/array.sty
Package: array 2019/08/31 v2.4l Tabular extension package (FMi)
\col@sep=\dimen285
\ar@mcellbox=\box74
\extrarowheight=\dimen286
\NC@list=\toks45
\extratabsurround=\skip77
\backup@length=\skip78
\ar@cellbox=\box75
)
\everycr=\toks46
\minrowclearance=\skip79
)
(/usr/share/texlive/texmf-dist/tex/latex/textpos/textpos.sty
Package: textpos 2019/04/15 v1.9.1

Package: textpos 2019/04/15 1.9.1, absolute positioning of text on the page
\TP@textbox=\box76
\TP@holdbox=\box77
\TPHorizModule=\dimen287
\TPVertModule=\dimen288
\TP@margin=\dimen289
\TP@absmargin=\dimen290
Grid set 16 x 16 = 28.45274pt x 16.00467pt
\TPboxrulesize=\dimen291
\TP@ox=\dimen292
\TP@oy=\dimen293
\TP@tbargs=\toks47
\TP@prevdepth=\dimen294
TextBlockOrigin set to 0pt x 0pt
)
TextBlockOrigin set to 10mm x 10mm
(/usr/share/texlive/texmf-dist/tex/generic/babel/babel.sty
Package: babel 2020/02/14 3.40 The Babel package

(/usr/share/texlive/texmf-dist/tex/generic/babel/switch.def
File: switch.def 2020/02/14 3.40 Babel switching mechanism
)
(/usr/share/texlive/texmf-dist/tex/generic/babel-english/english.ldf
Language: english 2017/06/06 v3.3r English support from the babel system

(/usr/share/texlive/texmf-dist/tex/generic/babel/babel.def
File: babel.def 2020/02/14 3.40 Babel common definitions
\babel@savecnt=\count311
\U@D=\dimen295

(/usr/share/texlive/texmf-dist/tex/generic/babel/txtbabel.def)
\bbl@readstream=\read3
LaTeX Info: Redefining \textlatin on input line 2319.
\bbl@dirlevel=\count312
)
Package babel Info: \l@british = using hyphenrules for english
(babel)             (\language0) on input line 82.
Package babel Info: \l@UKenglish = using hyphenrules for english
(babel)             (\language0) on input line 83.
Package babel Info: \l@canadian = using hyphenrules for english
(babel)             (\language0) on input line 102.
Package babel Info: \l@australian = using hyphenrules for english
(babel)             (\language0) on input line 105.
Package babel Info: \l@newzealand = using hyphenrules for english
(babel)             (\language0) on input line 108.
))
(/usr/share/texlive/texmf-dist/tex/latex/listings/listings.sty
\lst@mode=\count313
\lst@gtempboxa=\box78
\lst@token=\toks48
\lst@length=\count314
\lst@currlwidth=\dimen296
\lst@column=\count315
\lst@pos=\count316
\lst@lostspace=\dimen297
\lst@width=\dimen298
\lst@newlines=\count317
\lst@lineno=\count318
\lst@maxwidth=\dimen299

(/usr/share/texlive/texmf-dist/tex/latex/listings/lstmisc.sty
File: lstmisc.sty 2019/09/10 1.8c (Carsten Heinz)
\c@lstnumber=\count319
\lst@skipnumbers=\count320
\lst@framebox=\box79
)
(/usr/share/texlive/texmf-dist/tex/latex/listings/listings.cfg
File: listings.cfg 2019/09/10 1.8c listings configuration
))
Package: listings 2019/09/10 1.8c (Carsten Heinz)

(/usr/share/texlive/texmf-dist/tex/latex/l3backend/l3backend-pdfmode.def
File: l3backend-pdfmode.def 2020-02-03 L3 backend support: PDF mode
\l__kernel_color_stack_int=\count321
\l__pdf_internal_box=\box80
)
(./08-Visual-Odometry-SLAM.aux)
\openout1 = `08-Visual-Odometry-SLAM.aux'.

LaTeX Font Info:    Checking defaults for OML/cmm/m/it on input line 69.
LaTeX Font Info:    ... okay on input line 69.
LaTeX Font Info:    Checking defaults for OMS/cmsy/m/n on input line 69.
LaTeX Font Info:    ... okay on input line 69.
LaTeX Font Info:    Checking defaults for OT1/cmr/m/n on input line 69.
LaTeX Font Info:    ... okay on input line 69.
LaTeX Font Info:    Checking defaults for T1/cmr/m/n on input line 69.
LaTeX Font Info:    ... okay on input line 69.
LaTeX Font Info:    Checking defaults for TS1/cmr/m/n on input line 69.
LaTeX Font Info:    ... okay on input line 69.
LaTeX Font Info:    Checking defaults for OMX/cmex/m/n on input line 69.
LaTeX Font Info:    ... okay on input line 69.
LaTeX Font Info:    Checking defaults for U/cmr/m/n on input line 69.
LaTeX Font Info:    ... okay on input line 69.
LaTeX Font Info:    Checking defaults for PD1/pdf/m/n on input line 69.
LaTeX Font Info:    ... okay on input line 69.

*geometry* driver: auto-detecting
*geometry* detected driver: pdftex
*geometry* verbose mode - [ preamble ] result:
* driver: pdftex
* paper: custom
* layout: <same size as paper>
* layoutoffset:(h,v)=(0.0pt,0.0pt)
* modes: includehead includefoot 
* h-part:(L,W,R)=(10.95003pt, 433.34402pt, 10.95003pt)
* v-part:(T,H,B)=(0.0pt, 256.0748pt, 0.0pt)
* \paperwidth=455.24408pt
* \paperheight=256.0748pt
* \textwidth=433.34402pt
* \textheight=227.62207pt
* \oddsidemargin=-61.31996pt
* \evensidemargin=-61.31996pt
* \topmargin=-72.26999pt
* \headheight=14.22636pt
* \headsep=0.0pt
* \topskip=11.0pt
* \footskip=14.22636pt
* \marginparwidth=4.0pt
* \marginparsep=10.0pt
* \columnsep=10.0pt
* \skip\footins=10.0pt plus 4.0pt minus 2.0pt
* \hoffset=0.0pt
* \voffset=0.0pt
* \mag=1000
* \@twocolumnfalse
* \@twosidefalse
* \@mparswitchfalse
* \@reversemarginfalse
* (1in=72.27pt=25.4mm, 1cm=28.453pt)

(/usr/share/texlive/texmf-dist/tex/context/base/mkii/supp-pdf.mkii
[Loading MPS to PDF converter (version 2006.09.02).]
\scratchcounter=\count322
\scratchdimen=\dimen300
\scratchbox=\box81
\nofMPsegments=\count323
\nofMParguments=\count324
\everyMPshowfont=\toks49
\MPscratchCnt=\count325
\MPscratchDim=\dimen301
\MPnumerator=\count326
\makeMPintoPDFobject=\count327
\everyMPtoPDFconversion=\toks50
) (/usr/share/texlive/texmf-dist/tex/latex/epstopdf-pkg/epstopdf-base.sty
Package: epstopdf-base 2020-01-24 v2.11 Base part for package epstopdf
Package epstopdf-base Info: Redefining graphics rule for `.eps' on input line 4
85.

(/usr/share/texlive/texmf-dist/tex/latex/latexconfig/epstopdf-sys.cfg
File: epstopdf-sys.cfg 2010/07/13 v1.3 Configuration of (r)epstopdf for TeX Liv
e
))
ABD: EveryShipout initializing macros
\AtBeginShipoutBox=\box82
Package hyperref Info: Link coloring OFF on input line 69.

(/usr/share/texlive/texmf-dist/tex/latex/hyperref/nameref.sty
Package: nameref 2019/09/16 v2.46 Cross-referencing by name of section

(/usr/share/texlive/texmf-dist/tex/latex/refcount/refcount.sty
Package: refcount 2019/12/15 v3.6 Data extraction from label references (HO)
)
(/usr/share/texlive/texmf-dist/tex/generic/gettitlestring/gettitlestring.sty
Package: gettitlestring 2019/12/15 v1.6 Cleanup title references (HO)
)
\c@section@level=\count328
)
LaTeX Info: Redefining \ref on input line 69.
LaTeX Info: Redefining \pageref on input line 69.
LaTeX Info: Redefining \nameref on input line 69.

(./08-Visual-Odometry-SLAM.out) (./08-Visual-Odometry-SLAM.out)
\@outlinefile=\write5
\openout5 = `08-Visual-Odometry-SLAM.out'.

LaTeX Font Info:    Overwriting symbol font `operators' in version `normal'
(Font)                  OT1/cmr/m/n --> OT1/cmss/m/n on input line 69.
LaTeX Font Info:    Overwriting symbol font `operators' in version `bold'
(Font)                  OT1/cmr/bx/n --> OT1/cmss/b/n on input line 69.
\symnumbers=\mathgroup6
\sympureletters=\mathgroup7
LaTeX Font Info:    Overwriting math alphabet `\mathrm' in version `normal'
(Font)                  OT1/cmss/m/n --> OT1/cmr/m/n on input line 69.
LaTeX Font Info:    Redeclaring math alphabet \mathbf on input line 69.
LaTeX Font Info:    Overwriting math alphabet `\mathbf' in version `normal'
(Font)                  OT1/cmr/bx/n --> OT1/cmss/b/n on input line 69.
LaTeX Font Info:    Overwriting math alphabet `\mathbf' in version `bold'
(Font)                  OT1/cmr/bx/n --> OT1/cmss/b/n on input line 69.
LaTeX Font Info:    Redeclaring math alphabet \mathsf on input line 69.
LaTeX Font Info:    Overwriting math alphabet `\mathsf' in version `normal'
(Font)                  OT1/cmss/m/n --> OT1/cmss/m/n on input line 69.
LaTeX Font Info:    Overwriting math alphabet `\mathsf' in version `bold'
(Font)                  OT1/cmss/bx/n --> OT1/cmss/m/n on input line 69.
LaTeX Font Info:    Redeclaring math alphabet \mathit on input line 69.
LaTeX Font Info:    Overwriting math alphabet `\mathit' in version `normal'
(Font)                  OT1/cmr/m/it --> OT1/cmss/m/it on input line 69.
LaTeX Font Info:    Overwriting math alphabet `\mathit' in version `bold'
(Font)                  OT1/cmr/bx/it --> OT1/cmss/m/it on input line 69.
LaTeX Font Info:    Redeclaring math alphabet \mathtt on input line 69.
LaTeX Font Info:    Overwriting math alphabet `\mathtt' in version `normal'
(Font)                  OT1/cmtt/m/n --> OT1/cmtt/m/n on input line 69.
LaTeX Font Info:    Overwriting math alphabet `\mathtt' in version `bold'
(Font)                  OT1/cmtt/m/n --> OT1/cmtt/m/n on input line 69.
LaTeX Font Info:    Overwriting symbol font `numbers' in version `bold'
(Font)                  OT1/cmss/m/n --> OT1/cmss/b/n on input line 69.
LaTeX Font Info:    Overwriting symbol font `pureletters' in version `bold'
(Font)                  OT1/cmss/m/it --> OT1/cmss/b/it on input line 69.
LaTeX Font Info:    Overwriting math alphabet `\mathrm' in version `bold'
(Font)                  OT1/cmss/b/n --> OT1/cmr/b/n on input line 69.
LaTeX Font Info:    Overwriting math alphabet `\mathbf' in version `bold'
(Font)                  OT1/cmss/b/n --> OT1/cmss/b/n on input line 69.
LaTeX Font Info:    Overwriting math alphabet `\mathsf' in version `bold'
(Font)                  OT1/cmss/m/n --> OT1/cmss/b/n on input line 69.
LaTeX Font Info:    Overwriting math alphabet `\mathit' in version `bold'
(Font)                  OT1/cmss/m/it --> OT1/cmss/b/it on input line 69.
LaTeX Font Info:    Overwriting math alphabet `\mathtt' in version `bold'
(Font)                  OT1/cmtt/m/n --> OT1/cmtt/b/n on input line 69.

(/usr/share/texlive/texmf-dist/tex/latex/translator/translator-basic-dictionary
-English.dict
Dictionary: translator-basic-dictionary, Language: English 
)
(/usr/share/texlive/texmf-dist/tex/latex/translator/translator-bibliography-dic
tionary-English.dict
Dictionary: translator-bibliography-dictionary, Language: English 
)
(/usr/share/texlive/texmf-dist/tex/latex/translator/translator-environment-dict
ionary-English.dict
Dictionary: translator-environment-dictionary, Language: English 
)
(/usr/share/texlive/texmf-dist/tex/latex/translator/translator-months-dictionar
y-English.dict
Dictionary: translator-months-dictionary, Language: English 
)
(/usr/share/texlive/texmf-dist/tex/latex/translator/translator-numbers-dictiona
ry-English.dict
Dictionary: translator-numbers-dictionary, Language: English 
)
(/usr/share/texlive/texmf-dist/tex/latex/translator/translator-theorem-dictiona
ry-English.dict
Dictionary: translator-theorem-dictionary, Language: English 
) ABD: EverySelectfont initializing macros
LaTeX Info: Redefining \selectfont on input line 69.
\c@lstlisting=\count329

(./08-Visual-Odometry-SLAM.nav) [1

{/var/lib/texmf/fonts/map/pdftex/updmap/pdftex.map} <../dsai-logo.png> <../eras
mus-logo.png>] (./08-Visual-Odometry-SLAM.toc) [2

]
LaTeX Font Info:    Trying to load font information for U+msa on input line 125
.
 (/usr/share/texlive/texmf-dist/tex/latex/amsfonts/umsa.fd
File: umsa.fd 2013/01/14 v3.01 AMS symbols A
)
LaTeX Font Info:    Trying to load font information for U+msb on input line 125
.

(/usr/share/texlive/texmf-dist/tex/latex/amsfonts/umsb.fd
File: umsb.fd 2013/01/14 v3.01 AMS symbols B
) [3

] [4

]

LaTeX Font Warning: Font shape `OT1/cmss/b/n' undefined
(Font)              using `OT1/cmss/m/n' instead on input line 169.


LaTeX Font Warning: Font shape `OT1/cmss/b/it' undefined
(Font)              using `OT1/cmss/b/n' instead on input line 169.

[5

] (./08-Visual-Odometry-SLAM.toc) [6

] [7

] [8

] [9

] [10

] [11

] [12

]
<kalman-fig.jpg, id=452, 399.4925pt x 340.27126pt>
File: kalman-fig.jpg Graphic file (type jpg)
<use kalman-fig.jpg>
Package pdftex.def Info: kalman-fig.jpg  used on input line 367.
(pdftex.def)             Requested size: 170.71652pt x 145.41035pt.
 [13

 <./kalman-fig.jpg>] [14

] [15

] [16

] [17

] [18

] [19

] [20

] (./08-Visual-Odometry-SLAM.toc)
[21

] [22

] [23

] [24

] [25

] [26

] [27

] [28

] [29

]
<simpos.jpg, id=918, 630.355pt x 419.5675pt>
File: simpos.jpg Graphic file (type jpg)
<use simpos.jpg>
Package pdftex.def Info: simpos.jpg  used on input line 746.
(pdftex.def)             Requested size: 289.07999pt x 192.4144pt.

Overfull \vbox (27.88646pt too high) detected at line 746
 []

[30

 <./simpos.jpg>]
<left-cam.jpg, id=946, 521.95pt x 436.63126pt>
File: left-cam.jpg Graphic file (type jpg)
<use left-cam.jpg>
Package pdftex.def Info: left-cam.jpg  used on input line 757.
(pdftex.def)             Requested size: 252.94499pt x 211.59933pt.

Overfull \vbox (19.87138pt too high) detected at line 757
 []

[31

 <./left-cam.jpg>]
<right-cam.jpg, id=974, 536.0025pt x 440.64626pt>
File: right-cam.jpg Graphic file (type jpg)
<use right-cam.jpg>
Package pdftex.def Info: right-cam.jpg  used on input line 767.
(pdftex.def)             Requested size: 252.94499pt x 207.94423pt.

Overfull \vbox (16.21628pt too high) detected at line 767
 []

[32

 <./right-cam.jpg>]
<triangulate.jpg, id=1001, 623.32875pt x 415.5525pt>
File: triangulate.jpg Graphic file (type jpg)
<use triangulate.jpg>
Package pdftex.def Info: triangulate.jpg  used on input line 776.
(pdftex.def)             Requested size: 289.07999pt x 192.72264pt.

Overfull \vbox (0.99469pt too high) detected at line 776
 []

[33

 <./triangulate.jpg>]
Overfull \hbox (9.9615pt too wide) detected at line 814
\OMS/cmsy/m/n/10.95 r\OT1/cmss/m/it/10.95 f[]\OT1/cmss/b/it/10.95 ([]) = []
 []

[34

] (./08-Visual-Odometry-SLAM.toc) [35

]
<eye.jpg, id=1092, 200.75pt x 200.75pt>
File: eye.jpg Graphic file (type jpg)
<use eye.jpg>
Package pdftex.def Info: eye.jpg  used on input line 858.
(pdftex.def)             Requested size: 72.26999pt x 72.26993pt.

Overfull \hbox (1.65602pt too wide) in paragraph at lines 858--858
 []\OT1/cmss/b/it/8 http://www.psychol. 
 []

[36

 <./eye.jpg>] [37

] [38

]
<SLAM-Cartoon.jpg, id=1173, 650.43pt x 356.33125pt>
File: SLAM-Cartoon.jpg Graphic file (type jpg)
<use SLAM-Cartoon.jpg>
Package pdftex.def Info: SLAM-Cartoon.jpg  used on input line 931.
(pdftex.def)             Requested size: 216.81pt x 118.77496pt.
 [39

 <./SLAM-Cartoon.jpg>]
<figs/PR2-large.jpeg, id=1200, 358.33875pt x 308.15125pt>
File: figs/PR2-large.jpeg Graphic file (type jpg)
<use figs/PR2-large.jpeg>
Package pdftex.def Info: figs/PR2-large.jpeg  used on input line 963.
(pdftex.def)             Requested size: 108.405pt x 93.22191pt.
<figs/the-google-car.jpg, id=1201, 652.4375pt x 466.74374pt>
File: figs/the-google-car.jpg Graphic file (type jpg)
<use figs/the-google-car.jpg>
Package pdftex.def Info: figs/the-google-car.jpg  used on input line 963.
(pdftex.def)             Requested size: 108.405pt x 77.55066pt.
<figs/wheelchair.png, id=1202, 298.11375pt x 379.4175pt>
File: figs/wheelchair.png Graphic file (type png)
<use figs/wheelchair.png>
Package pdftex.def Info: figs/wheelchair.png  used on input line 963.
(pdftex.def)             Requested size: 72.26999pt x 91.97678pt.

Overfull \vbox (13.52727pt too high) detected at line 963
 []

[40

 <./figs/PR2-large.jpeg> <./figs/the-google-car.jpg> <./figs/wheelchair.png>]
<figs/mower.jpg, id=1229, 578.16pt x 405.4347pt>
File: figs/mower.jpg Graphic file (type jpg)
<use figs/mower.jpg>
Package pdftex.def Info: figs/mower.jpg  used on input line 995.
(pdftex.def)             Requested size: 144.54pt x 101.35841pt.
<figs/Orange_Harvester_Front.pdf, id=1230, 1808.7575pt x 1208.515pt>
File: figs/Orange_Harvester_Front.pdf Graphic file (type pdf)
<use figs/Orange_Harvester_Front.pdf>
Package pdftex.def Info: figs/Orange_Harvester_Front.pdf  used on input line 99
5.
(pdftex.def)             Requested size: 108.405pt x 72.41556pt.
<figs/rescue-robot-19711.jpg, id=1231, 341.275pt x 259.97125pt>
File: figs/rescue-robot-19711.jpg Graphic file (type jpg)
<use figs/rescue-robot-19711.jpg>
Package pdftex.def Info: figs/rescue-robot-19711.jpg  used on input line 995.
(pdftex.def)             Requested size: 108.405pt x 82.57764pt.

Overfull \vbox (7.2305pt too high) detected at line 995
 []

[41

 <./figs/mower.jpg> <./figs/Orange_Harvester_Front.pdf> <./figs/rescue-robot-19
711.jpg>] (./08-Visual-Odometry-SLAM.toc) [42

] [43

] [44

] [45

]
<figs/dynamical-system.png, id=1380, 638.385pt x 439.6425pt>
File: figs/dynamical-system.png Graphic file (type png)
<use figs/dynamical-system.png>
Package pdftex.def Info: figs/dynamical-system.png  used on input line 1083.
(pdftex.def)             Requested size: 202.35622pt x 139.3602pt.
 [46

 <./figs/dynamical-system.png>] [47

] [48

] [49

] [50

] [51

] (./08-Visual-Odometry-SLAM.toc)
[52

]
<figs/vrc-prototype.png, id=1578, 551.05875pt x 453.695pt>
File: figs/vrc-prototype.png Graphic file (type png)
<use figs/vrc-prototype.png>
Package pdftex.def Info: figs/vrc-prototype.png  used on input line 1247.
(pdftex.def)             Requested size: 144.54pt x 119.00327pt.
 [53

 <./figs/vrc-prototype.png>]
<figs/Marks-Rover.png, id=1606, 444.66125pt x 499.8675pt>
File: figs/Marks-Rover.png Graphic file (type png)
<use figs/Marks-Rover.png>
Package pdftex.def Info: figs/Marks-Rover.png  used on input line 1269.
(pdftex.def)             Requested size: 144.54pt x 162.48552pt.
 [54

 <./figs/Marks-Rover.png>] [55

]
(./08-Visual-Odometry-SLAM.toc) [56

] [57

] [58

]
<kummerle-fig1.png, id=1751, 461.725pt x 543.02875pt>
File: kummerle-fig1.png Graphic file (type png)
<use kummerle-fig1.png>
Package pdftex.def Info: kummerle-fig1.png  used on input line 1380.
(pdftex.def)             Requested size: 144.54pt x 169.98607pt.
 [59

 <./kummerle-fig1.png>]
LaTeX Font Info:    Trying to load font information for U+euf on input line 139
6.

(/usr/share/texlive/texmf-dist/tex/latex/amsfonts/ueuf.fd
File: ueuf.fd 2013/01/14 v3.01 Euler Fraktur
) [60

] [61

] [62

]
<gimbal-lock.png, id=1861, 301.125pt x 447.6725pt>
File: gimbal-lock.png Graphic file (type png)
<use gimbal-lock.png>
Package pdftex.def Info: gimbal-lock.png  used on input line 1472.
(pdftex.def)             Requested size: 122.85876pt x 182.65205pt.

[63

 <./gimbal-lock.png>] [64

] [65

] (./08-Visual-Odometry-SLAM.toc) [66

]
<engel-fig1.png, id=1980, 1168.365pt x 685.56125pt>
File: engel-fig1.png Graphic file (type png)
<use engel-fig1.png>
Package pdftex.def Info: engel-fig1.png  used on input line 1546.
(pdftex.def)             Requested size: 289.07999pt x 169.62201pt.

Overfull \vbox (12.69408pt too high) detected at line 1546
 []

[67

 <./engel-fig1.png>] [68

] [69

] [70

] [71

] [72

]
<engel-fig3.png, id=2142, 1180.41pt x 460.72125pt>
File: engel-fig3.png Graphic file (type png)
<use engel-fig3.png>
Package pdftex.def Info: engel-fig3.png  used on input line 1673.
(pdftex.def)             Requested size: 325.215pt x 126.9272pt.
 [73

 <./engel-fig3.png>]
[74

] [75

]
<engel-fig4.png, id=2224, 1386.17876pt x 463.7325pt>
File: engel-fig4.png Graphic file (type png)
<use engel-fig4.png>
Package pdftex.def Info: engel-fig4.png  used on input line 1734.
(pdftex.def)             Requested size: 325.215pt x 108.79317pt.
 [76

 <./engel-fig4.png>] [77

] [78

]
<engel-fig5.png, id=2304, 1160.335pt x 702.625pt>
File: engel-fig5.png Graphic file (type png)
<use engel-fig5.png>
Package pdftex.def Info: engel-fig5.png  used on input line 1782.
(pdftex.def)             Requested size: 325.215pt x 196.92664pt.

Overfull \vbox (12.79869pt too high) detected at line 1782
 []

[79

 <./engel-fig5.png>] [80

]
<engel-fig7.png, id=2360, 1233.60875pt x 811.03pt>
File: engel-fig7.png Graphic file (type png)
<use engel-fig7.png>
Package pdftex.def Info: engel-fig7.png  used on input line 1814.
(pdftex.def)             Requested size: 325.215pt x 213.80815pt.

Overfull \vbox (29.23576pt too high) detected at line 1814
 []

[81

 <./engel-fig7.png>] [82

] (./08-Visual-Odometry-SLAM.toc) [83

] [84

] [85

]
[86

] [87

]
<figs/ORB-SLAM.jpg, id=2560, 383.18156pt x 301.125pt>
File: figs/ORB-SLAM.jpg Graphic file (type jpg)
<use figs/ORB-SLAM.jpg>
Package pdftex.def Info: figs/ORB-SLAM.jpg  used on input line 1930.
(pdftex.def)             Requested size: 229.9107pt x 180.67638pt.

Overfull \vbox (18.49287pt too high) detected at line 1930
 []

[88

 <./figs/ORB-SLAM.jpg>] [89

]
<figs/Graphs.jpg, id=2613, 641.39626pt x 200.24812pt>
File: figs/Graphs.jpg Graphic file (type jpg)
<use figs/Graphs.jpg>
Package pdftex.def Info: figs/Graphs.jpg  used on input line 1955.
(pdftex.def)             Requested size: 256.55396pt x 80.09782pt.
 [90

 <./figs/Graphs.jpg>]
<figs/Tracking.jpg, id=2641, 286.82156pt x 68.50594pt>
File: figs/Tracking.jpg Graphic file (type jpg)
<use figs/Tracking.jpg>
Package pdftex.def Info: figs/Tracking.jpg  used on input line 1986.
(pdftex.def)             Requested size: 258.13701pt x 61.65477pt.
 [91

 <./figs/Tracking.jpg>] [92

]
<figs/Triangulation.jpg, id=2695, 697.60625pt x 517.935pt>
File: figs/Triangulation.jpg Graphic file (type jpg)
<use figs/Triangulation.jpg>
Package pdftex.def Info: figs/Triangulation.jpg  used on input line 2007.
(pdftex.def)             Requested size: 244.16583pt x 181.27995pt.

Overfull \vbox (19.65201pt too high) detected at line 2007
 []

[93

 <./figs/Triangulation.jpg>] [94

] [95

]
<figs/planar.jpg, id=2775, 578.16pt x 400.49625pt>
File: figs/planar.jpg Graphic file (type jpg)
<use figs/planar.jpg>
Package pdftex.def Info: figs/planar.jpg  used on input line 2049.
(pdftex.def)             Requested size: 202.35902pt x 140.17578pt.

Overfull \vbox (0.39227pt too high) detected at line 2049
 []

[96

 <./figs/planar.jpg>]
<figs/non_planar.jpg, id=2802, 333.49594pt x 162.6075pt>
File: figs/non_planar.jpg Graphic file (type jpg)
<use figs/non_planar.jpg>
Package pdftex.def Info: figs/non_planar.jpg  used on input line 2057.
(pdftex.def)             Requested size: 233.44556pt x 113.82446pt.
 [97

 <./figs/non_planar.jpg>] [98

] [99

] [100

] [101

]
<figs/localMapping.jpg, id=2935, 64.74188pt x 157.33781pt>
File: figs/localMapping.jpg Graphic file (type jpg)
<use figs/localMapping.jpg>
Package pdftex.def Info: figs/localMapping.jpg  used on input line 2153.
(pdftex.def)             Requested size: 71.13188pt x 172.88486pt.

[102

 <./figs/localMapping.jpg>] [103

] [104

] [105

] [106

] [107

]
<figs/LoopClosing.jpg, id=3095, 191.9672pt x 56.46094pt>
File: figs/LoopClosing.jpg Graphic file (type jpg)
<use figs/LoopClosing.jpg>
Package pdftex.def Info: figs/LoopClosing.jpg  used on input line 2262.
(pdftex.def)             Requested size: 134.37611pt x 39.52237pt.
 [108

 <./figs/LoopClosing.jpg>] [109

] [110

] [111

]
<figs/scaleDrift.jpg, id=3202, 404.26031pt x 282.30469pt>
File: figs/scaleDrift.jpg Graphic file (type jpg)
<use figs/scaleDrift.jpg>
Package pdftex.def Info: figs/scaleDrift.jpg  used on input line 2322.
(pdftex.def)             Requested size: 121.27902pt x 84.69205pt.
 [112

 <./figs/scaleDrift.jpg>]
<figs/ORBtrack.jpg, id=3229, 977.15062pt x 557.08125pt>
File: figs/ORBtrack.jpg Graphic file (type jpg)
<use figs/ORBtrack.jpg>
Package pdftex.def Info: figs/ORBtrack.jpg  used on input line 2330.
(pdftex.def)             Requested size: 293.14745pt x 167.12566pt.

Overfull \vbox (4.94215pt too high) detected at line 2330
 []

[113

 <./figs/ORBtrack.jpg>]
<figs/ORBexMapping.jpg, id=3256, 278.54062pt x 104.64093pt>
File: figs/ORBexMapping.jpg Graphic file (type jpg)
<use figs/ORBexMapping.jpg>
Package pdftex.def Info: figs/ORBexMapping.jpg  used on input line 2337.
(pdftex.def)             Requested size: 250.68423pt x 94.17595pt.
 [114

 <./figs/ORBexMapping.jpg>]
<figs/ORBexLoopClosing.jpg, id=3283, 290.58563pt x 207.02344pt>
File: figs/ORBexLoopClosing.jpg Graphic file (type jpg)
<use figs/ORBexLoopClosing.jpg>
Package pdftex.def Info: figs/ORBexLoopClosing.jpg  used on input line 2344.
(pdftex.def)             Requested size: 203.40854pt x 144.9154pt.
 [115

 <./figs/ORBexLoopClosing.jpg>] (./08-Visual-Odometry-SLAM.toc) [116

] [117

]
<murartal-fig1.png, id=3375, 272.16574pt x 252.945pt>
File: murartal-fig1.png Graphic file (type png)
<use murartal-fig1.png>
Package pdftex.def Info: murartal-fig1.png  used on input line 2407.
(pdftex.def)             Requested size: 166.2212pt x 154.48534pt.
 [118

 <./murartal-fig1.png>] [119

] [120

] [121

] [122

] [123

] [124

] [125

] [126

]
<murartal-fig2.png, id=3615, 611.21968pt x 142.2335pt>
File: murartal-fig2.png Graphic file (type png)
<use murartal-fig2.png>
Package pdftex.def Info: murartal-fig2.png  used on input line 2610.
(pdftex.def)             Requested size: 289.07999pt x 67.27295pt.
 [127

 <./murartal-fig2.png>] [128

]
<murartal-fig3.png, id=3670, 243.71904pt x 304.45659pt>
File: murartal-fig3.png Graphic file (type png)
<use murartal-fig3.png>
Package pdftex.def Info: murartal-fig3.png  used on input line 2665.
(pdftex.def)             Requested size: 144.54pt x 180.57089pt.
 [129

 <./murartal-fig3.png>] [130

] [131

]
(./08-Visual-Odometry-SLAM.toc) [132

] [133

] [134

]
<figs/MobileRobotPlatform.png, id=3845, 895.345pt x 581.17125pt>
File: figs/MobileRobotPlatform.png Graphic file (type png)
<use figs/MobileRobotPlatform.png>
Package pdftex.def Info: figs/MobileRobotPlatform.png  used on input line 2784.

(pdftex.def)             Requested size: 289.07999pt x 187.64577pt.

Overfull \vbox (21.247pt too high) detected at line 2784
 []

[135

 <./figs/MobileRobotPlatform.png>]
<figs/SmartPhonePlatform.png, id=3872, 746.79pt x 549.05125pt>
File: figs/SmartPhonePlatform.png Graphic file (type png)
<use figs/SmartPhonePlatform.png>
Package pdftex.def Info: figs/SmartPhonePlatform.png  used on input line 2793.
(pdftex.def)             Requested size: 289.07999pt x 212.53734pt.

Overfull \vbox (26.4094pt too high) detected at line 2793
 []

[136

 <./figs/SmartPhonePlatform.png>]
<figs/sequence.png, id=3899, 625.58719pt x 305.64188pt>
File: figs/sequence.png Graphic file (type png)
<use figs/sequence.png>
Package pdftex.def Info: figs/sequence.png  used on input line 2806.
(pdftex.def)             Requested size: 180.67499pt x 88.2701pt.
 [137

 <./figs/sequence.png>]
<figs/manual_ss5.png, id=3927, 512.91624pt x 814.04124pt>
File: figs/manual_ss5.png Graphic file (type png)
<use figs/manual_ss5.png>
Package pdftex.def Info: figs/manual_ss5.png  used on input line 2824.
(pdftex.def)             Requested size: 108.405pt x 172.04677pt.
<figs/manual_ss4.png, id=3928, 511.9125pt x 806.01125pt>
File: figs/manual_ss4.png Graphic file (type png)
<use figs/manual_ss4.png>
Package pdftex.def Info: figs/manual_ss4.png  used on input line 2824.
(pdftex.def)             Requested size: 108.405pt x 170.6817pt.

Overfull \vbox (15.248pt too high) detected at line 2824
 []

[138

 <./figs/manual_ss5.png> <./figs/manual_ss4.png>]
<figs/correspond_force_straight_2.jpg, id=3955, 481.8pt x 963.6pt>
File: figs/correspond_force_straight_2.jpg Graphic file (type jpg)
<use figs/correspond_force_straight_2.jpg>
Package pdftex.def Info: figs/correspond_force_straight_2.jpg  used on input li
ne 2845.
(pdftex.def)             Requested size: 79.49744pt x 158.98714pt.
<figs/exp-3-force-straight.png, id=3956, 325.215pt x 581.17125pt>
File: figs/exp-3-force-straight.png Graphic file (type png)
<use figs/exp-3-force-straight.png>
Package pdftex.def Info: figs/exp-3-force-straight.png  used on input line 2845
.
(pdftex.def)             Requested size: 79.49744pt x 142.06451pt.

Overfull \vbox (19.78838pt too high) detected at line 2845
 []

[139

 <./figs/correspond_force_straight_2.jpg> <./figs/exp-3-force-straight.png>]
<figs/meu3.png, id=3984, 389.95688pt x 292.09125pt>
File: figs/meu3.png Graphic file (type png)
<use figs/meu3.png>
Package pdftex.def Info: figs/meu3.png  used on input line 2859.
(pdftex.def)             Requested size: 144.54pt x 108.2637pt.
 [140

 <./figs/meu3.png>]
<figs/PursuitRobot.jpg, id=4012, 2601.72pt x 1959.32pt>
File: figs/PursuitRobot.jpg Graphic file (type jpg)
<use figs/PursuitRobot.jpg>
Package pdftex.def Info: figs/PursuitRobot.jpg  used on input line 2874.
(pdftex.def)             Requested size: 180.67499pt x 136.06023pt.
 [141

 <./figs/PursuitRobot.jpg>]
<figs/camera_view_with_object.png, id=4040, 322.20375pt x 271.0125pt>
File: figs/camera_view_with_object.png Graphic file (type png)
<use figs/camera_view_with_object.png>
Package pdftex.def Info: figs/camera_view_with_object.png  used on input line 2
894.
(pdftex.def)             Requested size: 144.54pt x 121.57817pt.
 [142

 <./figs/camera_view_with_object.png>]
<figs/ait_robot_object.png, id=4067, 1265.72874pt x 699.61375pt>
File: figs/ait_robot_object.png Graphic file (type png)
<use figs/ait_robot_object.png>
Package pdftex.def Info: figs/ait_robot_object.png  used on input line 2908.
(pdftex.def)             Requested size: 231.26378pt x 127.82523pt.
 [143

 <./figs/ait_robot_object.png>] [144

]
<figs/navigation_kinect_04.jpg, id=4120, 770.88pt x 574.39594pt>
File: figs/navigation_kinect_04.jpg Graphic file (type jpg)
<use figs/navigation_kinect_04.jpg>
Package pdftex.def Info: figs/navigation_kinect_04.jpg  used on input line 2944
.
(pdftex.def)             Requested size: 289.07999pt x 215.39793pt.

Overfull \vbox (18.82555pt too high) detected at line 2944
 []

[145

 <./figs/navigation_kinect_04.jpg>]
<figs/speech_matthew.jpg, id=4149, 822.07124pt x 469.00218pt>
File: figs/speech_matthew.jpg Graphic file (type jpg)
<use figs/speech_matthew.jpg>
Package pdftex.def Info: figs/speech_matthew.jpg  used on input line 2954.
(pdftex.def)             Requested size: 252.94499pt x 144.30855pt.
 [146

 <./figs/speech_matthew.jpg>]
<figs/QuadCopter.png, id=4176, 421.575pt x 208.52907pt>
File: figs/QuadCopter.png Graphic file (type png)
<use figs/QuadCopter.png>
Package pdftex.def Info: figs/QuadCopter.png  used on input line 2982.
(pdftex.def)             Requested size: 108.405pt x 53.62126pt.
<figs/image1249.png, id=4177, 321.2pt x 240.9pt>
File: figs/image1249.png Graphic file (type png)
<use figs/image1249.png>
Package pdftex.def Info: figs/image1249.png  used on input line 2982.
(pdftex.def)             Requested size: 108.405pt x 81.30206pt.

[147

 <./figs/QuadCopter.png> <./figs/image1249.png>]
<figs/3Dreconstruction.png, id=4203, 1369.115pt x 693.59125pt>
File: figs/3Dreconstruction.png Graphic file (type png)
<use figs/3Dreconstruction.png>
Package pdftex.def Info: figs/3Dreconstruction.png  used on input line 2999.
(pdftex.def)             Requested size: 180.67499pt x 91.52469pt.
 [148

 <./figs/3Dreconstruction.png (PNG copy)>] (./08-Visual-Odometry-SLAM.toc) [149

] [150

] [151

]
\tf@nav=\write6
\openout6 = `08-Visual-Odometry-SLAM.nav'.

\tf@toc=\write7
\openout7 = `08-Visual-Odometry-SLAM.toc'.

\tf@snm=\write8
\openout8 = `08-Visual-Odometry-SLAM.snm'.

Package atveryend Info: Empty hook `BeforeClearDocument' on input line 3054.
Package atveryend Info: Empty hook `AfterLastShipout' on input line 3054.

(./08-Visual-Odometry-SLAM.aux)
Package atveryend Info: Executing hook `AtVeryEndDocument' on input line 3054.
Package atveryend Info: Executing hook `AtEndAfterFileList' on input line 3054.

Package rerunfilecheck Info: File `08-Visual-Odometry-SLAM.out' has not changed
.
(rerunfilecheck)             Checksum: 836C0CAAC46320F323CDFB32CB1614A0;626.


LaTeX Font Warning: Some font shapes were not available, defaults substituted.

 ) 
Here is how much of TeX's memory you used:
 21846 strings out of 483183
 405891 string characters out of 5966293
 658017 words of memory out of 5000000
 35937 multiletter control sequences out of 15000+600000
 546109 words of font info for 75 fonts, out of 8000000 for 9000
 14 hyphenation exceptions out of 8191
 54i,23n,65p,790b,869s stack positions out of 5000i,500n,10000p,200000b,80000s
</usr/share/texlive/texmf-dist/fonts/type1/public/amsfonts/cm/cmex10.pfb></us
r/share/texlive/texmf-dist/fonts/type1/public/amsfonts/cmextra/cmex8.pfb></usr/
share/texlive/texmf-dist/fonts/type1/public/amsfonts/cm/cmmi10.pfb></usr/share/
texlive/texmf-dist/fonts/type1/public/amsfonts/cm/cmmi6.pfb></usr/share/texlive
/texmf-dist/fonts/type1/public/amsfonts/cm/cmmi8.pfb></usr/share/texlive/texmf-
dist/fonts/type1/public/amsfonts/cm/cmmib10.pfb></usr/share/texlive/texmf-dist/
fonts/type1/public/amsfonts/cmextra/cmmib8.pfb></usr/share/texlive/texmf-dist/f
onts/type1/public/amsfonts/cm/cmr8.pfb></usr/share/texlive/texmf-dist/fonts/typ
e1/public/amsfonts/cm/cmss10.pfb></usr/share/texlive/texmf-dist/fonts/type1/pub
lic/amsfonts/cm/cmss12.pfb></usr/share/texlive/texmf-dist/fonts/type1/public/am
sfonts/cm/cmss8.pfb></usr/share/texlive/texmf-dist/fonts/type1/public/amsfonts/
cm/cmss9.pfb></usr/share/texlive/texmf-dist/fonts/type1/public/amsfonts/cm/cmss
bx10.pfb></usr/share/texlive/texmf-dist/fonts/type1/public/amsfonts/cm/cmssi10.
pfb></usr/share/texlive/texmf-dist/fonts/type1/public/amsfonts/cm/cmssi8.pfb></
usr/share/texlive/texmf-dist/fonts/type1/public/amsfonts/cm/cmsy10.pfb></usr/sh
are/texlive/texmf-dist/fonts/type1/public/amsfonts/cm/cmsy6.pfb></usr/share/tex
live/texmf-dist/fonts/type1/public/amsfonts/cm/cmsy8.pfb></usr/share/texlive/te
xmf-dist/fonts/type1/public/amsfonts/cm/cmtt10.pfb></usr/share/texlive/texmf-di
st/fonts/type1/public/amsfonts/cm/cmtt8.pfb></usr/share/texlive/texmf-dist/font
s/type1/public/amsfonts/euler/eufm10.pfb></usr/share/texlive/texmf-dist/fonts/t
ype1/public/amsfonts/symbols/msbm10.pfb>
Output written on 08-Visual-Odometry-SLAM.pdf (151 pages, 13425953 bytes).
PDF statistics:
 4462 PDF objects out of 5155 (max. 8388607)
 4155 compressed objects within 42 object streams
 315 named destinations out of 1000 (max. 500000)
 473 words of extra memory for PDF output out of 10000 (max. 10000000)

