This is pdfTeX, Version 3.14159265-2.6-1.40.20 (TeX Live 2019/Debian) (preloaded format=pdflatex 2020.5.5)  2 JUN 2021 05:50
entering extended mode
 restricted \write18 enabled.
 %&-line parsing enabled.
**05-TwoView.tex
(./05-TwoView.tex
LaTeX2e <2020-02-02> patch level 2
L3 programming layer <2020-02-14>
(/usr/share/texlive/texmf-dist/tex/latex/beamer/beamer.cls
Document Class: beamer 2019/09/29 v3.57 A class for typesetting presentations
(/usr/share/texlive/texmf-dist/tex/latex/beamer/beamerbasemodes.sty
(/usr/share/texlive/texmf-dist/tex/latex/etoolbox/etoolbox.sty
Package: etoolbox 2019/09/21 v2.5h e-TeX tools for LaTeX (JAW)
\etb@tempcnta=\count167
)
\beamer@tempbox=\box45
\beamer@tempcount=\count168
\c@beamerpauses=\count169

(/usr/share/texlive/texmf-dist/tex/latex/beamer/beamerbasedecode.sty
\beamer@slideinframe=\count170
\beamer@minimum=\count171
\beamer@decode@box=\box46
)
\beamer@commentbox=\box47
\beamer@modecount=\count172
)
(/usr/share/texlive/texmf-dist/tex/generic/iftex/ifpdf.sty
Package: ifpdf 2019/10/25 v3.4 ifpdf legacy package. Use iftex instead.

(/usr/share/texlive/texmf-dist/tex/generic/iftex/iftex.sty
Package: iftex 2019/11/07 v1.0c TeX engine tests
))
\headdp=\dimen134
\footheight=\dimen135
\sidebarheight=\dimen136
\beamer@tempdim=\dimen137
\beamer@finalheight=\dimen138
\beamer@animht=\dimen139
\beamer@animdp=\dimen140
\beamer@animwd=\dimen141
\beamer@leftmargin=\dimen142
\beamer@rightmargin=\dimen143
\beamer@leftsidebar=\dimen144
\beamer@rightsidebar=\dimen145
\beamer@boxsize=\dimen146
\beamer@vboxoffset=\dimen147
\beamer@descdefault=\dimen148
\beamer@descriptionwidth=\dimen149
\beamer@lastskip=\skip47
\beamer@areabox=\box48
\beamer@animcurrent=\box49
\beamer@animshowbox=\box50
\beamer@sectionbox=\box51
\beamer@logobox=\box52
\beamer@linebox=\box53
\beamer@sectioncount=\count173
\beamer@subsubsectionmax=\count174
\beamer@subsectionmax=\count175
\beamer@sectionmax=\count176
\beamer@totalheads=\count177
\beamer@headcounter=\count178
\beamer@partstartpage=\count179
\beamer@sectionstartpage=\count180
\beamer@subsectionstartpage=\count181
\beamer@animationtempa=\count182
\beamer@animationtempb=\count183
\beamer@xpos=\count184
\beamer@ypos=\count185
\beamer@ypos@offset=\count186
\beamer@showpartnumber=\count187
\beamer@currentsubsection=\count188
\beamer@coveringdepth=\count189
\beamer@sectionadjust=\count190
\beamer@tocsectionnumber=\count191

(/usr/share/texlive/texmf-dist/tex/latex/beamer/beamerbaseoptions.sty
(/usr/share/texlive/texmf-dist/tex/latex/graphics/keyval.sty
Package: keyval 2014/10/28 v1.15 key=value parser (DPC)
\KV@toks@=\toks14
))
\beamer@paperwidth=\skip48
\beamer@paperheight=\skip49

(/usr/share/texlive/texmf-dist/tex/latex/geometry/geometry.sty
Package: geometry 2020/01/02 v5.9 Page Geometry

(/usr/share/texlive/texmf-dist/tex/generic/iftex/ifvtex.sty
Package: ifvtex 2019/10/25 v1.7 ifvtex legacy package. Use iftex instead.
)
\Gm@cnth=\count192
\Gm@cntv=\count193
\c@Gm@tempcnt=\count194
\Gm@bindingoffset=\dimen150
\Gm@wd@mp=\dimen151
\Gm@odd@mp=\dimen152
\Gm@even@mp=\dimen153
\Gm@layoutwidth=\dimen154
\Gm@layoutheight=\dimen155
\Gm@layouthoffset=\dimen156
\Gm@layoutvoffset=\dimen157
\Gm@dimlist=\toks15
)
(/usr/share/texlive/texmf-dist/tex/latex/base/size11.clo
File: size11.clo 2019/12/20 v1.4l Standard LaTeX file (size option)
)
(/usr/share/texlive/texmf-dist/tex/latex/pgf/basiclayer/pgfcore.sty
(/usr/share/texlive/texmf-dist/tex/latex/graphics/graphicx.sty
Package: graphicx 2019/11/30 v1.2a Enhanced LaTeX Graphics (DPC,SPQR)

(/usr/share/texlive/texmf-dist/tex/latex/graphics/graphics.sty
Package: graphics 2019/11/30 v1.4a Standard LaTeX Graphics (DPC,SPQR)

(/usr/share/texlive/texmf-dist/tex/latex/graphics/trig.sty
Package: trig 2016/01/03 v1.10 sin cos tan (DPC)
)
(/usr/share/texlive/texmf-dist/tex/latex/graphics-cfg/graphics.cfg
File: graphics.cfg 2016/06/04 v1.11 sample graphics configuration
)
Package graphics Info: Driver file: pdftex.def on input line 105.

(/usr/share/texlive/texmf-dist/tex/latex/graphics-def/pdftex.def
File: pdftex.def 2018/01/08 v1.0l Graphics/color driver for pdftex
))
\Gin@req@height=\dimen158
\Gin@req@width=\dimen159
)
(/usr/share/texlive/texmf-dist/tex/latex/pgf/systemlayer/pgfsys.sty
(/usr/share/texlive/texmf-dist/tex/latex/pgf/utilities/pgfrcs.sty
(/usr/share/texlive/texmf-dist/tex/generic/pgf/utilities/pgfutil-common.tex
\pgfutil@everybye=\toks16
\pgfutil@tempdima=\dimen160
\pgfutil@tempdimb=\dimen161

(/usr/share/texlive/texmf-dist/tex/generic/pgf/utilities/pgfutil-common-lists.t
ex)) (/usr/share/texlive/texmf-dist/tex/generic/pgf/utilities/pgfutil-latex.def
\pgfutil@abb=\box54
(/usr/share/texlive/texmf-dist/tex/latex/ms/everyshi.sty
Package: everyshi 2001/05/15 v3.00 EveryShipout Package (MS)
))
(/usr/share/texlive/texmf-dist/tex/generic/pgf/utilities/pgfrcs.code.tex
(/usr/share/texlive/texmf-dist/tex/generic/pgf/pgf.revision.tex)
Package: pgfrcs 2020/01/08 v3.1.5b (3.1.5b)
))
(/usr/share/texlive/texmf-dist/tex/generic/pgf/systemlayer/pgfsys.code.tex
Package: pgfsys 2020/01/08 v3.1.5b (3.1.5b)

(/usr/share/texlive/texmf-dist/tex/generic/pgf/utilities/pgfkeys.code.tex
\pgfkeys@pathtoks=\toks17
\pgfkeys@temptoks=\toks18

(/usr/share/texlive/texmf-dist/tex/generic/pgf/utilities/pgfkeysfiltered.code.t
ex
\pgfkeys@tmptoks=\toks19
))
\pgf@x=\dimen162
\pgf@y=\dimen163
\pgf@xa=\dimen164
\pgf@ya=\dimen165
\pgf@xb=\dimen166
\pgf@yb=\dimen167
\pgf@xc=\dimen168
\pgf@yc=\dimen169
\pgf@xd=\dimen170
\pgf@yd=\dimen171
\w@pgf@writea=\write3
\r@pgf@reada=\read2
\c@pgf@counta=\count195
\c@pgf@countb=\count196
\c@pgf@countc=\count197
\c@pgf@countd=\count198
\t@pgf@toka=\toks20
\t@pgf@tokb=\toks21
\t@pgf@tokc=\toks22
\pgf@sys@id@count=\count199
 (/usr/share/texlive/texmf-dist/tex/generic/pgf/systemlayer/pgf.cfg
File: pgf.cfg 2020/01/08 v3.1.5b (3.1.5b)
)
Driver file for pgf: pgfsys-pdftex.def

(/usr/share/texlive/texmf-dist/tex/generic/pgf/systemlayer/pgfsys-pdftex.def
File: pgfsys-pdftex.def 2020/01/08 v3.1.5b (3.1.5b)

(/usr/share/texlive/texmf-dist/tex/generic/pgf/systemlayer/pgfsys-common-pdf.de
f
File: pgfsys-common-pdf.def 2020/01/08 v3.1.5b (3.1.5b)
)))
(/usr/share/texlive/texmf-dist/tex/generic/pgf/systemlayer/pgfsyssoftpath.code.
tex
File: pgfsyssoftpath.code.tex 2020/01/08 v3.1.5b (3.1.5b)
\pgfsyssoftpath@smallbuffer@items=\count266
\pgfsyssoftpath@bigbuffer@items=\count267
)
(/usr/share/texlive/texmf-dist/tex/generic/pgf/systemlayer/pgfsysprotocol.code.
tex
File: pgfsysprotocol.code.tex 2020/01/08 v3.1.5b (3.1.5b)
)) (/usr/share/texlive/texmf-dist/tex/latex/xcolor/xcolor.sty
Package: xcolor 2016/05/11 v2.12 LaTeX color extensions (UK)

(/usr/share/texlive/texmf-dist/tex/latex/graphics-cfg/color.cfg
File: color.cfg 2016/01/02 v1.6 sample color configuration
)
Package xcolor Info: Driver file: pdftex.def on input line 225.
Package xcolor Info: Model `cmy' substituted by `cmy0' on input line 1348.
Package xcolor Info: Model `hsb' substituted by `rgb' on input line 1352.
Package xcolor Info: Model `RGB' extended on input line 1364.
Package xcolor Info: Model `HTML' substituted by `rgb' on input line 1366.
Package xcolor Info: Model `Hsb' substituted by `hsb' on input line 1367.
Package xcolor Info: Model `tHsb' substituted by `hsb' on input line 1368.
Package xcolor Info: Model `HSB' substituted by `hsb' on input line 1369.
Package xcolor Info: Model `Gray' substituted by `gray' on input line 1370.
Package xcolor Info: Model `wave' substituted by `hsb' on input line 1371.
)
(/usr/share/texlive/texmf-dist/tex/generic/pgf/basiclayer/pgfcore.code.tex
Package: pgfcore 2020/01/08 v3.1.5b (3.1.5b)

(/usr/share/texlive/texmf-dist/tex/generic/pgf/math/pgfmath.code.tex
(/usr/share/texlive/texmf-dist/tex/generic/pgf/math/pgfmathcalc.code.tex
(/usr/share/texlive/texmf-dist/tex/generic/pgf/math/pgfmathutil.code.tex)
(/usr/share/texlive/texmf-dist/tex/generic/pgf/math/pgfmathparser.code.tex
\pgfmath@dimen=\dimen172
\pgfmath@count=\count268
\pgfmath@box=\box55
\pgfmath@toks=\toks23
\pgfmath@stack@operand=\toks24
\pgfmath@stack@operation=\toks25
)
(/usr/share/texlive/texmf-dist/tex/generic/pgf/math/pgfmathfunctions.code.tex
(/usr/share/texlive/texmf-dist/tex/generic/pgf/math/pgfmathfunctions.basic.code
.tex)
(/usr/share/texlive/texmf-dist/tex/generic/pgf/math/pgfmathfunctions.trigonomet
ric.code.tex)
(/usr/share/texlive/texmf-dist/tex/generic/pgf/math/pgfmathfunctions.random.cod
e.tex)
(/usr/share/texlive/texmf-dist/tex/generic/pgf/math/pgfmathfunctions.comparison
.code.tex)
(/usr/share/texlive/texmf-dist/tex/generic/pgf/math/pgfmathfunctions.base.code.
tex)
(/usr/share/texlive/texmf-dist/tex/generic/pgf/math/pgfmathfunctions.round.code
.tex)
(/usr/share/texlive/texmf-dist/tex/generic/pgf/math/pgfmathfunctions.misc.code.
tex)
(/usr/share/texlive/texmf-dist/tex/generic/pgf/math/pgfmathfunctions.integerari
thmetics.code.tex)))
(/usr/share/texlive/texmf-dist/tex/generic/pgf/math/pgfmathfloat.code.tex
\c@pgfmathroundto@lastzeros=\count269
))
(/usr/share/texlive/texmf-dist/tex/generic/pgf/math/pgfint.code.tex)
(/usr/share/texlive/texmf-dist/tex/generic/pgf/basiclayer/pgfcorepoints.code.te
x
File: pgfcorepoints.code.tex 2020/01/08 v3.1.5b (3.1.5b)
\pgf@picminx=\dimen173
\pgf@picmaxx=\dimen174
\pgf@picminy=\dimen175
\pgf@picmaxy=\dimen176
\pgf@pathminx=\dimen177
\pgf@pathmaxx=\dimen178
\pgf@pathminy=\dimen179
\pgf@pathmaxy=\dimen180
\pgf@xx=\dimen181
\pgf@xy=\dimen182
\pgf@yx=\dimen183
\pgf@yy=\dimen184
\pgf@zx=\dimen185
\pgf@zy=\dimen186
)
(/usr/share/texlive/texmf-dist/tex/generic/pgf/basiclayer/pgfcorepathconstruct.
code.tex
File: pgfcorepathconstruct.code.tex 2020/01/08 v3.1.5b (3.1.5b)
\pgf@path@lastx=\dimen187
\pgf@path@lasty=\dimen188
)
(/usr/share/texlive/texmf-dist/tex/generic/pgf/basiclayer/pgfcorepathusage.code
.tex
File: pgfcorepathusage.code.tex 2020/01/08 v3.1.5b (3.1.5b)
\pgf@shorten@end@additional=\dimen189
\pgf@shorten@start@additional=\dimen190
)
(/usr/share/texlive/texmf-dist/tex/generic/pgf/basiclayer/pgfcorescopes.code.te
x
File: pgfcorescopes.code.tex 2020/01/08 v3.1.5b (3.1.5b)
\pgfpic=\box56
\pgf@hbox=\box57
\pgf@layerbox@main=\box58
\pgf@picture@serial@count=\count270
)
(/usr/share/texlive/texmf-dist/tex/generic/pgf/basiclayer/pgfcoregraphicstate.c
ode.tex
File: pgfcoregraphicstate.code.tex 2020/01/08 v3.1.5b (3.1.5b)
\pgflinewidth=\dimen191
)
(/usr/share/texlive/texmf-dist/tex/generic/pgf/basiclayer/pgfcoretransformation
s.code.tex
File: pgfcoretransformations.code.tex 2020/01/08 v3.1.5b (3.1.5b)
\pgf@pt@x=\dimen192
\pgf@pt@y=\dimen193
\pgf@pt@temp=\dimen194
)
(/usr/share/texlive/texmf-dist/tex/generic/pgf/basiclayer/pgfcorequick.code.tex
File: pgfcorequick.code.tex 2020/01/08 v3.1.5b (3.1.5b)
)
(/usr/share/texlive/texmf-dist/tex/generic/pgf/basiclayer/pgfcoreobjects.code.t
ex
File: pgfcoreobjects.code.tex 2020/01/08 v3.1.5b (3.1.5b)
)
(/usr/share/texlive/texmf-dist/tex/generic/pgf/basiclayer/pgfcorepathprocessing
.code.tex
File: pgfcorepathprocessing.code.tex 2020/01/08 v3.1.5b (3.1.5b)
)
(/usr/share/texlive/texmf-dist/tex/generic/pgf/basiclayer/pgfcorearrows.code.te
x
File: pgfcorearrows.code.tex 2020/01/08 v3.1.5b (3.1.5b)
\pgfarrowsep=\dimen195
)
(/usr/share/texlive/texmf-dist/tex/generic/pgf/basiclayer/pgfcoreshade.code.tex
File: pgfcoreshade.code.tex 2020/01/08 v3.1.5b (3.1.5b)
\pgf@max=\dimen196
\pgf@sys@shading@range@num=\count271
\pgf@shadingcount=\count272
)
(/usr/share/texlive/texmf-dist/tex/generic/pgf/basiclayer/pgfcoreimage.code.tex
File: pgfcoreimage.code.tex 2020/01/08 v3.1.5b (3.1.5b)

(/usr/share/texlive/texmf-dist/tex/generic/pgf/basiclayer/pgfcoreexternal.code.
tex
File: pgfcoreexternal.code.tex 2020/01/08 v3.1.5b (3.1.5b)
\pgfexternal@startupbox=\box59
))
(/usr/share/texlive/texmf-dist/tex/generic/pgf/basiclayer/pgfcorelayers.code.te
x
File: pgfcorelayers.code.tex 2020/01/08 v3.1.5b (3.1.5b)
)
(/usr/share/texlive/texmf-dist/tex/generic/pgf/basiclayer/pgfcoretransparency.c
ode.tex
File: pgfcoretransparency.code.tex 2020/01/08 v3.1.5b (3.1.5b)
)
(/usr/share/texlive/texmf-dist/tex/generic/pgf/basiclayer/pgfcorepatterns.code.
tex
File: pgfcorepatterns.code.tex 2020/01/08 v3.1.5b (3.1.5b)
)
(/usr/share/texlive/texmf-dist/tex/generic/pgf/basiclayer/pgfcorerdf.code.tex
File: pgfcorerdf.code.tex 2020/01/08 v3.1.5b (3.1.5b)
))) (/usr/share/texlive/texmf-dist/tex/latex/pgf/utilities/xxcolor.sty
Package: xxcolor 2003/10/24 ver 0.1
\XC@nummixins=\count273
\XC@countmixins=\count274
)
(/usr/share/texlive/texmf-dist/tex/generic/atbegshi/atbegshi.sty
Package: atbegshi 2019/12/05 v1.19 At begin shipout hook (HO)

(/usr/share/texlive/texmf-dist/tex/generic/infwarerr/infwarerr.sty
Package: infwarerr 2019/12/03 v1.5 Providing info/warning/error messages (HO)
)
(/usr/share/texlive/texmf-dist/tex/generic/ltxcmds/ltxcmds.sty
Package: ltxcmds 2019/12/15 v1.24 LaTeX kernel commands for general use (HO)
))
(/usr/share/texlive/texmf-dist/tex/latex/hyperref/hyperref.sty
Package: hyperref 2020/01/14 v7.00d Hypertext links for LaTeX

(/usr/share/texlive/texmf-dist/tex/latex/pdftexcmds/pdftexcmds.sty
Package: pdftexcmds 2019/11/24 v0.31 Utility functions of pdfTeX for LuaTeX (HO
)
Package pdftexcmds Info: \pdf@primitive is available.
Package pdftexcmds Info: \pdf@ifprimitive is available.
Package pdftexcmds Info: \pdfdraftmode found.
)
(/usr/share/texlive/texmf-dist/tex/generic/kvsetkeys/kvsetkeys.sty
Package: kvsetkeys 2019/12/15 v1.18 Key value parser (HO)
)
(/usr/share/texlive/texmf-dist/tex/generic/kvdefinekeys/kvdefinekeys.sty
Package: kvdefinekeys 2019-12-19 v1.6 Define keys (HO)
)
(/usr/share/texlive/texmf-dist/tex/generic/pdfescape/pdfescape.sty
Package: pdfescape 2019/12/09 v1.15 Implements pdfTeX's escape features (HO)
)
(/usr/share/texlive/texmf-dist/tex/latex/hycolor/hycolor.sty
Package: hycolor 2020-01-27 v1.10 Color options for hyperref/bookmark (HO)
)
(/usr/share/texlive/texmf-dist/tex/latex/letltxmacro/letltxmacro.sty
Package: letltxmacro 2019/12/03 v1.6 Let assignment for LaTeX macros (HO)
)
(/usr/share/texlive/texmf-dist/tex/latex/auxhook/auxhook.sty
Package: auxhook 2019-12-17 v1.6 Hooks for auxiliary files (HO)
)
(/usr/share/texlive/texmf-dist/tex/latex/kvoptions/kvoptions.sty
Package: kvoptions 2019/11/29 v3.13 Key value format for package options (HO)
)
\@linkdim=\dimen197
\Hy@linkcounter=\count275
\Hy@pagecounter=\count276

(/usr/share/texlive/texmf-dist/tex/latex/hyperref/pd1enc.def
File: pd1enc.def 2020/01/14 v7.00d Hyperref: PDFDocEncoding definition (HO)
Now handling font encoding PD1 ...
... no UTF-8 mapping file for font encoding PD1
)
(/usr/share/texlive/texmf-dist/tex/generic/intcalc/intcalc.sty
Package: intcalc 2019/12/15 v1.3 Expandable calculations with integers (HO)
)
(/usr/share/texlive/texmf-dist/tex/generic/etexcmds/etexcmds.sty
Package: etexcmds 2019/12/15 v1.7 Avoid name clashes with e-TeX commands (HO)
)
\Hy@SavedSpaceFactor=\count277
\pdfmajorversion=\count278
Package hyperref Info: Option `bookmarks' set `true' on input line 4421.
Package hyperref Info: Option `bookmarksopen' set `true' on input line 4421.
Package hyperref Info: Option `implicit' set `false' on input line 4421.
Package hyperref Info: Hyper figures OFF on input line 4547.
Package hyperref Info: Link nesting OFF on input line 4552.
Package hyperref Info: Hyper index ON on input line 4555.
Package hyperref Info: Plain pages OFF on input line 4562.
Package hyperref Info: Backreferencing OFF on input line 4567.
Package hyperref Info: Implicit mode OFF; no redefinition of LaTeX internals.
Package hyperref Info: Bookmarks ON on input line 4800.
\c@Hy@tempcnt=\count279

(/usr/share/texlive/texmf-dist/tex/latex/url/url.sty
\Urlmuskip=\muskip16
Package: url 2013/09/16  ver 3.4  Verb mode for urls, etc.
)
LaTeX Info: Redefining \url on input line 5159.
\XeTeXLinkMargin=\dimen198

(/usr/share/texlive/texmf-dist/tex/generic/bitset/bitset.sty
Package: bitset 2019/12/09 v1.3 Handle bit-vector datatype (HO)

(/usr/share/texlive/texmf-dist/tex/generic/bigintcalc/bigintcalc.sty
Package: bigintcalc 2019/12/15 v1.5 Expandable calculations on big integers (HO
)
))
\Fld@menulength=\count280
\Field@Width=\dimen199
\Fld@charsize=\dimen256
Package hyperref Info: Hyper figures OFF on input line 6430.
Package hyperref Info: Link nesting OFF on input line 6435.
Package hyperref Info: Hyper index ON on input line 6438.
Package hyperref Info: backreferencing OFF on input line 6445.
Package hyperref Info: Link coloring OFF on input line 6450.
Package hyperref Info: Link coloring with OCG OFF on input line 6455.
Package hyperref Info: PDF/A mode OFF on input line 6460.
LaTeX Info: Redefining \ref on input line 6500.
LaTeX Info: Redefining \pageref on input line 6504.
\Hy@abspage=\count281


Package hyperref Message: Stopped early.

)
Package hyperref Info: Driver (autodetected): hpdftex.
 (/usr/share/texlive/texmf-dist/tex/latex/hyperref/hpdftex.def
File: hpdftex.def 2020/01/14 v7.00d Hyperref driver for pdfTeX

(/usr/share/texlive/texmf-dist/tex/latex/atveryend/atveryend.sty
Package: atveryend 2019-12-11 v1.11 Hooks at the very end of document (HO)
)
\Fld@listcount=\count282
\c@bookmark@seq@number=\count283

(/usr/share/texlive/texmf-dist/tex/latex/rerunfilecheck/rerunfilecheck.sty
Package: rerunfilecheck 2019/12/05 v1.9 Rerun checks for auxiliary files (HO)

(/usr/share/texlive/texmf-dist/tex/generic/uniquecounter/uniquecounter.sty
Package: uniquecounter 2019/12/15 v1.4 Provide unlimited unique counter (HO)
)
Package uniquecounter Info: New unique counter `rerunfilecheck' on input line 2
86.
))
(/usr/share/texlive/texmf-dist/tex/latex/beamer/beamerbaserequires.sty
(/usr/share/texlive/texmf-dist/tex/latex/beamer/beamerbasecompatibility.sty)
(/usr/share/texlive/texmf-dist/tex/latex/beamer/beamerbasefont.sty
(/usr/share/texlive/texmf-dist/tex/latex/amsfonts/amssymb.sty
Package: amssymb 2013/01/14 v3.01 AMS font symbols

(/usr/share/texlive/texmf-dist/tex/latex/amsfonts/amsfonts.sty
Package: amsfonts 2013/01/14 v3.01 Basic AMSFonts support
\@emptytoks=\toks26
\symAMSa=\mathgroup4
\symAMSb=\mathgroup5
LaTeX Font Info:    Redeclaring math symbol \hbar on input line 98.
LaTeX Font Info:    Overwriting math alphabet `\mathfrak' in version `bold'
(Font)                  U/euf/m/n --> U/euf/b/n on input line 106.
)))
(/usr/share/texlive/texmf-dist/tex/latex/beamer/beamerbasetranslator.sty
(/usr/share/texlive/texmf-dist/tex/latex/translator/translator.sty
Package: translator 2019-05-31 v1.12a Easy translation of strings in LaTeX
))
(/usr/share/texlive/texmf-dist/tex/latex/beamer/beamerbasemisc.sty)
(/usr/share/texlive/texmf-dist/tex/latex/beamer/beamerbasetwoscreens.sty)
(/usr/share/texlive/texmf-dist/tex/latex/beamer/beamerbaseoverlay.sty
\beamer@argscount=\count284
\beamer@lastskipcover=\skip50
\beamer@trivlistdepth=\count285
)
(/usr/share/texlive/texmf-dist/tex/latex/beamer/beamerbasetitle.sty)
(/usr/share/texlive/texmf-dist/tex/latex/beamer/beamerbasesection.sty
\c@lecture=\count286
\c@part=\count287
\c@section=\count288
\c@subsection=\count289
\c@subsubsection=\count290
)
(/usr/share/texlive/texmf-dist/tex/latex/beamer/beamerbaseframe.sty
\beamer@framebox=\box60
\beamer@frametitlebox=\box61
\beamer@zoombox=\box62
\beamer@zoomcount=\count291
\beamer@zoomframecount=\count292
\beamer@frametextheight=\dimen257
\c@subsectionslide=\count293
\beamer@frametopskip=\skip51
\beamer@framebottomskip=\skip52
\beamer@frametopskipautobreak=\skip53
\beamer@framebottomskipautobreak=\skip54
\beamer@envbody=\toks27
\framewidth=\dimen258
\c@framenumber=\count294
)
(/usr/share/texlive/texmf-dist/tex/latex/beamer/beamerbaseverbatim.sty
\beamer@verbatimfileout=\write4
)
(/usr/share/texlive/texmf-dist/tex/latex/beamer/beamerbaseframesize.sty
\beamer@splitbox=\box63
\beamer@autobreakcount=\count295
\beamer@autobreaklastheight=\dimen259
\beamer@frametitletoks=\toks28
\beamer@framesubtitletoks=\toks29
)
(/usr/share/texlive/texmf-dist/tex/latex/beamer/beamerbaseframecomponents.sty
\beamer@footins=\box64
)
(/usr/share/texlive/texmf-dist/tex/latex/beamer/beamerbasecolor.sty)
(/usr/share/texlive/texmf-dist/tex/latex/beamer/beamerbasenotes.sty
\beamer@frameboxcopy=\box65
)
(/usr/share/texlive/texmf-dist/tex/latex/beamer/beamerbasetoc.sty)
(/usr/share/texlive/texmf-dist/tex/latex/beamer/beamerbasetemplates.sty
\beamer@sbttoks=\toks30

(/usr/share/texlive/texmf-dist/tex/latex/beamer/beamerbaseauxtemplates.sty
(/usr/share/texlive/texmf-dist/tex/latex/beamer/beamerbaseboxes.sty
\bmb@box=\box66
\bmb@colorbox=\box67
\bmb@boxshadow=\box68
\bmb@boxshadowball=\box69
\bmb@boxshadowballlarge=\box70
\bmb@temp=\dimen260
\bmb@dima=\dimen261
\bmb@dimb=\dimen262
\bmb@prevheight=\dimen263
)
\beamer@blockheadheight=\dimen264
))
(/usr/share/texlive/texmf-dist/tex/latex/beamer/beamerbaselocalstructure.sty
(/usr/share/texlive/texmf-dist/tex/latex/tools/enumerate.sty
Package: enumerate 2015/07/23 v3.00 enumerate extensions (DPC)
\@enLab=\toks31
)
\c@figure=\count296
\c@table=\count297
\abovecaptionskip=\skip55
\belowcaptionskip=\skip56
)
(/usr/share/texlive/texmf-dist/tex/latex/beamer/beamerbasenavigation.sty
\beamer@section@min@dim=\dimen265
)
(/usr/share/texlive/texmf-dist/tex/latex/beamer/beamerbasetheorems.sty
(/usr/share/texlive/texmf-dist/tex/latex/amsmath/amsmath.sty
Package: amsmath 2020/01/20 v2.17e AMS math features
\@mathmargin=\skip57

For additional information on amsmath, use the `?' option.
(/usr/share/texlive/texmf-dist/tex/latex/amsmath/amstext.sty
Package: amstext 2000/06/29 v2.01 AMS text

(/usr/share/texlive/texmf-dist/tex/latex/amsmath/amsgen.sty
File: amsgen.sty 1999/11/30 v2.0 generic functions
\@emptytoks=\toks32
\ex@=\dimen266
))
(/usr/share/texlive/texmf-dist/tex/latex/amsmath/amsbsy.sty
Package: amsbsy 1999/11/29 v1.2d Bold Symbols
\pmbraise@=\dimen267
)
(/usr/share/texlive/texmf-dist/tex/latex/amsmath/amsopn.sty
Package: amsopn 2016/03/08 v2.02 operator names
)
\inf@bad=\count298
LaTeX Info: Redefining \frac on input line 227.
\uproot@=\count299
\leftroot@=\count300
LaTeX Info: Redefining \overline on input line 389.
\classnum@=\count301
\DOTSCASE@=\count302
LaTeX Info: Redefining \ldots on input line 486.
LaTeX Info: Redefining \dots on input line 489.
LaTeX Info: Redefining \cdots on input line 610.
\Mathstrutbox@=\box71
\strutbox@=\box72
\big@size=\dimen268
LaTeX Font Info:    Redeclaring font encoding OML on input line 733.
LaTeX Font Info:    Redeclaring font encoding OMS on input line 734.
\macc@depth=\count303
\c@MaxMatrixCols=\count304
\dotsspace@=\muskip17
\c@parentequation=\count305
\dspbrk@lvl=\count306
\tag@help=\toks33
\row@=\count307
\column@=\count308
\maxfields@=\count309
\andhelp@=\toks34
\eqnshift@=\dimen269
\alignsep@=\dimen270
\tagshift@=\dimen271
\tagwidth@=\dimen272
\totwidth@=\dimen273
\lineht@=\dimen274
\@envbody=\toks35
\multlinegap=\skip58
\multlinetaggap=\skip59
\mathdisplay@stack=\toks36
LaTeX Info: Redefining \[ on input line 2859.
LaTeX Info: Redefining \] on input line 2860.
)
(/usr/share/texlive/texmf-dist/tex/latex/amscls/amsthm.sty
Package: amsthm 2017/10/31 v2.20.4
\thm@style=\toks37
\thm@bodyfont=\toks38
\thm@headfont=\toks39
\thm@notefont=\toks40
\thm@headpunct=\toks41
\thm@preskip=\skip60
\thm@postskip=\skip61
\thm@headsep=\skip62
\dth@everypar=\toks42
)
\c@theorem=\count310
)
(/usr/share/texlive/texmf-dist/tex/latex/beamer/beamerbasethemes.sty))
(/usr/share/texlive/texmf-dist/tex/latex/beamer/beamerthemedefault.sty
(/usr/share/texlive/texmf-dist/tex/latex/beamer/beamerfontthemedefault.sty)
(/usr/share/texlive/texmf-dist/tex/latex/beamer/beamercolorthemedefault.sty)
(/usr/share/texlive/texmf-dist/tex/latex/beamer/beamerinnerthemedefault.sty
\beamer@dima=\dimen275
\beamer@dimb=\dimen276
)
(/usr/share/texlive/texmf-dist/tex/latex/beamer/beamerouterthemedefault.sty)))
(/usr/share/texlive/texmf-dist/tex/latex/beamer/beamerthemeMadrid.sty
(/usr/share/texlive/texmf-dist/tex/latex/beamer/beamercolorthemewhale.sty)
(/usr/share/texlive/texmf-dist/tex/latex/beamer/beamercolorthemeorchid.sty)
(/usr/share/texlive/texmf-dist/tex/latex/beamer/beamerinnerthemerounded.sty)
(/usr/share/texlive/texmf-dist/tex/latex/beamer/beamerouterthemeinfolines.sty))
(/usr/share/texlive/texmf-dist/tex/latex/beamer/beamercolorthemerose.sty)
(/usr/share/texlive/texmf-dist/tex/latex/beamer/beamerfontthemestructurebold.st
y) (/usr/share/texlive/texmf-dist/tex/latex/pgf/basiclayer/pgf.sty
Package: pgf 2020/01/08 v3.1.5b (3.1.5b)

(/usr/share/texlive/texmf-dist/tex/generic/pgf/modules/pgfmoduleshapes.code.tex
File: pgfmoduleshapes.code.tex 2020/01/08 v3.1.5b (3.1.5b)
\pgfnodeparttextbox=\box73
) (/usr/share/texlive/texmf-dist/tex/generic/pgf/modules/pgfmoduleplot.code.tex
File: pgfmoduleplot.code.tex 2020/01/08 v3.1.5b (3.1.5b)
)
(/usr/share/texlive/texmf-dist/tex/latex/pgf/compatibility/pgfcomp-version-0-65
.sty
Package: pgfcomp-version-0-65 2020/01/08 v3.1.5b (3.1.5b)
\pgf@nodesepstart=\dimen277
\pgf@nodesepend=\dimen278
)
(/usr/share/texlive/texmf-dist/tex/latex/pgf/compatibility/pgfcomp-version-1-18
.sty
Package: pgfcomp-version-1-18 2020/01/08 v3.1.5b (3.1.5b)
)) (/usr/share/texlive/texmf-dist/tex/latex/pgf/compatibility/pgfarrows.sty
Package: pgfarrows 2020/01/08 v3.1.5b (3.1.5b)

Package pgfarrows Warning: This package is obsolete. pgf.sty will load arrow ma
nagement automatically on input line 17.

) (/usr/share/texlive/texmf-dist/tex/latex/pgf/compatibility/pgfnodes.sty
Package: pgfnodes 2020/01/08 v3.1.5b (3.1.5b)


Package pgfnodes Warning: This package is obsolete. pgf.sty will load node mana
gement automatically on input line 17.

) (/usr/share/texlive/texmf-dist/tex/latex/pgf/compatibility/pgfautomata.sty
Package: pgfautomata 2020/01/08 v3.1.5b (3.1.5b)


Package pgfautomata Warning: This package is obsolete. on input line 17.

\pgf@stateradius=\dimen279
\pgf@mooreradius=\dimen280
\pgf@doublethickness=\dimen281
\pgf@statebackoff=\dimen282
) (/usr/share/texlive/texmf-dist/tex/latex/pgf/compatibility/pgfheaps.sty
Package: pgfheaps 2020/01/08 v3.1.5b (3.1.5b)


Package pgfheaps Warning: This package is obsolete. on input line 16.

\pgf@heapx=\dimen283
\pgf@heapy=\dimen284
) (/usr/share/texlive/texmf-dist/tex/latex/pgf/compatibility/pgfshade.sty
Package: pgfshade 2020/01/08 v3.1.5b (3.1.5b)


Package pgfshade Warning: This package is obsolete. pgf.sty will load shade man
agement automatically on input line 17.

) (/usr/share/texlive/texmf-dist/tex/latex/ragged2e/ragged2e.sty
Package: ragged2e 2019/07/28 v2.2 ragged2e Package (MS)

(/usr/share/texlive/texmf-dist/tex/latex/ms/everysel.sty
Package: everysel 2011/10/28 v1.2 EverySelectfont Package (MS)
)
\CenteringLeftskip=\skip63
\RaggedLeftLeftskip=\skip64
\RaggedRightLeftskip=\skip65
\CenteringRightskip=\skip66
\RaggedLeftRightskip=\skip67
\RaggedRightRightskip=\skip68
\CenteringParfillskip=\skip69
\RaggedLeftParfillskip=\skip70
\RaggedRightParfillskip=\skip71
\JustifyingParfillskip=\skip72
\CenteringParindent=\skip73
\RaggedLeftParindent=\skip74
\RaggedRightParindent=\skip75
\JustifyingParindent=\skip76
)
(/usr/share/texlive/texmf-dist/tex/latex/base/inputenc.sty
Package: inputenc 2018/08/11 v1.3c Input encoding file
\inpenc@prehook=\toks43
\inpenc@posthook=\toks44

(/usr/share/texlive/texmf-dist/tex/latex/base/latin1.def
File: latin1.def 2018/08/11 v1.3c Input encoding file
))
(/usr/share/texlive/texmf-dist/tex/latex/colortbl/colortbl.sty
Package: colortbl 2020/01/04 v1.0e Color table columns (DPC)

(/usr/share/texlive/texmf-dist/tex/latex/tools/array.sty
Package: array 2019/08/31 v2.4l Tabular extension package (FMi)
\col@sep=\dimen285
\ar@mcellbox=\box74
\extrarowheight=\dimen286
\NC@list=\toks45
\extratabsurround=\skip77
\backup@length=\skip78
\ar@cellbox=\box75
)
\everycr=\toks46
\minrowclearance=\skip79
)
(/usr/share/texlive/texmf-dist/tex/latex/textpos/textpos.sty
Package: textpos 2019/04/15 v1.9.1

Package: textpos 2019/04/15 1.9.1, absolute positioning of text on the page
\TP@textbox=\box76
\TP@holdbox=\box77
\TPHorizModule=\dimen287
\TPVertModule=\dimen288
\TP@margin=\dimen289
\TP@absmargin=\dimen290
Grid set 16 x 16 = 28.45274pt x 16.00467pt
\TPboxrulesize=\dimen291
\TP@ox=\dimen292
\TP@oy=\dimen293
\TP@tbargs=\toks47
\TP@prevdepth=\dimen294
TextBlockOrigin set to 0pt x 0pt
)
TextBlockOrigin set to 10mm x 10mm
(/usr/share/texlive/texmf-dist/tex/generic/babel/babel.sty
Package: babel 2020/02/14 3.40 The Babel package

(/usr/share/texlive/texmf-dist/tex/generic/babel/switch.def
File: switch.def 2020/02/14 3.40 Babel switching mechanism
)
(/usr/share/texlive/texmf-dist/tex/generic/babel-english/english.ldf
Language: english 2017/06/06 v3.3r English support from the babel system

(/usr/share/texlive/texmf-dist/tex/generic/babel/babel.def
File: babel.def 2020/02/14 3.40 Babel common definitions
\babel@savecnt=\count311
\U@D=\dimen295

(/usr/share/texlive/texmf-dist/tex/generic/babel/txtbabel.def)
\bbl@readstream=\read3
LaTeX Info: Redefining \textlatin on input line 2319.
\bbl@dirlevel=\count312
)
Package babel Info: \l@british = using hyphenrules for english
(babel)             (\language0) on input line 82.
Package babel Info: \l@UKenglish = using hyphenrules for english
(babel)             (\language0) on input line 83.
Package babel Info: \l@canadian = using hyphenrules for english
(babel)             (\language0) on input line 102.
Package babel Info: \l@australian = using hyphenrules for english
(babel)             (\language0) on input line 105.
Package babel Info: \l@newzealand = using hyphenrules for english
(babel)             (\language0) on input line 108.
))
(/usr/share/texlive/texmf-dist/tex/latex/listings/listings.sty
\lst@mode=\count313
\lst@gtempboxa=\box78
\lst@token=\toks48
\lst@length=\count314
\lst@currlwidth=\dimen296
\lst@column=\count315
\lst@pos=\count316
\lst@lostspace=\dimen297
\lst@width=\dimen298
\lst@newlines=\count317
\lst@lineno=\count318
\lst@maxwidth=\dimen299

(/usr/share/texlive/texmf-dist/tex/latex/listings/lstmisc.sty
File: lstmisc.sty 2019/09/10 1.8c (Carsten Heinz)
\c@lstnumber=\count319
\lst@skipnumbers=\count320
\lst@framebox=\box79
)
(/usr/share/texlive/texmf-dist/tex/latex/listings/listings.cfg
File: listings.cfg 2019/09/10 1.8c listings configuration
))
Package: listings 2019/09/10 1.8c (Carsten Heinz)

(/usr/share/texlive/texmf-dist/tex/latex/l3backend/l3backend-pdfmode.def
File: l3backend-pdfmode.def 2020-02-03 L3 backend support: PDF mode
\l__kernel_color_stack_int=\count321
\l__pdf_internal_box=\box80
)
(./05-TwoView.aux)
\openout1 = `05-TwoView.aux'.

LaTeX Font Info:    Checking defaults for OML/cmm/m/it on input line 59.
LaTeX Font Info:    ... okay on input line 59.
LaTeX Font Info:    Checking defaults for OMS/cmsy/m/n on input line 59.
LaTeX Font Info:    ... okay on input line 59.
LaTeX Font Info:    Checking defaults for OT1/cmr/m/n on input line 59.
LaTeX Font Info:    ... okay on input line 59.
LaTeX Font Info:    Checking defaults for T1/cmr/m/n on input line 59.
LaTeX Font Info:    ... okay on input line 59.
LaTeX Font Info:    Checking defaults for TS1/cmr/m/n on input line 59.
LaTeX Font Info:    ... okay on input line 59.
LaTeX Font Info:    Checking defaults for OMX/cmex/m/n on input line 59.
LaTeX Font Info:    ... okay on input line 59.
LaTeX Font Info:    Checking defaults for U/cmr/m/n on input line 59.
LaTeX Font Info:    ... okay on input line 59.
LaTeX Font Info:    Checking defaults for PD1/pdf/m/n on input line 59.
LaTeX Font Info:    ... okay on input line 59.

*geometry* driver: auto-detecting
*geometry* detected driver: pdftex
*geometry* verbose mode - [ preamble ] result:
* driver: pdftex
* paper: custom
* layout: <same size as paper>
* layoutoffset:(h,v)=(0.0pt,0.0pt)
* modes: includehead includefoot 
* h-part:(L,W,R)=(10.95003pt, 433.34402pt, 10.95003pt)
* v-part:(T,H,B)=(0.0pt, 256.0748pt, 0.0pt)
* \paperwidth=455.24408pt
* \paperheight=256.0748pt
* \textwidth=433.34402pt
* \textheight=227.62207pt
* \oddsidemargin=-61.31996pt
* \evensidemargin=-61.31996pt
* \topmargin=-72.26999pt
* \headheight=14.22636pt
* \headsep=0.0pt
* \topskip=11.0pt
* \footskip=14.22636pt
* \marginparwidth=4.0pt
* \marginparsep=10.0pt
* \columnsep=10.0pt
* \skip\footins=10.0pt plus 4.0pt minus 2.0pt
* \hoffset=0.0pt
* \voffset=0.0pt
* \mag=1000
* \@twocolumnfalse
* \@twosidefalse
* \@mparswitchfalse
* \@reversemarginfalse
* (1in=72.27pt=25.4mm, 1cm=28.453pt)

(/usr/share/texlive/texmf-dist/tex/context/base/mkii/supp-pdf.mkii
[Loading MPS to PDF converter (version 2006.09.02).]
\scratchcounter=\count322
\scratchdimen=\dimen300
\scratchbox=\box81
\nofMPsegments=\count323
\nofMParguments=\count324
\everyMPshowfont=\toks49
\MPscratchCnt=\count325
\MPscratchDim=\dimen301
\MPnumerator=\count326
\makeMPintoPDFobject=\count327
\everyMPtoPDFconversion=\toks50
) (/usr/share/texlive/texmf-dist/tex/latex/epstopdf-pkg/epstopdf-base.sty
Package: epstopdf-base 2020-01-24 v2.11 Base part for package epstopdf
Package epstopdf-base Info: Redefining graphics rule for `.eps' on input line 4
85.

(/usr/share/texlive/texmf-dist/tex/latex/latexconfig/epstopdf-sys.cfg
File: epstopdf-sys.cfg 2010/07/13 v1.3 Configuration of (r)epstopdf for TeX Liv
e
))
ABD: EveryShipout initializing macros
\AtBeginShipoutBox=\box82
Package hyperref Info: Link coloring OFF on input line 59.

(/usr/share/texlive/texmf-dist/tex/latex/hyperref/nameref.sty
Package: nameref 2019/09/16 v2.46 Cross-referencing by name of section

(/usr/share/texlive/texmf-dist/tex/latex/refcount/refcount.sty
Package: refcount 2019/12/15 v3.6 Data extraction from label references (HO)
)
(/usr/share/texlive/texmf-dist/tex/generic/gettitlestring/gettitlestring.sty
Package: gettitlestring 2019/12/15 v1.6 Cleanup title references (HO)
)
\c@section@level=\count328
)
LaTeX Info: Redefining \ref on input line 59.
LaTeX Info: Redefining \pageref on input line 59.
LaTeX Info: Redefining \nameref on input line 59.

(./05-TwoView.out) (./05-TwoView.out)
\@outlinefile=\write5
\openout5 = `05-TwoView.out'.

LaTeX Font Info:    Overwriting symbol font `operators' in version `normal'
(Font)                  OT1/cmr/m/n --> OT1/cmss/m/n on input line 59.
LaTeX Font Info:    Overwriting symbol font `operators' in version `bold'
(Font)                  OT1/cmr/bx/n --> OT1/cmss/b/n on input line 59.
\symnumbers=\mathgroup6
\sympureletters=\mathgroup7
LaTeX Font Info:    Overwriting math alphabet `\mathrm' in version `normal'
(Font)                  OT1/cmss/m/n --> OT1/cmr/m/n on input line 59.
LaTeX Font Info:    Redeclaring math alphabet \mathbf on input line 59.
LaTeX Font Info:    Overwriting math alphabet `\mathbf' in version `normal'
(Font)                  OT1/cmr/bx/n --> OT1/cmss/b/n on input line 59.
LaTeX Font Info:    Overwriting math alphabet `\mathbf' in version `bold'
(Font)                  OT1/cmr/bx/n --> OT1/cmss/b/n on input line 59.
LaTeX Font Info:    Redeclaring math alphabet \mathsf on input line 59.
LaTeX Font Info:    Overwriting math alphabet `\mathsf' in version `normal'
(Font)                  OT1/cmss/m/n --> OT1/cmss/m/n on input line 59.
LaTeX Font Info:    Overwriting math alphabet `\mathsf' in version `bold'
(Font)                  OT1/cmss/bx/n --> OT1/cmss/m/n on input line 59.
LaTeX Font Info:    Redeclaring math alphabet \mathit on input line 59.
LaTeX Font Info:    Overwriting math alphabet `\mathit' in version `normal'
(Font)                  OT1/cmr/m/it --> OT1/cmss/m/it on input line 59.
LaTeX Font Info:    Overwriting math alphabet `\mathit' in version `bold'
(Font)                  OT1/cmr/bx/it --> OT1/cmss/m/it on input line 59.
LaTeX Font Info:    Redeclaring math alphabet \mathtt on input line 59.
LaTeX Font Info:    Overwriting math alphabet `\mathtt' in version `normal'
(Font)                  OT1/cmtt/m/n --> OT1/cmtt/m/n on input line 59.
LaTeX Font Info:    Overwriting math alphabet `\mathtt' in version `bold'
(Font)                  OT1/cmtt/m/n --> OT1/cmtt/m/n on input line 59.
LaTeX Font Info:    Overwriting symbol font `numbers' in version `bold'
(Font)                  OT1/cmss/m/n --> OT1/cmss/b/n on input line 59.
LaTeX Font Info:    Overwriting symbol font `pureletters' in version `bold'
(Font)                  OT1/cmss/m/it --> OT1/cmss/b/it on input line 59.
LaTeX Font Info:    Overwriting math alphabet `\mathrm' in version `bold'
(Font)                  OT1/cmss/b/n --> OT1/cmr/b/n on input line 59.
LaTeX Font Info:    Overwriting math alphabet `\mathbf' in version `bold'
(Font)                  OT1/cmss/b/n --> OT1/cmss/b/n on input line 59.
LaTeX Font Info:    Overwriting math alphabet `\mathsf' in version `bold'
(Font)                  OT1/cmss/m/n --> OT1/cmss/b/n on input line 59.
LaTeX Font Info:    Overwriting math alphabet `\mathit' in version `bold'
(Font)                  OT1/cmss/m/it --> OT1/cmss/b/it on input line 59.
LaTeX Font Info:    Overwriting math alphabet `\mathtt' in version `bold'
(Font)                  OT1/cmtt/m/n --> OT1/cmtt/b/n on input line 59.

(/usr/share/texlive/texmf-dist/tex/latex/translator/translator-basic-dictionary
-English.dict
Dictionary: translator-basic-dictionary, Language: English 
)
(/usr/share/texlive/texmf-dist/tex/latex/translator/translator-bibliography-dic
tionary-English.dict
Dictionary: translator-bibliography-dictionary, Language: English 
)
(/usr/share/texlive/texmf-dist/tex/latex/translator/translator-environment-dict
ionary-English.dict
Dictionary: translator-environment-dictionary, Language: English 
)
(/usr/share/texlive/texmf-dist/tex/latex/translator/translator-months-dictionar
y-English.dict
Dictionary: translator-months-dictionary, Language: English 
)
(/usr/share/texlive/texmf-dist/tex/latex/translator/translator-numbers-dictiona
ry-English.dict
Dictionary: translator-numbers-dictionary, Language: English 
)
(/usr/share/texlive/texmf-dist/tex/latex/translator/translator-theorem-dictiona
ry-English.dict
Dictionary: translator-theorem-dictionary, Language: English 
) ABD: EverySelectfont initializing macros
LaTeX Info: Redefining \selectfont on input line 59.
\c@lstlisting=\count329
 (./05-TwoView.nav)
[1

{/var/lib/texmf/fonts/map/pdftex/updmap/pdftex.map} <../dsai-logo.png> <../eras
mus-logo.png>]
LaTeX Font Info:    Trying to load font information for U+msa on input line 89.

 (/usr/share/texlive/texmf-dist/tex/latex/amsfonts/umsa.fd
File: umsa.fd 2013/01/14 v3.01 AMS symbols A
)
LaTeX Font Info:    Trying to load font information for U+msb on input line 89.


(/usr/share/texlive/texmf-dist/tex/latex/amsfonts/umsb.fd
File: umsb.fd 2013/01/14 v3.01 AMS symbols B
)
LaTeX Font Info:    Trying to load font information for TS1+cmss on input line 
89.

(/usr/share/texlive/texmf-dist/tex/latex/base/ts1cmss.fd
File: ts1cmss.fd 2019/12/16 v2.5j Standard LaTeX font definitions
) [2

] (./05-TwoView.toc) [3

]

LaTeX Font Warning: Font shape `OT1/cmss/b/n' undefined
(Font)              using `OT1/cmss/m/n' instead on input line 111.


LaTeX Font Warning: Font shape `OT1/cmss/b/it' undefined
(Font)              using `OT1/cmss/b/n' instead on input line 111.

[4

] (./05-TwoView.toc) [5

] [6

]
<HZ-fig8-1a.pdf, id=258, 480.79625pt x 395.4775pt>
File: HZ-fig8-1a.pdf Graphic file (type pdf)
<use HZ-fig8-1a.pdf>
Package pdftex.def Info: HZ-fig8-1a.pdf  used on input line 172.
(pdftex.def)             Requested size: 144.54pt x 118.89157pt.

Overfull \vbox (3.29282pt too high) detected at line 172
 []

[7

 <./HZ-fig8-1a.pdf>]
<HZ-fig8-1b.pdf, id=300, 502.87875pt x 427.5975pt>
File: HZ-fig8-1b.pdf Graphic file (type pdf)
<use HZ-fig8-1b.pdf>
Package pdftex.def Info: HZ-fig8-1b.pdf  used on input line 191.
(pdftex.def)             Requested size: 144.54pt x 122.89743pt.

Overfull \vbox (13.02785pt too high) detected at line 191
 []

[8

 <./HZ-fig8-1b.pdf>]
<HZ-fig8-2a.pdf, id=335, 461.725pt x 314.17375pt>
File: HZ-fig8-2a.pdf Graphic file (type pdf)
<use HZ-fig8-2a.pdf>
Package pdftex.def Info: HZ-fig8-2a.pdf  used on input line 213.
(pdftex.def)             Requested size: 137.31255pt x 93.43309pt.

Underfull \hbox (badness 3668) in paragraph at lines 213--213
[]\OT1/cmss/b/it/8 The base-line in-ter-sects the im-age
 []

<HZ-fig8-2b.pdf, id=336, 461.725pt x 314.17375pt>
File: HZ-fig8-2b.pdf Graphic file (type pdf)
<use HZ-fig8-2b.pdf>
Package pdftex.def Info: HZ-fig8-2b.pdf  used on input line 213.
(pdftex.def)             Requested size: 137.31255pt x 93.43309pt.
[9

 <./HZ-fig8-2a.pdf> <./HZ-fig8-2b.pdf>] [10

]
<HZ-fig8-3a.pdf, id=412, 390.45876pt x 236.885pt>
File: HZ-fig8-3a.pdf Graphic file (type pdf)
<use HZ-fig8-3a.pdf>
Package pdftex.def Info: HZ-fig8-3a.pdf  used on input line 256.
(pdftex.def)             Requested size: 101.17755pt x 61.38261pt.
<HZ-fig8-3b.jpg, id=413, 377.41pt x 353.32pt>
File: HZ-fig8-3b.jpg Graphic file (type jpg)
<use HZ-fig8-3b.jpg>
Package pdftex.def Info: HZ-fig8-3b.jpg  used on input line 256.
(pdftex.def)             Requested size: 101.17755pt x 94.71837pt.
<HZ-fig8-3c.jpg, id=414, 376.40625pt x 353.32pt>
File: HZ-fig8-3c.jpg Graphic file (type jpg)
<use HZ-fig8-3c.jpg>
Package pdftex.def Info: HZ-fig8-3c.jpg  used on input line 256.
(pdftex.def)             Requested size: 101.17755pt x 94.97176pt.

Underfull \hbox (badness 3240) in paragraph at lines 256--256
[]\OT1/cmss/b/it/8 Right im-age, with cor-re-
 []

[11

 <./HZ-fig8-3a.pdf> <./HZ-fig8-3b.jpg> <./HZ-fig8-3c.jpg>]
<HZ-fig8-4a.pdf, id=445, 585.18625pt x 141.52875pt>
File: HZ-fig8-4a.pdf Graphic file (type pdf)
<use HZ-fig8-4a.pdf>
Package pdftex.def Info: HZ-fig8-4a.pdf  used on input line 288.
(pdftex.def)             Requested size: 238.49121pt x 57.67946pt.
<HZ-fig8-4b.jpg, id=446, 414.54875pt x 223.83624pt>
File: HZ-fig8-4b.jpg Graphic file (type jpg)
<use HZ-fig8-4b.jpg>
Package pdftex.def Info: HZ-fig8-4b.jpg  used on input line 288.
(pdftex.def)             Requested size: 137.31255pt x 74.13942pt.
<HZ-fig8-4c.jpg, id=447, 413.545pt x 223.83624pt>
File: HZ-fig8-4c.jpg Graphic file (type jpg)
<use HZ-fig8-4c.jpg>
Package pdftex.def Info: HZ-fig8-4c.jpg  used on input line 288.
(pdftex.def)             Requested size: 137.31255pt x 74.32385pt.

Overfull \vbox (19.88788pt too high) detected at line 288
 []

[12

 <./HZ-fig8-4a.pdf> <./HZ-fig8-4b.jpg> <./HZ-fig8-4c.jpg>] [13

] [14

]
[15

]
<HZ-fig8-6a.pdf, id=562, 352.31625pt x 238.8925pt>
File: HZ-fig8-6a.pdf Graphic file (type pdf)
<use HZ-fig8-6a.pdf>
Package pdftex.def Info: HZ-fig8-6a.pdf  used on input line 387.
(pdftex.def)             Requested size: 137.31255pt x 93.10573pt.
 [16

 <./HZ-fig8-6a.pdf>] [17

]
<HZ-fig8-7.pdf, id=629, 365.365pt x 370.38374pt>
File: HZ-fig8-7.pdf Graphic file (type pdf)
<use HZ-fig8-7.pdf>
Package pdftex.def Info: HZ-fig8-7.pdf  used on input line 449.
(pdftex.def)             Requested size: 158.99377pt x 161.17778pt.

Overfull \vbox (10.37901pt too high) detected at line 449
 []

[18

 <./HZ-fig8-7.pdf>]
<HZ-fig8-8a.jpg, id=662, 476.78125pt x 182.6825pt>
File: HZ-fig8-8a.jpg Graphic file (type jpg)
<use HZ-fig8-8a.jpg>
Package pdftex.def Info: HZ-fig8-8a.jpg  used on input line 468.
(pdftex.def)             Requested size: 180.67499pt x 69.22772pt.
<HZ-fig8-8b.jpg, id=663, 203.76125pt x 206.7725pt>
File: HZ-fig8-8b.jpg Graphic file (type jpg)
<use HZ-fig8-8b.jpg>
Package pdftex.def Info: HZ-fig8-8b.jpg  used on input line 468.
(pdftex.def)             Requested size: 101.17755pt x 102.67294pt.
<HZ-fig8-8c.jpg, id=664, 203.76125pt x 206.7725pt>
File: HZ-fig8-8c.jpg Graphic file (type jpg)
<use HZ-fig8-8c.jpg>
Package pdftex.def Info: HZ-fig8-8c.jpg  used on input line 468.
(pdftex.def)             Requested size: 101.17755pt x 102.67294pt.

Overfull \vbox (17.37273pt too high) detected at line 468
 []

[19

 <./HZ-fig8-8a.jpg> <./HZ-fig8-8b.jpg> <./HZ-fig8-8c.jpg>] [20

] [21

]
<HZ-fig8-9.pdf, id=745, 402.50375pt x 236.885pt>
File: HZ-fig8-9.pdf Graphic file (type pdf)
<use HZ-fig8-9.pdf>
Package pdftex.def Info: HZ-fig8-9.pdf  used on input line 538.
(pdftex.def)             Requested size: 252.94499pt x 148.86603pt.

[22

 <./HZ-fig8-9.pdf>] [23

] [24

] [25

] [26

] [27

] [28

] [29

]
<HZ-fig8-12.pdf, id=961, 665.48625pt x 515.9275pt>
File: HZ-fig8-12.pdf Graphic file (type pdf)
<use HZ-fig8-12.pdf>
Package pdftex.def Info: HZ-fig8-12.pdf  used on input line 763.
(pdftex.def)             Requested size: 166.2212pt x 128.86346pt.

Overfull \vbox (9.39388pt too high) detected at line 763
 []

[30

 <./HZ-fig8-12.pdf>] (./05-TwoView.toc) [31

] [32

]
<HZ-fig9-2a.pdf, id=1056, 642.4pt x 547.04375pt>
File: HZ-fig9-2a.pdf Graphic file (type pdf)
<use HZ-fig9-2a.pdf>
Package pdftex.def Info: HZ-fig9-2a.pdf  used on input line 828.
(pdftex.def)             Requested size: 158.99377pt x 135.39165pt.
 [33

 <./HZ-fig9-2a.pdf>]
File: HZ-fig9-2a.pdf Graphic file (type pdf)
<use HZ-fig9-2a.pdf>
Package pdftex.def Info: HZ-fig9-2a.pdf  used on input line 856.
(pdftex.def)             Requested size: 137.31255pt x 116.92763pt.

[34

]
<HZ-fig9-3a.pdf, id=1115, 1027.84pt x 770.88pt>
File: HZ-fig9-3a.pdf Graphic file (type pdf)
<use HZ-fig9-3a.pdf>
Package pdftex.def Info: HZ-fig9-3a.pdf  used on input line 882.
(pdftex.def)             Requested size: 101.17755pt x 75.88095pt.
<HZ-fig9-3b.pdf, id=1116, 1027.84pt x 770.88pt>
File: HZ-fig9-3b.pdf Graphic file (type pdf)
<use HZ-fig9-3b.pdf>
Package pdftex.def Info: HZ-fig9-3b.pdf  used on input line 882.
(pdftex.def)             Requested size: 101.17755pt x 75.88095pt.
<HZ-fig9-3c.jpg, id=1117, 370.38374pt x 315.1775pt>
File: HZ-fig9-3c.jpg Graphic file (type jpg)
<use HZ-fig9-3c.jpg>
Package pdftex.def Info: HZ-fig9-3c.jpg  used on input line 882.
(pdftex.def)             Requested size: 101.17755pt x 86.09456pt.
<HZ-fig9-3d.jpg, id=1118, 455.7025pt x 223.83624pt>
File: HZ-fig9-3d.jpg Graphic file (type jpg)
<use HZ-fig9-3d.jpg>
Package pdftex.def Info: HZ-fig9-3d.jpg  used on input line 882.
(pdftex.def)             Requested size: 101.17755pt x 49.69496pt.

Overfull \vbox (19.17674pt too high) detected at line 882
 []

[35

 <./HZ-fig9-3a.pdf> <./HZ-fig9-3b.pdf> <./HZ-fig9-3c.jpg> <./HZ-fig9-3d.jpg>] [
36

]
<HZ-fig9-4a.pdf, id=1178, 1027.84pt x 770.88pt>
File: HZ-fig9-4a.pdf Graphic file (type pdf)
<use HZ-fig9-4a.pdf>
Package pdftex.def Info: HZ-fig9-4a.pdf  used on input line 942.
(pdftex.def)             Requested size: 93.95122pt x 70.45836pt.
<HZ-fig9-4b.pdf, id=1179, 1027.84pt x 770.88pt>
File: HZ-fig9-4b.pdf Graphic file (type pdf)
<use HZ-fig9-4b.pdf>
Package pdftex.def Info: HZ-fig9-4b.pdf  used on input line 942.
(pdftex.def)             Requested size: 93.95122pt x 70.45836pt.
<HZ-fig9-4c.pdf, id=1180, 1027.84pt x 770.88pt>
File: HZ-fig9-4c.pdf Graphic file (type pdf)
<use HZ-fig9-4c.pdf>
Package pdftex.def Info: HZ-fig9-4c.pdf  used on input line 942.
(pdftex.def)             Requested size: 93.95122pt x 70.45836pt.
<HZ-fig9-4d.jpg, id=1181, 483.8075pt x 152.57pt>
File: HZ-fig9-4d.jpg Graphic file (type jpg)
<use HZ-fig9-4d.jpg>
Package pdftex.def Info: HZ-fig9-4d.jpg  used on input line 942.
(pdftex.def)             Requested size: 122.85876pt x 38.74303pt.
<HZ-fig9-4e.jpg, id=1182, 523.9575pt x 154.5775pt>
File: HZ-fig9-4e.jpg Graphic file (type jpg)
<use HZ-fig9-4e.jpg>
Package pdftex.def Info: HZ-fig9-4e.jpg  used on input line 942.
(pdftex.def)             Requested size: 122.85876pt x 36.24551pt.
 [37

 <./HZ-fig9-4a.pdf> <./HZ-fig9-4b.pdf> <./HZ-fig9-4c.pdf> <./HZ-fig9-4d.jpg> <.
/HZ-fig9-4e.jpg>] [38

]
<HZ-fig9-5a.jpg, id=1251, 445.665pt x 268.00125pt>
File: HZ-fig9-5a.jpg Graphic file (type jpg)
<use HZ-fig9-5a.jpg>
Package pdftex.def Info: HZ-fig9-5a.jpg  used on input line 984.
(pdftex.def)             Requested size: 101.17755pt x 60.84155pt.
<HZ-fig9-5b.jpg, id=1252, 354.32375pt x 223.83624pt>
File: HZ-fig9-5b.jpg Graphic file (type jpg)
<use HZ-fig9-5b.jpg>
Package pdftex.def Info: HZ-fig9-5b.jpg  used on input line 984.
(pdftex.def)             Requested size: 101.17755pt x 63.91695pt.
<HZ-fig9-5c.jpg, id=1253, 955.57pt x 652.4375pt>
File: HZ-fig9-5c.jpg Graphic file (type jpg)
<use HZ-fig9-5c.jpg>
Package pdftex.def Info: HZ-fig9-5c.jpg  used on input line 984.
(pdftex.def)             Requested size: 101.17755pt x 69.08038pt.
<HZ-fig9-5d.jpg, id=1254, 955.57pt x 652.4375pt>
File: HZ-fig9-5d.jpg Graphic file (type jpg)
<use HZ-fig9-5d.jpg>
Package pdftex.def Info: HZ-fig9-5d.jpg  used on input line 984.
(pdftex.def)             Requested size: 101.17755pt x 69.08038pt.
 [39

 <./HZ-fig9-5a.jpg> <./HZ-fig9-5b.jpg> <./HZ-fig9-5c.jpg> <./HZ-fig9-5d.jpg>] [
40

]

Package hyperref Warning: Token not allowed in a PDF string (PDFDocEncoding):
(hyperref)                removing `math shift' on input line 1013.


Package hyperref Warning: Token not allowed in a PDF string (PDFDocEncoding):
(hyperref)                removing `math shift' on input line 1013.

(./05-TwoView.toc) [41

] [42

]
Overfull \vbox (8.49377pt too high) detected at line 1089
 []

[43

]
<HZ-fig10-1a.pdf, id=1395, 513.92pt x 513.92pt>
File: HZ-fig10-1a.pdf Graphic file (type pdf)
<use HZ-fig10-1a.pdf>
Package pdftex.def Info: HZ-fig10-1a.pdf  used on input line 1122.
(pdftex.def)             Requested size: 137.31255pt x 137.30951pt.
 [44

 <./HZ-fig10-1a.pdf>]
<HZ-fig10-1b.pdf, id=1425, 513.92pt x 513.92pt>
File: HZ-fig10-1b.pdf Graphic file (type pdf)
<use HZ-fig10-1b.pdf>
Package pdftex.def Info: HZ-fig10-1b.pdf  used on input line 1155.
(pdftex.def)             Requested size: 137.31255pt x 137.30951pt.
 [45

 <./HZ-fig10-1b.pdf>] [46

] [47

] [48

] [49

]
[50

]
<HZ-fig10-2a.jpg, id=1588, 254.9525pt x 253.94875pt>
File: HZ-fig10-2a.jpg Graphic file (type jpg)
<use HZ-fig10-2a.jpg>
Package pdftex.def Info: HZ-fig10-2a.jpg  used on input line 1298.
(pdftex.def)             Requested size: 137.31255pt x 136.77765pt.
<HZ-fig10-2b.jpg, id=1589, 254.9525pt x 254.9525pt>
File: HZ-fig10-2b.jpg Graphic file (type jpg)
<use HZ-fig10-2b.jpg>
Package pdftex.def Info: HZ-fig10-2b.jpg  used on input line 1298.
(pdftex.def)             Requested size: 137.31255pt x 137.31827pt.
 [51

 <./HZ-fig10-2a.jpg> <./HZ-fig10-2b.jpg>]
<HZ-fig10-2c.jpg, id=1617, 255.95625pt x 256.96pt>
File: HZ-fig10-2c.jpg Graphic file (type jpg)
<use HZ-fig10-2c.jpg>
Package pdftex.def Info: HZ-fig10-2c.jpg  used on input line 1314.
(pdftex.def)             Requested size: 137.31255pt x 137.8506pt.
<HZ-fig10-2d.jpg, id=1618, 255.95625pt x 254.9525pt>
File: HZ-fig10-2d.jpg Graphic file (type jpg)
<use HZ-fig10-2d.jpg>
Package pdftex.def Info: HZ-fig10-2d.jpg  used on input line 1314.
(pdftex.def)             Requested size: 137.31255pt x 136.77364pt.
 [52

 <./HZ-fig10-2c.jpg> <./HZ-fig10-2d.jpg>]
<HZ-fig10-2e.jpg, id=1645, 254.9525pt x 254.9525pt>
File: HZ-fig10-2e.jpg Graphic file (type jpg)
<use HZ-fig10-2e.jpg>
Package pdftex.def Info: HZ-fig10-2e.jpg  used on input line 1330.
(pdftex.def)             Requested size: 137.31255pt x 137.31827pt.
<HZ-fig10-2f.jpg, id=1646, 254.9525pt x 255.95625pt>
File: HZ-fig10-2f.jpg Graphic file (type jpg)
<use HZ-fig10-2f.jpg>
Package pdftex.def Info: HZ-fig10-2f.jpg  used on input line 1330.
(pdftex.def)             Requested size: 137.31255pt x 137.8589pt.
 [53

 <./HZ-fig10-2e.jpg> <./HZ-fig10-2f.jpg>]
<HZ-fig10-2g.jpg, id=1673, 255.95625pt x 254.9525pt>
File: HZ-fig10-2g.jpg Graphic file (type jpg)
<use HZ-fig10-2g.jpg>
Package pdftex.def Info: HZ-fig10-2g.jpg  used on input line 1346.
(pdftex.def)             Requested size: 137.31255pt x 136.77364pt.
<HZ-fig10-2h.jpg, id=1674, 255.95625pt x 255.95625pt>
File: HZ-fig10-2h.jpg Graphic file (type jpg)
<use HZ-fig10-2h.jpg>
Package pdftex.def Info: HZ-fig10-2h.jpg  used on input line 1346.
(pdftex.def)             Requested size: 137.31255pt x 137.31212pt.
 [54

 <./HZ-fig10-2g.jpg> <./HZ-fig10-2h.jpg>]
<HZ-fig10-2i.jpg, id=1701, 254.9525pt x 251.94125pt>
File: HZ-fig10-2i.jpg Graphic file (type jpg)
<use HZ-fig10-2i.jpg>
Package pdftex.def Info: HZ-fig10-2i.jpg  used on input line 1362.
(pdftex.def)             Requested size: 137.31255pt x 135.69641pt.
<HZ-fig10-2j.jpg, id=1702, 254.9525pt x 252.945pt>
File: HZ-fig10-2j.jpg Graphic file (type jpg)
<use HZ-fig10-2j.jpg>
Package pdftex.def Info: HZ-fig10-2j.jpg  used on input line 1362.
(pdftex.def)             Requested size: 137.31255pt x 136.23703pt.
 [55

 <./HZ-fig10-2i.jpg> <./HZ-fig10-2j.jpg>]
<HZ-fig10-3a.jpg, id=1731, 304.13625pt x 243.91125pt>
File: HZ-fig10-3a.jpg Graphic file (type jpg)
<use HZ-fig10-3a.jpg>
Package pdftex.def Info: HZ-fig10-3a.jpg  used on input line 1395.
(pdftex.def)             Requested size: 101.17755pt x 81.14226pt.
<HZ-fig10-3b.jpg, id=1732, 307.1475pt x 246.9225pt>
File: HZ-fig10-3b.jpg Graphic file (type jpg)
<use HZ-fig10-3b.jpg>
Package pdftex.def Info: HZ-fig10-3b.jpg  used on input line 1395.
(pdftex.def)             Requested size: 101.17755pt x 81.33772pt.
<HZ-fig10-3c.jpg, id=1733, 307.1475pt x 244.915pt>
File: HZ-fig10-3c.jpg Graphic file (type jpg)
<use HZ-fig10-3c.jpg>
Package pdftex.def Info: HZ-fig10-3c.jpg  used on input line 1395.
(pdftex.def)             Requested size: 101.17755pt x 80.67644pt.
<HZ-fig10-3d.jpg, id=1734, 311.1625pt x 246.9225pt>
File: HZ-fig10-3d.jpg Graphic file (type jpg)
<use HZ-fig10-3d.jpg>
Package pdftex.def Info: HZ-fig10-3d.jpg  used on input line 1395.
(pdftex.def)             Requested size: 101.17755pt x 80.2903pt.
<HZ-fig10-3e.jpg, id=1735, 315.1775pt x 246.9225pt>
File: HZ-fig10-3e.jpg Graphic file (type jpg)
<use HZ-fig10-3e.jpg>
Package pdftex.def Info: HZ-fig10-3e.jpg  used on input line 1395.
(pdftex.def)             Requested size: 101.17755pt x 79.26547pt.

Overfull \vbox (15.84523pt too high) detected at line 1395
 []

[56

 <./HZ-fig10-3a.jpg> <./HZ-fig10-3b.jpg> <./HZ-fig10-3c.jpg> <./HZ-fig10-3d.jpg
> <./HZ-fig10-3e.jpg>]
Overfull \vbox (3.83122pt too high) detected at line 1435
 []

[57

]
Overfull \vbox (13.51038pt too high) detected at line 1462
 []

[58

]
<HZ-fig10-4a.jpg, id=1814, 584.1825pt x 438.63875pt>
File: HZ-fig10-4a.jpg Graphic file (type jpg)
<use HZ-fig10-4a.jpg>
Package pdftex.def Info: HZ-fig10-4a.jpg  used on input line 1483.
(pdftex.def)             Requested size: 158.99377pt x 119.37776pt.
<HZ-fig10-4b.jpg, id=1815, 584.1825pt x 438.63875pt>
File: HZ-fig10-4b.jpg Graphic file (type jpg)
<use HZ-fig10-4b.jpg>
Package pdftex.def Info: HZ-fig10-4b.jpg  used on input line 1483.
(pdftex.def)             Requested size: 158.99377pt x 119.37776pt.
 [59

 <./HZ-fig10-4a.jpg> <./HZ-fig10-4b.jpg>]
<HZ-fig10-4c.jpg, id=1843, 642.4pt x 481.8pt>
File: HZ-fig10-4c.jpg Graphic file (type jpg)
<use HZ-fig10-4c.jpg>
Package pdftex.def Info: HZ-fig10-4c.jpg  used on input line 1499.
(pdftex.def)             Requested size: 158.99377pt x 119.24402pt.
<HZ-fig10-4d.jpg, id=1844, 642.4pt x 481.8pt>
File: HZ-fig10-4d.jpg Graphic file (type jpg)
<use HZ-fig10-4d.jpg>
Package pdftex.def Info: HZ-fig10-4d.jpg  used on input line 1499.
(pdftex.def)             Requested size: 158.99377pt x 119.24402pt.
 [60

 <./HZ-fig10-4c.jpg> <./HZ-fig10-4d.jpg>]
<HZ-fig10-4e.jpg, id=1871, 642.4pt x 481.8pt>
File: HZ-fig10-4e.jpg Graphic file (type jpg)
<use HZ-fig10-4e.jpg>
Package pdftex.def Info: HZ-fig10-4e.jpg  used on input line 1516.
(pdftex.def)             Requested size: 158.99377pt x 119.24402pt.
<HZ-fig10-4f.jpg, id=1872, 642.4pt x 481.8pt>
File: HZ-fig10-4f.jpg Graphic file (type jpg)
<use HZ-fig10-4f.jpg>
Package pdftex.def Info: HZ-fig10-4f.jpg  used on input line 1516.
(pdftex.def)             Requested size: 158.99377pt x 119.24402pt.
 [61

 <./HZ-fig10-4e.jpg> <./HZ-fig10-4f.jpg>]
<HZ-fig10-4g.jpg, id=1899, 642.4pt x 481.8pt>
File: HZ-fig10-4g.jpg Graphic file (type jpg)
<use HZ-fig10-4g.jpg>
Package pdftex.def Info: HZ-fig10-4g.jpg  used on input line 1535.
(pdftex.def)             Requested size: 158.99377pt x 119.24402pt.
<HZ-fig10-4h.jpg, id=1900, 642.4pt x 481.8pt>
File: HZ-fig10-4h.jpg Graphic file (type jpg)
<use HZ-fig10-4h.jpg>
Package pdftex.def Info: HZ-fig10-4h.jpg  used on input line 1535.
(pdftex.def)             Requested size: 158.99377pt x 119.24402pt.
 [62

 <./HZ-fig10-4g.jpg> <./HZ-fig10-4h.jpg>] (./05-TwoView.toc) [63

] [64

] [65

] [66

]
<SIFT-fig1.jpg, id=2042, 577.15625pt x 429.605pt>
File: SIFT-fig1.jpg Graphic file (type jpg)
<use SIFT-fig1.jpg>
Package pdftex.def Info: SIFT-fig1.jpg  used on input line 1629.
(pdftex.def)             Requested size: 216.81pt x 161.38335pt.
 [67

 <./SIFT-fig1.jpg>]
<SIFT-fig2.jpg, id=2070, 272.01625pt x 227.85126pt>
File: SIFT-fig2.jpg Graphic file (type jpg)
<use SIFT-fig2.jpg>
Package pdftex.def Info: SIFT-fig2.jpg  used on input line 1642.
(pdftex.def)             Requested size: 144.54pt x 121.07697pt.
 [68

 <./SIFT-fig2.jpg>] [69

] [70

]
<SIFT-fig7.jpg, id=2150, 552.0625pt x 253.94875pt>
File: SIFT-fig7.jpg Graphic file (type jpg)
<use SIFT-fig7.jpg>
Package pdftex.def Info: SIFT-fig7.jpg  used on input line 1712.
(pdftex.def)             Requested size: 180.67499pt x 83.10973pt.
 [71

 <./SIFT-fig7.jpg>] [72

]
<Golf0.jpg, id=2203, 670.505pt x 502.87875pt>
File: Golf0.jpg Graphic file (type jpg)
<use Golf0.jpg>
Package pdftex.def Info: Golf0.jpg  used on input line 1759.
(pdftex.def)             Requested size: 101.17755pt x 75.88127pt.
<Golf1.jpg, id=2204, 670.505pt x 502.87875pt>
File: Golf1.jpg Graphic file (type jpg)
<use Golf1.jpg>
Package pdftex.def Info: Golf1.jpg  used on input line 1759.
(pdftex.def)             Requested size: 101.17755pt x 75.88127pt.
<Golf2.jpg, id=2205, 670.505pt x 502.87875pt>
File: Golf2.jpg Graphic file (type jpg)
<use Golf2.jpg>
Package pdftex.def Info: Golf2.jpg  used on input line 1759.
(pdftex.def)             Requested size: 101.17755pt x 75.88127pt.
 [73

 <./Golf0.jpg> <./Golf1.jpg> <./Golf2.jpg>]
\openout4 = `05-TwoView.vrb'.

 (./05-TwoView.vrb) [74

]
<Golf0-sift.jpg, id=2261, 670.505pt x 502.87875pt>
File: Golf0-sift.jpg Graphic file (type jpg)
<use Golf0-sift.jpg>
Package pdftex.def Info: Golf0-sift.jpg  used on input line 1804.
(pdftex.def)             Requested size: 252.94499pt x 189.70703pt.

Overfull \vbox (5.13464pt too high) detected at line 1804
 []

[75

 <./Golf0-sift.jpg>]
<Golf1-sift.jpg, id=2288, 670.505pt x 502.87875pt>
File: Golf1-sift.jpg Graphic file (type jpg)
<use Golf1-sift.jpg>
Package pdftex.def Info: Golf1-sift.jpg  used on input line 1814.
(pdftex.def)             Requested size: 252.94499pt x 189.70703pt.

Overfull \vbox (5.13464pt too high) detected at line 1814
 []

[76

 <./Golf1-sift.jpg>]
<Golf2-sift.jpg, id=2315, 670.505pt x 502.87875pt>
File: Golf2-sift.jpg Graphic file (type jpg)
<use Golf2-sift.jpg>
Package pdftex.def Info: Golf2-sift.jpg  used on input line 1824.
(pdftex.def)             Requested size: 252.94499pt x 189.70703pt.

Overfull \vbox (5.13464pt too high) detected at line 1824
 []

[77

 <./Golf2-sift.jpg>] [78

]
<Golf-0from1-corr.jpg, id=2369, 670.505pt x 502.87875pt>
File: Golf-0from1-corr.jpg Graphic file (type jpg)
<use Golf-0from1-corr.jpg>
Package pdftex.def Info: Golf-0from1-corr.jpg  used on input line 1880.
(pdftex.def)             Requested size: 158.99377pt x 119.2431pt.
<Golf-1from0-corr.jpg, id=2370, 670.505pt x 502.87875pt>
File: Golf-1from0-corr.jpg Graphic file (type jpg)
<use Golf-1from0-corr.jpg>
Package pdftex.def Info: Golf-1from0-corr.jpg  used on input line 1880.
(pdftex.def)             Requested size: 158.99377pt x 119.2431pt.
 [79

 <./Golf-0from1-corr.jpg> <./Golf-1from0-corr.jpg>]
<Golf-1from2-corr.jpg, id=2397, 670.505pt x 502.87875pt>
File: Golf-1from2-corr.jpg Graphic file (type jpg)
<use Golf-1from2-corr.jpg>
Package pdftex.def Info: Golf-1from2-corr.jpg  used on input line 1898.
(pdftex.def)             Requested size: 158.99377pt x 119.2431pt.
<Golf-2from1-corr.jpg, id=2398, 670.505pt x 502.87875pt>
File: Golf-2from1-corr.jpg Graphic file (type jpg)
<use Golf-2from1-corr.jpg>
Package pdftex.def Info: Golf-2from1-corr.jpg  used on input line 1898.
(pdftex.def)             Requested size: 158.99377pt x 119.2431pt.
 [80

 <./Golf-1from2-corr.jpg> <./Golf-2from1-corr.jpg>] (./05-TwoView.toc)
[81

] [82

] [83

] [84

] [85

] [86

] [87

] [88

] [89

] [90

]
<HZ-fig10-11a.pdf, id=2699, 321.2pt x 242.9075pt>
File: HZ-fig10-11a.pdf Graphic file (type pdf)
<use HZ-fig10-11a.pdf>
Package pdftex.def Info: HZ-fig10-11a.pdf  used on input line 2178.
(pdftex.def)             Requested size: 119.24506pt x 90.17828pt.
<HZ-fig10-11c.pdf, id=2700, 362.35374pt x 225.84375pt>
File: HZ-fig10-11c.pdf Graphic file (type pdf)
<use HZ-fig10-11c.pdf>
Package pdftex.def Info: HZ-fig10-11c.pdf  used on input line 2178.
(pdftex.def)             Requested size: 119.24506pt x 74.32188pt.
<HZ-fig10-11b.pdf, id=2701, 321.2pt x 242.9075pt>
File: HZ-fig10-11b.pdf Graphic file (type pdf)
<use HZ-fig10-11b.pdf>
Package pdftex.def Info: HZ-fig10-11b.pdf  used on input line 2178.
(pdftex.def)             Requested size: 119.24506pt x 90.17828pt.
<HZ-fig10-11d.pdf, id=2702, 362.35374pt x 225.84375pt>
File: HZ-fig10-11d.pdf Graphic file (type pdf)
<use HZ-fig10-11d.pdf>
Package pdftex.def Info: HZ-fig10-11d.pdf  used on input line 2178.
(pdftex.def)             Requested size: 119.24506pt x 74.32188pt.

Overfull \vbox (15.92448pt too high) detected at line 2178
 []

[91

 <./HZ-fig10-11a.pdf> <./HZ-fig10-11c.pdf> <./HZ-fig10-11b.pdf> <./HZ-fig10-11d
.pdf>]
<desk1.png, id=2743, 642.4pt x 481.8pt>
File: desk1.png Graphic file (type png)
<use desk1.png>
Package pdftex.def Info: desk1.png  used on input line 2195.
(pdftex.def)             Requested size: 144.54pt x 108.40031pt.
<desk2.png, id=2744, 642.4pt x 481.8pt>
File: desk2.png Graphic file (type png)
<use desk2.png>
Package pdftex.def Info: desk2.png  used on input line 2195.
(pdftex.def)             Requested size: 144.54pt x 108.40031pt.
 [92

 <./desk1.png (PNG copy)> <./desk2.png (PNG copy)>]
<desk1-sift.png, id=2771, 642.4pt x 481.8pt>
File: desk1-sift.png Graphic file (type png)
<use desk1-sift.png>
Package pdftex.def Info: desk1-sift.png  used on input line 2213.
(pdftex.def)             Requested size: 144.54pt x 108.40031pt.
<desk2-sift.png, id=2772, 642.4pt x 481.8pt>
File: desk2-sift.png Graphic file (type png)
<use desk2-sift.png>
Package pdftex.def Info: desk2-sift.png  used on input line 2213.
(pdftex.def)             Requested size: 144.54pt x 108.40031pt.
 [93

 <./desk1-sift.png> <./desk2-sift.png>]
<desk2-from1-corr.png, id=2801, 642.4pt x 481.8pt>
File: desk2-from1-corr.png Graphic file (type png)
<use desk2-from1-corr.png>
Package pdftex.def Info: desk2-from1-corr.png  used on input line 2228.
(pdftex.def)             Requested size: 144.54pt x 108.40031pt.
 [94

 <./desk2-from1-corr.png>]
<desk1_rect.png, id=2829, 655.44875pt x 475.7775pt>
File: desk1_rect.png Graphic file (type png)
<use desk1_rect.png>
Package pdftex.def Info: desk1_rect.png  used on input line 2250.
(pdftex.def)             Requested size: 130.08621pt x 94.42783pt.
<desk2_rect.png, id=2830, 899.36pt x 475.7775pt>
File: desk2_rect.png Graphic file (type png)
<use desk2_rect.png>
Package pdftex.def Info: desk2_rect.png  used on input line 2250.
(pdftex.def)             Requested size: 180.67499pt x 95.57487pt.
 [95

 <./desk1_rect.png> <./desk2_rect.png>] (./05-TwoView.toc) [96

] [97

]
<HZ-fig11-1a.pdf, id=2921, 479.7925pt x 309.155pt>
File: HZ-fig11-1a.pdf Graphic file (type pdf)
<use HZ-fig11-1a.pdf>
Package pdftex.def Info: HZ-fig11-1a.pdf  used on input line 2292.
(pdftex.def)             Requested size: 216.81pt x 139.7034pt.
 [98

 <./HZ-fig11-1a.pdf>]
<HZ-fig11-1b.pdf, id=2954, 598.235pt x 146.5475pt>
File: HZ-fig11-1b.pdf Graphic file (type pdf)
<use HZ-fig11-1b.pdf>
Package pdftex.def Info: HZ-fig11-1b.pdf  used on input line 2306.
(pdftex.def)             Requested size: 325.215pt x 79.66666pt.

[99

 <./HZ-fig11-1b.pdf>] [100

] [101

] [102

] [103

]
<HZ-fig11-2.pdf, id=3093, 479.7925pt x 309.155pt>
File: HZ-fig11-2.pdf Graphic file (type pdf)
<use HZ-fig11-2.pdf>
Package pdftex.def Info: HZ-fig11-2.pdf  used on input line 2448.
(pdftex.def)             Requested size: 216.81pt x 139.7034pt.

Overfull \vbox (9.11296pt too high) detected at line 2448
 []

[104

 <./HZ-fig11-2.pdf>] [105

]
<HZ-fig11-6.pdf, id=3155, 616.3025pt x 200.75pt>
File: HZ-fig11-6.pdf Graphic file (type pdf)
<use HZ-fig11-6.pdf>
Package pdftex.def Info: HZ-fig11-6.pdf  used on input line 2482.
(pdftex.def)             Requested size: 325.215pt x 105.93443pt.
 [106

 <./HZ-fig11-6.pdf>]
<HZ-fig11-7.pdf, id=3183, 529.98pt x 346.29375pt>
File: HZ-fig11-7.pdf Graphic file (type pdf)
<use HZ-fig11-7.pdf>
Package pdftex.def Info: HZ-fig11-7.pdf  used on input line 2496.
(pdftex.def)             Requested size: 216.81pt x 141.6643pt.
 [107

 <./HZ-fig11-7.pdf>] (./05-TwoView.toc) [108

] [109

]
\tf@nav=\write6
\openout6 = `05-TwoView.nav'.

\tf@toc=\write7
\openout7 = `05-TwoView.toc'.

\tf@snm=\write8
\openout8 = `05-TwoView.snm'.

Package atveryend Info: Empty hook `BeforeClearDocument' on input line 2527.
Package atveryend Info: Empty hook `AfterLastShipout' on input line 2527.
 (./05-TwoView.aux)
Package atveryend Info: Executing hook `AtVeryEndDocument' on input line 2527.
Package atveryend Info: Executing hook `AtEndAfterFileList' on input line 2527.

Package rerunfilecheck Info: File `05-TwoView.out' has not changed.
(rerunfilecheck)             Checksum: 00C3F6CCB4CE0904EBF6ADED3ADF441D;453.


LaTeX Font Warning: Some font shapes were not available, defaults substituted.

 ) 
Here is how much of TeX's memory you used:
 22114 strings out of 483183
 407750 string characters out of 5966293
 667942 words of memory out of 5000000
 36328 multiletter control sequences out of 15000+600000
 555119 words of font info for 109 fonts, out of 8000000 for 9000
 14 hyphenation exceptions out of 8191
 54i,16n,65p,777b,1062s stack positions out of 5000i,500n,10000p,200000b,80000s
 </home/mdailey/.texlive2019/texmf-var/fonts/pk/ljfour/jknappen/ec/tcss1095.6
00pk></usr/share/texlive/texmf-dist/fonts/type1/public/amsfonts/cm/cmex10.pfb><
/usr/share/texlive/texmf-dist/fonts/type1/public/amsfonts/cmextra/cmex9.pfb></u
sr/share/texlive/texmf-dist/fonts/type1/public/amsfonts/cm/cmmi10.pfb></usr/sha
re/texlive/texmf-dist/fonts/type1/public/amsfonts/cm/cmmi6.pfb></usr/share/texl
ive/texmf-dist/fonts/type1/public/amsfonts/cm/cmmi8.pfb></usr/share/texlive/tex
mf-dist/fonts/type1/public/amsfonts/cm/cmmi9.pfb></usr/share/texlive/texmf-dist
/fonts/type1/public/amsfonts/cm/cmss10.pfb></usr/share/texlive/texmf-dist/fonts
/type1/public/amsfonts/cm/cmss12.pfb></usr/share/texlive/texmf-dist/fonts/type1
/public/amsfonts/cm/cmss8.pfb></usr/share/texlive/texmf-dist/fonts/type1/public
/amsfonts/cm/cmss9.pfb></usr/share/texlive/texmf-dist/fonts/type1/public/amsfon
ts/cm/cmssbx10.pfb></usr/share/texlive/texmf-dist/fonts/type1/public/amsfonts/c
m/cmssi10.pfb></usr/share/texlive/texmf-dist/fonts/type1/public/amsfonts/cm/cms
si8.pfb></usr/share/texlive/texmf-dist/fonts/type1/public/amsfonts/cm/cmssi9.pf
b></usr/share/texlive/texmf-dist/fonts/type1/public/amsfonts/cm/cmsy10.pfb></us
r/share/texlive/texmf-dist/fonts/type1/public/amsfonts/cm/cmsy5.pfb></usr/share
/texlive/texmf-dist/fonts/type1/public/amsfonts/cm/cmsy6.pfb></usr/share/texliv
e/texmf-dist/fonts/type1/public/amsfonts/cm/cmsy7.pfb></usr/share/texlive/texmf
-dist/fonts/type1/public/amsfonts/cm/cmsy8.pfb></usr/share/texlive/texmf-dist/f
onts/type1/public/amsfonts/cm/cmsy9.pfb></usr/share/texlive/texmf-dist/fonts/ty
pe1/public/amsfonts/cm/cmtt10.pfb></usr/share/texlive/texmf-dist/fonts/type1/pu
blic/amsfonts/cm/cmtt12.pfb></usr/share/texlive/texmf-dist/fonts/type1/public/a
msfonts/cm/cmtt8.pfb></usr/share/texlive/texmf-dist/fonts/type1/public/amsfonts
/cm/cmtt9.pfb></usr/share/texlive/texmf-dist/fonts/type1/public/amsfonts/symbol
s/msbm10.pfb>
Output written on 05-TwoView.pdf (109 pages, 8512340 bytes).
PDF statistics:
 3418 PDF objects out of 3580 (max. 8388607)
 3111 compressed objects within 32 object streams
 227 named destinations out of 1000 (max. 500000)
 584 words of extra memory for PDF output out of 10000 (max. 10000000)

